<?xml version="1.0" encoding="utf-8"?>
<test-run id="2" testcasecount="10" result="Passed" total="10" passed="10" failed="0" inconclusive="0" skipped="0" asserts="0" engine-version="3.5.0.0" clr-version="4.0.30319.42000" start-time="2026-07-16 04:34:11Z" end-time="2026-07-16 04:34:15Z" duration="3.8472647">
  <test-suite type="TestSuite" id="1018" name="_unity-bootstrap" fullname="_unity-bootstrap" runstate="Runnable" testcasecount="10" result="Passed" start-time="2026-07-16 04:34:11Z" end-time="2026-07-16 04:34:15Z" duration="3.847265" total="10" passed="10" failed="0" inconclusive="0" skipped="0" asserts="0">
    <properties>
      <property name="platform" value="PlayMode" />
    </properties>
    <test-suite type="Assembly" id="1012" name="ToilRelic.PlayModeTests.dll" fullname="C:/Toil-Relic-main/unity/Library/ScriptAssemblies/ToilRelic.PlayModeTests.dll" runstate="Runnable" testcasecount="10" result="Passed" start-time="2026-07-16 04:34:11Z" end-time="2026-07-16 04:34:15Z" duration="3.830768" total="10" passed="10" failed="0" inconclusive="0" skipped="0" asserts="0">
      <properties>
        <property name="_PID" value="35344" />
        <property name="_APPDOMAIN" value="Unity Child Domain" />
        <property name="platform" value="PlayMode" />
        <property name="EditorOnly" value="False" />
      </properties>
      <test-suite type="TestSuite" id="1013" name="ToilRelic" fullname="ToilRelic" runstate="Runnable" testcasecount="10" result="Passed" start-time="2026-07-16 04:34:11Z" end-time="2026-07-16 04:34:15Z" duration="3.829500" total="10" passed="10" failed="0" inconclusive="0" skipped="0" asserts="0">
        <properties />
        <test-suite type="TestSuite" id="1014" name="PlayModeTests" fullname="ToilRelic.PlayModeTests" runstate="Runnable" testcasecount="10" result="Passed" start-time="2026-07-16 04:34:11Z" end-time="2026-07-16 04:34:15Z" duration="3.828691" total="10" passed="10" failed="0" inconclusive="0" skipped="0" asserts="0">
          <properties />
          <test-suite type="TestFixture" id="1001" name="SampleSceneP0PlayModeTests" fullname="ToilRelic.PlayModeTests.SampleSceneP0PlayModeTests" classname="ToilRelic.PlayModeTests.SampleSceneP0PlayModeTests" runstate="Runnable" testcasecount="10" result="Passed" start-time="2026-07-16 04:34:11Z" end-time="2026-07-16 04:34:15Z" duration="3.826339" total="10" passed="10" failed="0" inconclusive="0" skipped="0" asserts="0">
            <properties />
            <test-case id="1011" name="P0_BattleUiShowsStateAndDisablesActionsOutsidePlayerPhase" fullname="ToilRelic.PlayModeTests.SampleSceneP0PlayModeTests.P0_BattleUiShowsStateAndDisablesActionsOutsidePlayerPhase" methodname="P0_BattleUiShowsStateAndDisablesActionsOutsidePlayerPhase" classname="ToilRelic.PlayModeTests.SampleSceneP0PlayModeTests" runstate="Runnable" seed="1757174036" result="Passed" start-time="2026-07-16 04:34:11Z" end-time="2026-07-16 04:34:12Z" duration="0.803844" asserts="0">
              <properties>
                <property name="_JOINTYPE" value="UnityCombinatorial" />
                <property name="retryIteration" value="0" />
                <property name="repeatIteration" value="0" />
              </properties>
            </test-case>
            <test-case id="1006" name="P0_ButtonsBindAllCoreGameActions" fullname="ToilRelic.PlayModeTests.SampleSceneP0PlayModeTests.P0_ButtonsBindAllCoreGameActions" methodname="P0_ButtonsBindAllCoreGameActions" classname="ToilRelic.PlayModeTests.SampleSceneP0PlayModeTests" runstate="Runnable" seed="348688571" result="Passed" start-time="2026-07-16 04:34:12Z" end-time="2026-07-16 04:34:12Z" duration="0.332772" asserts="0">
              <properties>
                <property name="_JOINTYPE" value="UnityCombinatorial" />
                <property name="retryIteration" value="0" />
                <property name="repeatIteration" value="0" />
              </properties>
            </test-case>
            <test-case id="1005" name="P0_GameActionBridgeReferencesGameManager" fullname="ToilRelic.PlayModeTests.SampleSceneP0PlayModeTests.P0_GameActionBridgeReferencesGameManager" methodname="P0_GameActionBridgeReferencesGameManager" classname="ToilRelic.PlayModeTests.SampleSceneP0PlayModeTests" runstate="Runnable" seed="1297818904" result="Passed" start-time="2026-07-16 04:34:12Z" end-time="2026-07-16 04:34:13Z" duration="0.323524" asserts="0">
              <properties>
                <property name="_JOINTYPE" value="UnityCombinatorial" />
                <property name="retryIteration" value="0" />
                <property name="repeatIteration" value="0" />
              </properties>
            </test-case>
            <test-case id="1003" name="P0_GameManagerHasEnemyAndDropTable" fullname="ToilRelic.PlayModeTests.SampleSceneP0PlayModeTests.P0_GameManagerHasEnemyAndDropTable" methodname="P0_GameManagerHasEnemyAndDropTable" classname="ToilRelic.PlayModeTests.SampleSceneP0PlayModeTests" runstate="Runnable" seed="158937082" result="Passed" start-time="2026-07-16 04:34:13Z" end-time="2026-07-16 04:34:13Z" duration="0.299753" asserts="0">
              <properties>
                <property name="_JOINTYPE" value="UnityCombinatorial" />
                <property name="retryIteration" value="0" />
                <property name="repeatIteration" value="0" />
              </properties>
            </test-case>
            <test-case id="1009" name="P0_HudIsWiredAndDisplaysPlayerState" fullname="ToilRelic.PlayModeTests.SampleSceneP0PlayModeTests.P0_HudIsWiredAndDisplaysPlayerState" methodname="P0_HudIsWiredAndDisplaysPlayerState" classname="ToilRelic.PlayModeTests.SampleSceneP0PlayModeTests" runstate="Runnable" seed="857767989" result="Passed" start-time="2026-07-16 04:34:13Z" end-time="2026-07-16 04:34:13Z" duration="0.318403" asserts="0">
              <properties>
                <property name="_JOINTYPE" value="UnityCombinatorial" />
                <property name="retryIteration" value="0" />
                <property name="repeatIteration" value="0" />
              </properties>
            </test-case>
            <test-case id="1010" name="P0_HudRefreshesWhenPlayerStateChanges" fullname="ToilRelic.PlayModeTests.SampleSceneP0PlayModeTests.P0_HudRefreshesWhenPlayerStateChanges" methodname="P0_HudRefreshesWhenPlayerStateChanges" classname="ToilRelic.PlayModeTests.SampleSceneP0PlayModeTests" runstate="Runnable" seed="895605014" result="Passed" start-time="2026-07-16 04:34:13Z" end-time="2026-07-16 04:34:14Z" duration="0.303738" asserts="0">
              <properties>
                <property name="_JOINTYPE" value="UnityCombinatorial" />
                <property name="retryIteration" value="0" />
                <property name="repeatIteration" value="0" />
              </properties>
            </test-case>
            <test-case id="1008" name="P0_InitialEntryShowsTitleAndMatchesContinueAvailability" fullname="ToilRelic.PlayModeTests.SampleSceneP0PlayModeTests.P0_InitialEntryShowsTitleAndMatchesContinueAvailability" methodname="P0_InitialEntryShowsTitleAndMatchesContinueAvailability" classname="ToilRelic.PlayModeTests.SampleSceneP0PlayModeTests" runstate="Runnable" seed="1034684212" result="Passed" start-time="2026-07-16 04:34:14Z" end-time="2026-07-16 04:34:14Z" duration="0.353893" asserts="0">
              <properties>
                <property name="_JOINTYPE" value="UnityCombinatorial" />
                <property name="retryIteration" value="0" />
                <property name="repeatIteration" value="0" />
              </properties>
            </test-case>
            <test-case id="1002" name="P0_SceneHasGameManager" fullname="ToilRelic.PlayModeTests.SampleSceneP0PlayModeTests.P0_SceneHasGameManager" methodname="P0_SceneHasGameManager" classname="ToilRelic.PlayModeTests.SampleSceneP0PlayModeTests" runstate="Runnable" seed="1433047413" result="Passed" start-time="2026-07-16 04:34:14Z" end-time="2026-07-16 04:34:14Z" duration="0.328637" asserts="0">
              <properties>
                <property name="_JOINTYPE" value="UnityCombinatorial" />
                <property name="retryIteration" value="0" />
                <property name="repeatIteration" value="0" />
              </properties>
            </test-case>
            <test-case id="1004" name="P0_SceneHasUiActionBridge" fullname="ToilRelic.PlayModeTests.SampleSceneP0PlayModeTests.P0_SceneHasUiActionBridge" methodname="P0_SceneHasUiActionBridge" classname="ToilRelic.PlayModeTests.SampleSceneP0PlayModeTests" runstate="Runnable" seed="1617735642" result="Passed" start-time="2026-07-16 04:34:14Z" end-time="2026-07-16 04:34:15Z" duration="0.355589" asserts="0">
              <properties>
                <property name="_JOINTYPE" value="UnityCombinatorial" />
                <property name="retryIteration" value="0" />
                <property name="repeatIteration" value="0" />
              </properties>
            </test-case>
            <test-case id="1007" name="P0_TitleMenuBindsContinueAndNewGame" fullname="ToilRelic.PlayModeTests.SampleSceneP0PlayModeTests.P0_TitleMenuBindsContinueAndNewGame" methodname="P0_TitleMenuBindsContinueAndNewGame" classname="ToilRelic.PlayModeTests.SampleSceneP0PlayModeTests" runstate="Runnable" seed="302081498" result="Passed" start-time="2026-07-16 04:34:15Z" end-time="2026-07-16 04:34:15Z" duration="0.373745" asserts="0">
              <properties>
                <property name="_JOINTYPE" value="UnityCombinatorial" />
                <property name="retryIteration" value="0" />
                <property name="repeatIteration" value="0" />
              </properties>
              <output><![CDATA[Saving results to: C:/Users/User/AppData/LocalLow/DefaultCompany/_unity-bootstrap\TestResults.xml
]]></output>
            </test-case>
          </test-suite>
        </test-suite>
      </test-suite>
    </test-suite>
  </test-suite>
</test-run>