<?xml version="1.0" encoding="utf-8"?>
<test-run id="2" testcasecount="1" result="Passed" total="1" passed="1" failed="0" inconclusive="0" skipped="0" asserts="0" engine-version="3.5.0.0" clr-version="4.0.30319.42000" start-time="2026-08-04 06:46:01Z" end-time="2026-08-04 06:46:02Z" duration="0.9809671">
  <test-suite type="TestSuite" id="1000" name="_unity-bootstrap" fullname="_unity-bootstrap" runstate="Runnable" testcasecount="1" result="Passed" start-time="2026-08-04 06:46:01Z" end-time="2026-08-04 06:46:02Z" duration="0.980967" total="1" passed="1" failed="0" inconclusive="0" skipped="0" asserts="0">
    <properties>
      <property name="platform" value="EditMode" />
    </properties>
    <test-suite type="Assembly" id="1003" name="ToilRelic.EditModeTests.dll" fullname="C:/Users/User/AppData/Local/Temp/equipment-comparison-qa-4d808af120ed4b76891ee56fee8ddab5/unity/Library/ScriptAssemblies/ToilRelic.EditModeTests.dll" runstate="Runnable" testcasecount="1" result="Passed" start-time="2026-08-04 06:46:01Z" end-time="2026-08-04 06:46:02Z" duration="0.972868" total="1" passed="1" failed="0" inconclusive="0" skipped="0" asserts="0">
      <properties>
        <property name="_PID" value="29164" />
        <property name="_APPDOMAIN" value="Unity Child Domain" />
        <property name="platform" value="EditMode" />
        <property name="EditorOnly" value="True" />
      </properties>
      <test-suite type="TestSuite" id="1004" name="ToilRelic" fullname="ToilRelic" runstate="Runnable" testcasecount="1" result="Passed" start-time="2026-08-04 06:46:01Z" end-time="2026-08-04 06:46:02Z" duration="0.972315" total="1" passed="1" failed="0" inconclusive="0" skipped="0" asserts="0">
        <properties />
        <test-suite type="TestSuite" id="1005" name="EditModeTests" fullname="ToilRelic.EditModeTests" runstate="Runnable" testcasecount="1" result="Passed" start-time="2026-08-04 06:46:01Z" end-time="2026-08-04 06:46:02Z" duration="0.972033" total="1" passed="1" failed="0" inconclusive="0" skipped="0" asserts="0">
          <properties />
          <test-suite type="TestFixture" id="1001" name="ToilRelicSceneBootstrapEditModeTests" fullname="ToilRelic.EditModeTests.ToilRelicSceneBootstrapEditModeTests" classname="ToilRelic.EditModeTests.ToilRelicSceneBootstrapEditModeTests" runstate="Runnable" testcasecount="1" result="Passed" start-time="2026-08-04 06:46:01Z" end-time="2026-08-04 06:46:02Z" duration="0.970912" total="1" passed="1" failed="0" inconclusive="0" skipped="0" asserts="0">
            <properties />
            <test-case id="1002" name="BootstrapRegeneratesCommittedEquipmentContractInDisposableScene" fullname="ToilRelic.EditModeTests.ToilRelicSceneBootstrapEditModeTests.BootstrapRegeneratesCommittedEquipmentContractInDisposableScene" methodname="BootstrapRegeneratesCommittedEquipmentContractInDisposableScene" classname="ToilRelic.EditModeTests.ToilRelicSceneBootstrapEditModeTests" runstate="Runnable" seed="557966437" result="Passed" start-time="2026-08-04 06:46:01Z" end-time="2026-08-04 06:46:02Z" duration="0.952878" asserts="0">
              <properties>
                <property name="retryIteration" value="0" />
                <property name="repeatIteration" value="0" />
              </properties>
              <output><![CDATA[Saving results to: C:/Users/User/AppData/LocalLow/DefaultCompany/_unity-bootstrap\TestResults.xml
]]></output>
            </test-case>
          </test-suite>
        </test-suite>
      </test-suite>
    </test-suite>
  </test-suite>
</test-run>