<?xml version="1.0" encoding="utf-8"?>
<test-run id="2" testcasecount="43" result="Skipped:Ignored" total="43" passed="42" failed="0" inconclusive="0" skipped="1" asserts="0" engine-version="3.5.0.0" clr-version="4.0.30319.42000" start-time="2026-07-28 06:01:13Z" end-time="2026-07-28 06:01:26Z" duration="12.4577141">
  <test-suite type="TestSuite" id="1051" name="_unity-bootstrap" fullname="_unity-bootstrap" runstate="Runnable" testcasecount="43" result="Skipped" label="Ignored" start-time="2026-07-28 06:01:13Z" end-time="2026-07-28 06:01:26Z" duration="12.457714" total="43" passed="42" failed="0" inconclusive="0" skipped="1" asserts="0">
    <properties>
      <property name="platform" value="PlayMode" />
    </properties>
    <reason>
      <message><![CDATA[One or more child tests were ignored]]></message>
    </reason>
    <test-suite type="Assembly" id="1045" name="ToilRelic.PlayModeTests.dll" fullname="C:/Toil-Relic-main/unity/Library/ScriptAssemblies/ToilRelic.PlayModeTests.dll" runstate="Runnable" testcasecount="43" result="Skipped" label="Ignored" start-time="2026-07-28 06:01:13Z" end-time="2026-07-28 06:01:26Z" duration="12.450451" total="43" passed="42" failed="0" inconclusive="0" skipped="1" asserts="0">
      <properties>
        <property name="_PID" value="32128" />
        <property name="_APPDOMAIN" value="Unity Child Domain" />
        <property name="platform" value="PlayMode" />
        <property name="EditorOnly" value="False" />
      </properties>
      <reason>
        <message><![CDATA[One or more child tests were ignored]]></message>
      </reason>
      <test-suite type="TestSuite" id="1046" name="ToilRelic" fullname="ToilRelic" runstate="Runnable" testcasecount="43" result="Skipped" label="Ignored" start-time="2026-07-28 06:01:13Z" end-time="2026-07-28 06:01:26Z" duration="12.449499" total="43" passed="42" failed="0" inconclusive="0" skipped="1" asserts="0">
        <properties />
        <reason>
          <message><![CDATA[One or more child tests were ignored]]></message>
        </reason>
        <test-suite type="TestSuite" id="1047" name="PlayModeTests" fullname="ToilRelic.PlayModeTests" runstate="Runnable" testcasecount="43" result="Skipped" label="Ignored" start-time="2026-07-28 06:01:13Z" end-time="2026-07-28 06:01:26Z" duration="12.448920" total="43" passed="42" failed="0" inconclusive="0" skipped="1" asserts="0">
          <properties />
          <reason>
            <message><![CDATA[One or more child tests were ignored]]></message>
          </reason>
          <test-suite type="TestFixture" id="1001" name="SampleSceneP0PlayModeTests" fullname="ToilRelic.PlayModeTests.SampleSceneP0PlayModeTests" classname="ToilRelic.PlayModeTests.SampleSceneP0PlayModeTests" runstate="Runnable" testcasecount="43" result="Skipped" label="Ignored" start-time="2026-07-28 06:01:13Z" end-time="2026-07-28 06:01:26Z" duration="12.447128" total="43" passed="42" failed="0" inconclusive="0" skipped="1" asserts="0">
            <properties />
            <reason>
              <message><![CDATA[One or more child tests were ignored]]></message>
            </reason>
            <test-case id="1025" name="P0_AttackButtonKeepsDurableEnemyAndReturnsControl" fullname="ToilRelic.PlayModeTests.SampleSceneP0PlayModeTests.P0_AttackButtonKeepsDurableEnemyAndReturnsControl" methodname="P0_AttackButtonKeepsDurableEnemyAndReturnsControl" classname="ToilRelic.PlayModeTests.SampleSceneP0PlayModeTests" runstate="Runnable" seed="1174860963" result="Passed" start-time="2026-07-28 06:01:13Z" end-time="2026-07-28 06:01:16Z" duration="2.319615" asserts="0">
              <properties>
                <property name="_JOINTYPE" value="UnityCombinatorial" />
                <property name="Category" value="PlayModeActionContracts" />
                <property name="retryIteration" value="0" />
                <property name="repeatIteration" value="0" />
              </properties>
            </test-case>
            <test-case id="1012" name="P0_AuthenticVersionlessScoreSaveLoadsAndNormalizes" fullname="ToilRelic.PlayModeTests.SampleSceneP0PlayModeTests.P0_AuthenticVersionlessScoreSaveLoadsAndNormalizes" methodname="P0_AuthenticVersionlessScoreSaveLoadsAndNormalizes" classname="ToilRelic.PlayModeTests.SampleSceneP0PlayModeTests" runstate="Runnable" seed="2020698626" result="Passed" start-time="2026-07-28 06:01:16Z" end-time="2026-07-28 06:01:16Z" duration="0.375785" asserts="0">
              <properties>
                <property name="_JOINTYPE" value="UnityCombinatorial" />
                <property name="retryIteration" value="0" />
                <property name="repeatIteration" value="0" />
              </properties>
            </test-case>
            <test-case id="1030" name="P0_BattlePanelFitsBelowVisibleStatusAtWidescreenFloor" fullname="ToilRelic.PlayModeTests.SampleSceneP0PlayModeTests.P0_BattlePanelFitsBelowVisibleStatusAtWidescreenFloor" methodname="P0_BattlePanelFitsBelowVisibleStatusAtWidescreenFloor" classname="ToilRelic.PlayModeTests.SampleSceneP0PlayModeTests" runstate="Runnable" seed="1365685117" result="Passed" start-time="2026-07-28 06:01:16Z" end-time="2026-07-28 06:01:16Z" duration="0.179600" asserts="0">
              <properties>
                <property name="_JOINTYPE" value="UnityCombinatorial" />
                <property name="retryIteration" value="0" />
                <property name="repeatIteration" value="0" />
              </properties>
            </test-case>
            <test-case id="1038" name="P0_BattleUiShowsStateAndDisablesActionsOutsidePlayerPhase" fullname="ToilRelic.PlayModeTests.SampleSceneP0PlayModeTests.P0_BattleUiShowsStateAndDisablesActionsOutsidePlayerPhase" methodname="P0_BattleUiShowsStateAndDisablesActionsOutsidePlayerPhase" classname="ToilRelic.PlayModeTests.SampleSceneP0PlayModeTests" runstate="Runnable" seed="1865871305" result="Passed" start-time="2026-07-28 06:01:16Z" end-time="2026-07-28 06:01:16Z" duration="0.173027" asserts="0">
              <properties>
                <property name="_JOINTYPE" value="UnityCombinatorial" />
                <property name="retryIteration" value="0" />
                <property name="repeatIteration" value="0" />
              </properties>
            </test-case>
            <test-case id="1006" name="P0_ButtonsBindAllCoreGameActions" fullname="ToilRelic.PlayModeTests.SampleSceneP0PlayModeTests.P0_ButtonsBindAllCoreGameActions" methodname="P0_ButtonsBindAllCoreGameActions" classname="ToilRelic.PlayModeTests.SampleSceneP0PlayModeTests" runstate="Runnable" seed="1092894948" result="Passed" start-time="2026-07-28 06:01:16Z" end-time="2026-07-28 06:01:16Z" duration="0.169606" asserts="0">
              <properties>
                <property name="_JOINTYPE" value="UnityCombinatorial" />
                <property name="retryIteration" value="0" />
                <property name="repeatIteration" value="0" />
              </properties>
            </test-case>
            <test-case id="1034" name="P0_CampSaveSuccessPreservesActionMessage" fullname="ToilRelic.PlayModeTests.SampleSceneP0PlayModeTests.P0_CampSaveSuccessPreservesActionMessage" methodname="P0_CampSaveSuccessPreservesActionMessage" classname="ToilRelic.PlayModeTests.SampleSceneP0PlayModeTests" runstate="Runnable" seed="1581318135" result="Passed" start-time="2026-07-28 06:01:16Z" end-time="2026-07-28 06:01:17Z" duration="0.176266" asserts="0">
              <properties>
                <property name="_JOINTYPE" value="UnityCombinatorial" />
                <property name="retryIteration" value="0" />
                <property name="repeatIteration" value="0" />
              </properties>
            </test-case>
            <test-case id="1037" name="P0_CaptureLayoutEvidenceWhenRequested" fullname="ToilRelic.PlayModeTests.SampleSceneP0PlayModeTests.P0_CaptureLayoutEvidenceWhenRequested" methodname="P0_CaptureLayoutEvidenceWhenRequested" classname="ToilRelic.PlayModeTests.SampleSceneP0PlayModeTests" runstate="Runnable" seed="354257783" result="Skipped" label="Ignored" start-time="2026-07-28 06:01:17Z" end-time="2026-07-28 06:01:17Z" duration="0.183983" asserts="0">
              <properties>
                <property name="_JOINTYPE" value="UnityCombinatorial" />
                <property name="retryIteration" value="0" />
                <property name="repeatIteration" value="0" />
              </properties>
              <reason>
                <message><![CDATA[Set TOIL_RELIC_LAYOUT_EVIDENCE_DIR to capture viewport-specific layout evidence.]]></message>
              </reason>
            </test-case>
            <test-case id="1021" name="P0_CraftButtonConsumesExactCostAndPersistsReward" fullname="ToilRelic.PlayModeTests.SampleSceneP0PlayModeTests.P0_CraftButtonConsumesExactCostAndPersistsReward" methodname="P0_CraftButtonConsumesExactCostAndPersistsReward" classname="ToilRelic.PlayModeTests.SampleSceneP0PlayModeTests" runstate="Runnable" seed="878044884" result="Passed" start-time="2026-07-28 06:01:17Z" end-time="2026-07-28 06:01:17Z" duration="0.200337" asserts="0">
              <properties>
                <property name="_JOINTYPE" value="UnityCombinatorial" />
                <property name="Category" value="PlayModeActionContracts" />
                <property name="retryIteration" value="0" />
                <property name="repeatIteration" value="0" />
              </properties>
            </test-case>
            <test-case id="1022" name="P0_CraftButtonInsufficientMaterialsPersistsUnchangedState" fullname="ToilRelic.PlayModeTests.SampleSceneP0PlayModeTests.P0_CraftButtonInsufficientMaterialsPersistsUnchangedState" methodname="P0_CraftButtonInsufficientMaterialsPersistsUnchangedState" classname="ToilRelic.PlayModeTests.SampleSceneP0PlayModeTests" runstate="Runnable" seed="154883273" result="Passed" start-time="2026-07-28 06:01:17Z" end-time="2026-07-28 06:01:17Z" duration="0.181438" asserts="0">
              <properties>
                <property name="_JOINTYPE" value="UnityCombinatorial" />
                <property name="Category" value="PlayModeActionContracts" />
                <property name="retryIteration" value="0" />
                <property name="repeatIteration" value="0" />
              </properties>
            </test-case>
            <test-case id="1014" name="P0_CurrentSaveRejectsInvalidCorePlayerValues" fullname="ToilRelic.PlayModeTests.SampleSceneP0PlayModeTests.P0_CurrentSaveRejectsInvalidCorePlayerValues" methodname="P0_CurrentSaveRejectsInvalidCorePlayerValues" classname="ToilRelic.PlayModeTests.SampleSceneP0PlayModeTests" runstate="Runnable" seed="1834182874" result="Passed" start-time="2026-07-28 06:01:17Z" end-time="2026-07-28 06:01:17Z" duration="0.265375" asserts="0">
              <properties>
                <property name="_JOINTYPE" value="UnityCombinatorial" />
                <property name="retryIteration" value="0" />
                <property name="repeatIteration" value="0" />
              </properties>
            </test-case>
            <test-case id="1013" name="P0_CurrentSaveRequiresEveryStableCorePlayerField" fullname="ToilRelic.PlayModeTests.SampleSceneP0PlayModeTests.P0_CurrentSaveRequiresEveryStableCorePlayerField" methodname="P0_CurrentSaveRequiresEveryStableCorePlayerField" classname="ToilRelic.PlayModeTests.SampleSceneP0PlayModeTests" runstate="Runnable" seed="338561786" result="Passed" start-time="2026-07-28 06:01:17Z" end-time="2026-07-28 06:01:18Z" duration="0.224208" asserts="0">
              <properties>
                <property name="_JOINTYPE" value="UnityCombinatorial" />
                <property name="retryIteration" value="0" />
                <property name="repeatIteration" value="0" />
              </properties>
            </test-case>
            <test-case id="1043" name="P0_DefeatReturnsToCampWithVisibleOutcome" fullname="ToilRelic.PlayModeTests.SampleSceneP0PlayModeTests.P0_DefeatReturnsToCampWithVisibleOutcome" methodname="P0_DefeatReturnsToCampWithVisibleOutcome" classname="ToilRelic.PlayModeTests.SampleSceneP0PlayModeTests" runstate="Runnable" seed="1893245336" result="Passed" start-time="2026-07-28 06:01:18Z" end-time="2026-07-28 06:01:18Z" duration="0.166694" asserts="0">
              <properties>
                <property name="_JOINTYPE" value="UnityCombinatorial" />
                <property name="retryIteration" value="0" />
                <property name="repeatIteration" value="0" />
              </properties>
            </test-case>
            <test-case id="1042" name="P0_EquipSaveFailureRemainsVisible" fullname="ToilRelic.PlayModeTests.SampleSceneP0PlayModeTests.P0_EquipSaveFailureRemainsVisible" methodname="P0_EquipSaveFailureRemainsVisible" classname="ToilRelic.PlayModeTests.SampleSceneP0PlayModeTests" runstate="Runnable" seed="67886067" result="Passed" start-time="2026-07-28 06:01:18Z" end-time="2026-07-28 06:01:18Z" duration="0.185121" asserts="0">
              <properties>
                <property name="_JOINTYPE" value="UnityCombinatorial" />
                <property name="retryIteration" value="0" />
                <property name="repeatIteration" value="0" />
              </properties>
              <output><![CDATA[Save write failed. System.IO.DirectoryNotFoundException: Could not find a part of the path "C:\Users\User\AppData\Local\Temp\DefaultCompany\_unity-bootstrap\108081fd-0e00-4b43-a0da-195ff1b89d98\toil_relic_save.json".
  at System.IO.FileStream..ctor (System.String path, System.IO.FileMode mode, System.IO.FileAccess access, System.IO.FileShare share, System.Int32 bufferSize, System.Boolean anonymous, System.IO.FileOptions options) [0x00164] in <41d29b352f6a475ab1bf7c6628b82790>:0
  at System.IO.FileStream..ctor (System.String path, System.IO.FileMode mode, System.IO.FileAccess access, System.IO.FileShare share, System.Int32 bufferSize, System.IO.FileOptions options) [0x00000] in <41d29b352f6a475ab1bf7c6628b82790>:0
  at (wrapper remoting-invoke-with-check) System.IO.FileStream..ctor(string,System.IO.FileMode,System.IO.FileAccess,System.IO.FileShare,int,System.IO.FileOptions)
  at System.IO.StreamWriter..ctor (System.String path, System.Boolean append, System.Text.Encoding encoding, System.Int32 bufferSize) [0x00055] in <41d29b352f6a475ab1bf7c6628b82790>:0
  at System.IO.StreamWriter..ctor (System.String path) [0x00008] in <41d29b352f6a475ab1bf7c6628b82790>:0
  at (wrapper remoting-invoke-with-check) System.IO.StreamWriter..ctor(string)
  at System.IO.File.WriteAllText (System.String path, System.String contents) [0x00026] in <41d29b352f6a475ab1bf7c6628b82790>:0
  at ToilRelic.Unity.Save.SaveService.Save (ToilRelic.Unity.Core.PlayerState player) [0x0001a] in C:\Toil-Relic-main\unity\Assets\Scripts\Save\SaveService.cs:78
]]></output>
            </test-case>
            <test-case id="1026" name="P0_FleeButtonFailureKeepsEncounterAndReturnsControl" fullname="ToilRelic.PlayModeTests.SampleSceneP0PlayModeTests.P0_FleeButtonFailureKeepsEncounterAndReturnsControl" methodname="P0_FleeButtonFailureKeepsEncounterAndReturnsControl" classname="ToilRelic.PlayModeTests.SampleSceneP0PlayModeTests" runstate="Runnable" seed="1963053210" result="Passed" start-time="2026-07-28 06:01:18Z" end-time="2026-07-28 06:01:18Z" duration="0.190912" asserts="0">
              <properties>
                <property name="_JOINTYPE" value="UnityCombinatorial" />
                <property name="Category" value="PlayModeActionContracts" />
                <property name="retryIteration" value="0" />
                <property name="repeatIteration" value="0" />
              </properties>
            </test-case>
            <test-case id="1005" name="P0_GameActionBridgeReferencesGameManager" fullname="ToilRelic.PlayModeTests.SampleSceneP0PlayModeTests.P0_GameActionBridgeReferencesGameManager" methodname="P0_GameActionBridgeReferencesGameManager" classname="ToilRelic.PlayModeTests.SampleSceneP0PlayModeTests" runstate="Runnable" seed="1096019264" result="Passed" start-time="2026-07-28 06:01:18Z" end-time="2026-07-28 06:01:18Z" duration="0.188458" asserts="0">
              <properties>
                <property name="_JOINTYPE" value="UnityCombinatorial" />
                <property name="retryIteration" value="0" />
                <property name="repeatIteration" value="0" />
              </properties>
            </test-case>
            <test-case id="1003" name="P0_GameManagerHasEnemyAndDropTable" fullname="ToilRelic.PlayModeTests.SampleSceneP0PlayModeTests.P0_GameManagerHasEnemyAndDropTable" methodname="P0_GameManagerHasEnemyAndDropTable" classname="ToilRelic.PlayModeTests.SampleSceneP0PlayModeTests" runstate="Runnable" seed="351991111" result="Passed" start-time="2026-07-28 06:01:18Z" end-time="2026-07-28 06:01:19Z" duration="0.180455" asserts="0">
              <properties>
                <property name="_JOINTYPE" value="UnityCombinatorial" />
                <property name="retryIteration" value="0" />
                <property name="repeatIteration" value="0" />
              </properties>
            </test-case>
            <test-case id="1032" name="P0_HudAndStatusMeetCompactTypographyContracts" fullname="ToilRelic.PlayModeTests.SampleSceneP0PlayModeTests.P0_HudAndStatusMeetCompactTypographyContracts" methodname="P0_HudAndStatusMeetCompactTypographyContracts" classname="ToilRelic.PlayModeTests.SampleSceneP0PlayModeTests" runstate="Runnable" seed="315374420" result="Passed" start-time="2026-07-28 06:01:19Z" end-time="2026-07-28 06:01:19Z" duration="0.176700" asserts="0">
              <properties>
                <property name="_JOINTYPE" value="UnityCombinatorial" />
                <property name="retryIteration" value="0" />
                <property name="repeatIteration" value="0" />
              </properties>
            </test-case>
            <test-case id="1027" name="P0_HudIsWiredAndDisplaysPlayerState" fullname="ToilRelic.PlayModeTests.SampleSceneP0PlayModeTests.P0_HudIsWiredAndDisplaysPlayerState" methodname="P0_HudIsWiredAndDisplaysPlayerState" classname="ToilRelic.PlayModeTests.SampleSceneP0PlayModeTests" runstate="Runnable" seed="505213357" result="Passed" start-time="2026-07-28 06:01:19Z" end-time="2026-07-28 06:01:19Z" duration="0.169761" asserts="0">
              <properties>
                <property name="_JOINTYPE" value="UnityCombinatorial" />
                <property name="retryIteration" value="0" />
                <property name="repeatIteration" value="0" />
              </properties>
            </test-case>
            <test-case id="1028" name="P0_HudRefreshesWhenPlayerStateChanges" fullname="ToilRelic.PlayModeTests.SampleSceneP0PlayModeTests.P0_HudRefreshesWhenPlayerStateChanges" methodname="P0_HudRefreshesWhenPlayerStateChanges" classname="ToilRelic.PlayModeTests.SampleSceneP0PlayModeTests" runstate="Runnable" seed="213634002" result="Passed" start-time="2026-07-28 06:01:19Z" end-time="2026-07-28 06:01:19Z" duration="0.168697" asserts="0">
              <properties>
                <property name="_JOINTYPE" value="UnityCombinatorial" />
                <property name="retryIteration" value="0" />
                <property name="repeatIteration" value="0" />
              </properties>
            </test-case>
            <test-case id="1008" name="P0_InitialEntryShowsTitleAndMatchesContinueAvailability" fullname="ToilRelic.PlayModeTests.SampleSceneP0PlayModeTests.P0_InitialEntryShowsTitleAndMatchesContinueAvailability" methodname="P0_InitialEntryShowsTitleAndMatchesContinueAvailability" classname="ToilRelic.PlayModeTests.SampleSceneP0PlayModeTests" runstate="Runnable" seed="921329073" result="Passed" start-time="2026-07-28 06:01:19Z" end-time="2026-07-28 06:01:19Z" duration="0.164348" asserts="0">
              <properties>
                <property name="_JOINTYPE" value="UnityCombinatorial" />
                <property name="retryIteration" value="0" />
                <property name="repeatIteration" value="0" />
              </properties>
            </test-case>
            <test-case id="1010" name="P0_LegacySaveWithoutEquipmentFieldsLoadsAndNormalizes" fullname="ToilRelic.PlayModeTests.SampleSceneP0PlayModeTests.P0_LegacySaveWithoutEquipmentFieldsLoadsAndNormalizes" methodname="P0_LegacySaveWithoutEquipmentFieldsLoadsAndNormalizes" classname="ToilRelic.PlayModeTests.SampleSceneP0PlayModeTests" runstate="Runnable" seed="1127204601" result="Passed" start-time="2026-07-28 06:01:19Z" end-time="2026-07-28 06:01:20Z" duration="0.335347" asserts="0">
              <properties>
                <property name="_JOINTYPE" value="UnityCombinatorial" />
                <property name="retryIteration" value="0" />
                <property name="repeatIteration" value="0" />
              </properties>
            </test-case>
            <test-case id="1020" name="P0_NewGameButtonReplacesValidFixtureSave" fullname="ToilRelic.PlayModeTests.SampleSceneP0PlayModeTests.P0_NewGameButtonReplacesValidFixtureSave" methodname="P0_NewGameButtonReplacesValidFixtureSave" classname="ToilRelic.PlayModeTests.SampleSceneP0PlayModeTests" runstate="Runnable" seed="813637144" result="Passed" start-time="2026-07-28 06:01:20Z" end-time="2026-07-28 06:01:20Z" duration="0.346199" asserts="0">
              <properties>
                <property name="_JOINTYPE" value="UnityCombinatorial" />
                <property name="Category" value="PlayModeActionContracts" />
                <property name="retryIteration" value="0" />
                <property name="repeatIteration" value="0" />
              </properties>
            </test-case>
            <test-case id="1015" name="P0_PartialCurrentSaveDisablesContinueWithoutChangingBytes" fullname="ToilRelic.PlayModeTests.SampleSceneP0PlayModeTests.P0_PartialCurrentSaveDisablesContinueWithoutChangingBytes" methodname="P0_PartialCurrentSaveDisablesContinueWithoutChangingBytes" classname="ToilRelic.PlayModeTests.SampleSceneP0PlayModeTests" runstate="Runnable" seed="291028693" result="Passed" start-time="2026-07-28 06:01:20Z" end-time="2026-07-28 06:01:20Z" duration="0.342255" asserts="0">
              <properties>
                <property name="_JOINTYPE" value="UnityCombinatorial" />
                <property name="retryIteration" value="0" />
                <property name="repeatIteration" value="0" />
              </properties>
              <output><![CDATA[Save load failed. The save did not contain all required player fields.
]]></output>
            </test-case>
            <test-case id="1024" name="P0_PotionButtonAtFullHpPreservesPotionAndControl" fullname="ToilRelic.PlayModeTests.SampleSceneP0PlayModeTests.P0_PotionButtonAtFullHpPreservesPotionAndControl" methodname="P0_PotionButtonAtFullHpPreservesPotionAndControl" classname="ToilRelic.PlayModeTests.SampleSceneP0PlayModeTests" runstate="Runnable" seed="364799584" result="Passed" start-time="2026-07-28 06:01:20Z" end-time="2026-07-28 06:01:20Z" duration="0.177308" asserts="0">
              <properties>
                <property name="_JOINTYPE" value="UnityCombinatorial" />
                <property name="Category" value="PlayModeActionContracts" />
                <property name="retryIteration" value="0" />
                <property name="repeatIteration" value="0" />
              </properties>
            </test-case>
            <test-case id="1023" name="P0_PotionButtonConsumesPotionAndCompletesEnemyResponse" fullname="ToilRelic.PlayModeTests.SampleSceneP0PlayModeTests.P0_PotionButtonConsumesPotionAndCompletesEnemyResponse" methodname="P0_PotionButtonConsumesPotionAndCompletesEnemyResponse" classname="ToilRelic.PlayModeTests.SampleSceneP0PlayModeTests" runstate="Runnable" seed="431020060" result="Passed" start-time="2026-07-28 06:01:20Z" end-time="2026-07-28 06:01:21Z" duration="0.196244" asserts="0">
              <properties>
                <property name="_JOINTYPE" value="UnityCombinatorial" />
                <property name="Category" value="PlayModeActionContracts" />
                <property name="retryIteration" value="0" />
                <property name="repeatIteration" value="0" />
              </properties>
            </test-case>
            <test-case id="1019" name="P0_ReplacementFailureKeepsUnreadableTitleState" fullname="ToilRelic.PlayModeTests.SampleSceneP0PlayModeTests.P0_ReplacementFailureKeepsUnreadableTitleState" methodname="P0_ReplacementFailureKeepsUnreadableTitleState" classname="ToilRelic.PlayModeTests.SampleSceneP0PlayModeTests" runstate="Runnable" seed="1305509925" result="Passed" start-time="2026-07-28 06:01:21Z" end-time="2026-07-28 06:01:21Z" duration="0.433855" asserts="0">
              <properties>
                <property name="_JOINTYPE" value="UnityCombinatorial" />
                <property name="retryIteration" value="0" />
                <property name="repeatIteration" value="0" />
              </properties>
              <output><![CDATA[Save load failed. System.IO.IOException: Sharing violation on path C:\Users\User\AppData\Local\Temp\toil-relic-unity-tests-cc901218d6c44722bd10e213db67c98c\toil_relic_save.json
  at System.IO.FileStream..ctor (System.String path, System.IO.FileMode mode, System.IO.FileAccess access, System.IO.FileShare share, System.Int32 bufferSize, System.Boolean anonymous, System.IO.FileOptions options) [0x0019e] in <41d29b352f6a475ab1bf7c6628b82790>:0
  at System.IO.FileStream..ctor (System.String path, System.IO.FileMode mode, System.IO.FileAccess access, System.IO.FileShare share, System.Int32 bufferSize, System.IO.FileOptions options) [0x00000] in <41d29b352f6a475ab1bf7c6628b82790>:0
  at (wrapper remoting-invoke-with-check) System.IO.FileStream..ctor(string,System.IO.FileMode,System.IO.FileAccess,System.IO.FileShare,int,System.IO.FileOptions)
  at System.IO.StreamReader..ctor (System.String path, System.Text.Encoding encoding, System.Boolean detectEncodingFromByteOrderMarks, System.Int32 bufferSize) [0x00055] in <41d29b352f6a475ab1bf7c6628b82790>:0
  at System.IO.StreamReader..ctor (System.String path, System.Text.Encoding encoding, System.Boolean detectEncodingFromByteOrderMarks) [0x00000] in <41d29b352f6a475ab1bf7c6628b82790>:0
  at (wrapper remoting-invoke-with-check) System.IO.StreamReader..ctor(string,System.Text.Encoding,bool)
  at System.IO.File.InternalReadAllText (System.String path, System.Text.Encoding encoding) [0x00000] in <41d29b352f6a475ab1bf7c6628b82790>:0
  at System.IO.File.ReadAllText (System.String path) [0x0002c] in <41d29b352f6a475ab1bf7c6628b82790>:0
  at ToilRelic.Unity.Save.SaveService.Load () [0x00000] in C:\Toil-Relic-main\unity\Assets\Scripts\Save\SaveService.cs:91
Save delete failed. System.IO.IOException: The process cannot access the file 'C:\Users\User\AppData\Local\Temp\toil-relic-unity-tests-cc901218d6c44722bd10e213db67c98c\toil_relic_save.json' because it is being used by another process.
  at System.IO.FileSystem.DeleteFile (System.String fullPath) [0x0001a] in <41d29b352f6a475ab1bf7c6628b82790>:0
  at System.IO.File.Delete (System.String path) [0x00014] in <41d29b352f6a475ab1bf7c6628b82790>:0
  at ToilRelic.Unity.Save.SaveService.Delete () [0x00000] in C:\Toil-Relic-main\unity\Assets\Scripts\Save\SaveService.cs:63
]]></output>
            </test-case>
            <test-case id="1041" name="P0_RestSaveFailureRemainsVisible" fullname="ToilRelic.PlayModeTests.SampleSceneP0PlayModeTests.P0_RestSaveFailureRemainsVisible" methodname="P0_RestSaveFailureRemainsVisible" classname="ToilRelic.PlayModeTests.SampleSceneP0PlayModeTests" runstate="Runnable" seed="333762346" result="Passed" start-time="2026-07-28 06:01:21Z" end-time="2026-07-28 06:01:21Z" duration="0.190809" asserts="0">
              <properties>
                <property name="_JOINTYPE" value="UnityCombinatorial" />
                <property name="retryIteration" value="0" />
                <property name="repeatIteration" value="0" />
              </properties>
              <output><![CDATA[Save write failed. System.IO.DirectoryNotFoundException: Could not find a part of the path "C:\Users\User\AppData\Local\Temp\DefaultCompany\_unity-bootstrap\6335f606-ec82-4305-a319-42f80db84a15\toil_relic_save.json".
  at System.IO.FileStream..ctor (System.String path, System.IO.FileMode mode, System.IO.FileAccess access, System.IO.FileShare share, System.Int32 bufferSize, System.Boolean anonymous, System.IO.FileOptions options) [0x00164] in <41d29b352f6a475ab1bf7c6628b82790>:0
  at System.IO.FileStream..ctor (System.String path, System.IO.FileMode mode, System.IO.FileAccess access, System.IO.FileShare share, System.Int32 bufferSize, System.IO.FileOptions options) [0x00000] in <41d29b352f6a475ab1bf7c6628b82790>:0
  at (wrapper remoting-invoke-with-check) System.IO.FileStream..ctor(string,System.IO.FileMode,System.IO.FileAccess,System.IO.FileShare,int,System.IO.FileOptions)
  at System.IO.StreamWriter..ctor (System.String path, System.Boolean append, System.Text.Encoding encoding, System.Int32 bufferSize) [0x00055] in <41d29b352f6a475ab1bf7c6628b82790>:0
  at System.IO.StreamWriter..ctor (System.String path) [0x00008] in <41d29b352f6a475ab1bf7c6628b82790>:0
  at (wrapper remoting-invoke-with-check) System.IO.StreamWriter..ctor(string)
  at System.IO.File.WriteAllText (System.String path, System.String contents) [0x00026] in <41d29b352f6a475ab1bf7c6628b82790>:0
  at ToilRelic.Unity.Save.SaveService.Save (ToilRelic.Unity.Core.PlayerState player) [0x0001a] in C:\Toil-Relic-main\unity\Assets\Scripts\Save\SaveService.cs:78
]]></output>
            </test-case>
            <test-case id="1040" name="P0_SaveFailurePreservesTerminalOutcome" fullname="ToilRelic.PlayModeTests.SampleSceneP0PlayModeTests.P0_SaveFailurePreservesTerminalOutcome" methodname="P0_SaveFailurePreservesTerminalOutcome" classname="ToilRelic.PlayModeTests.SampleSceneP0PlayModeTests" runstate="Runnable" seed="202695568" result="Passed" start-time="2026-07-28 06:01:21Z" end-time="2026-07-28 06:01:22Z" duration="0.226314" asserts="0">
              <properties>
                <property name="_JOINTYPE" value="UnityCombinatorial" />
                <property name="retryIteration" value="0" />
                <property name="repeatIteration" value="0" />
              </properties>
              <output><![CDATA[Save write failed. System.IO.DirectoryNotFoundException: Could not find a part of the path "C:\Users\User\AppData\Local\Temp\DefaultCompany\_unity-bootstrap\eee5da52-9aa6-4070-9970-26ff2ef6bb7d\toil_relic_save.json".
  at System.IO.FileStream..ctor (System.String path, System.IO.FileMode mode, System.IO.FileAccess access, System.IO.FileShare share, System.Int32 bufferSize, System.Boolean anonymous, System.IO.FileOptions options) [0x00164] in <41d29b352f6a475ab1bf7c6628b82790>:0
  at System.IO.FileStream..ctor (System.String path, System.IO.FileMode mode, System.IO.FileAccess access, System.IO.FileShare share, System.Int32 bufferSize, System.IO.FileOptions options) [0x00000] in <41d29b352f6a475ab1bf7c6628b82790>:0
  at (wrapper remoting-invoke-with-check) System.IO.FileStream..ctor(string,System.IO.FileMode,System.IO.FileAccess,System.IO.FileShare,int,System.IO.FileOptions)
  at System.IO.StreamWriter..ctor (System.String path, System.Boolean append, System.Text.Encoding encoding, System.Int32 bufferSize) [0x00055] in <41d29b352f6a475ab1bf7c6628b82790>:0
  at System.IO.StreamWriter..ctor (System.String path) [0x00008] in <41d29b352f6a475ab1bf7c6628b82790>:0
  at (wrapper remoting-invoke-with-check) System.IO.StreamWriter..ctor(string)
  at System.IO.File.WriteAllText (System.String path, System.String contents) [0x00026] in <41d29b352f6a475ab1bf7c6628b82790>:0
  at ToilRelic.Unity.Save.SaveService.Save (ToilRelic.Unity.Core.PlayerState player) [0x0001a] in C:\Toil-Relic-main\unity\Assets\Scripts\Save\SaveService.cs:78
]]></output>
            </test-case>
            <test-case id="1035" name="P0_SaveFeedbackPersistsFailureAndClearsContextualSuccess" fullname="ToilRelic.PlayModeTests.SampleSceneP0PlayModeTests.P0_SaveFeedbackPersistsFailureAndClearsContextualSuccess" methodname="P0_SaveFeedbackPersistsFailureAndClearsContextualSuccess" classname="ToilRelic.PlayModeTests.SampleSceneP0PlayModeTests" runstate="Runnable" seed="1897160573" result="Passed" start-time="2026-07-28 06:01:22Z" end-time="2026-07-28 06:01:22Z" duration="0.223488" asserts="0">
              <properties>
                <property name="_JOINTYPE" value="UnityCombinatorial" />
                <property name="retryIteration" value="0" />
                <property name="repeatIteration" value="0" />
              </properties>
            </test-case>
            <test-case id="1002" name="P0_SceneHasGameManager" fullname="ToilRelic.PlayModeTests.SampleSceneP0PlayModeTests.P0_SceneHasGameManager" methodname="P0_SceneHasGameManager" classname="ToilRelic.PlayModeTests.SampleSceneP0PlayModeTests" runstate="Runnable" seed="2051903308" result="Passed" start-time="2026-07-28 06:01:22Z" end-time="2026-07-28 06:01:22Z" duration="0.210770" asserts="0">
              <properties>
                <property name="_JOINTYPE" value="UnityCombinatorial" />
                <property name="retryIteration" value="0" />
                <property name="repeatIteration" value="0" />
              </properties>
            </test-case>
            <test-case id="1004" name="P0_SceneHasUiActionBridge" fullname="ToilRelic.PlayModeTests.SampleSceneP0PlayModeTests.P0_SceneHasUiActionBridge" methodname="P0_SceneHasUiActionBridge" classname="ToilRelic.PlayModeTests.SampleSceneP0PlayModeTests" runstate="Runnable" seed="1463412509" result="Passed" start-time="2026-07-28 06:01:22Z" end-time="2026-07-28 06:01:22Z" duration="0.206130" asserts="0">
              <properties>
                <property name="_JOINTYPE" value="UnityCombinatorial" />
                <property name="retryIteration" value="0" />
                <property name="repeatIteration" value="0" />
              </properties>
            </test-case>
            <test-case id="1033" name="P0_StatusFitsThreeLogicalMessagesAtReadableSize" fullname="ToilRelic.PlayModeTests.SampleSceneP0PlayModeTests.P0_StatusFitsThreeLogicalMessagesAtReadableSize" methodname="P0_StatusFitsThreeLogicalMessagesAtReadableSize" classname="ToilRelic.PlayModeTests.SampleSceneP0PlayModeTests" runstate="Runnable" seed="1058438607" result="Passed" start-time="2026-07-28 06:01:22Z" end-time="2026-07-28 06:01:22Z" duration="0.199939" asserts="0">
              <properties>
                <property name="_JOINTYPE" value="UnityCombinatorial" />
                <property name="retryIteration" value="0" />
                <property name="repeatIteration" value="0" />
              </properties>
            </test-case>
            <test-case id="1017" name="P0_StructurallyInvalidSaveDisablesContinueWithoutChangingBytes" fullname="ToilRelic.PlayModeTests.SampleSceneP0PlayModeTests.P0_StructurallyInvalidSaveDisablesContinueWithoutChangingBytes" methodname="P0_StructurallyInvalidSaveDisablesContinueWithoutChangingBytes" classname="ToilRelic.PlayModeTests.SampleSceneP0PlayModeTests" runstate="Runnable" seed="2013341504" result="Passed" start-time="2026-07-28 06:01:22Z" end-time="2026-07-28 06:01:23Z" duration="0.390074" asserts="0">
              <properties>
                <property name="_JOINTYPE" value="UnityCombinatorial" />
                <property name="retryIteration" value="0" />
                <property name="repeatIteration" value="0" />
              </properties>
              <output><![CDATA[Save load failed. The save did not contain all required player fields.
]]></output>
            </test-case>
            <test-case id="1044" name="P0_SuccessfulFleeReturnsToCampWithVisibleOutcome" fullname="ToilRelic.PlayModeTests.SampleSceneP0PlayModeTests.P0_SuccessfulFleeReturnsToCampWithVisibleOutcome" methodname="P0_SuccessfulFleeReturnsToCampWithVisibleOutcome" classname="ToilRelic.PlayModeTests.SampleSceneP0PlayModeTests" runstate="Runnable" seed="886286115" result="Passed" start-time="2026-07-28 06:01:23Z" end-time="2026-07-28 06:01:23Z" duration="0.197846" asserts="0">
              <properties>
                <property name="_JOINTYPE" value="UnityCombinatorial" />
                <property name="retryIteration" value="0" />
                <property name="repeatIteration" value="0" />
              </properties>
            </test-case>
            <test-case id="1036" name="P0_TerminalFailurePreservesOutcomeAndLevelUp" fullname="ToilRelic.PlayModeTests.SampleSceneP0PlayModeTests.P0_TerminalFailurePreservesOutcomeAndLevelUp" methodname="P0_TerminalFailurePreservesOutcomeAndLevelUp" classname="ToilRelic.PlayModeTests.SampleSceneP0PlayModeTests" runstate="Runnable" seed="935374145" result="Passed" start-time="2026-07-28 06:01:23Z" end-time="2026-07-28 06:01:23Z" duration="0.207443" asserts="0">
              <properties>
                <property name="_JOINTYPE" value="UnityCombinatorial" />
                <property name="retryIteration" value="0" />
                <property name="repeatIteration" value="0" />
              </properties>
            </test-case>
            <test-case id="1031" name="P0_TitleAndCampButtonsKeepAccessibleGeometry" fullname="ToilRelic.PlayModeTests.SampleSceneP0PlayModeTests.P0_TitleAndCampButtonsKeepAccessibleGeometry" methodname="P0_TitleAndCampButtonsKeepAccessibleGeometry" classname="ToilRelic.PlayModeTests.SampleSceneP0PlayModeTests" runstate="Runnable" seed="1803430491" result="Passed" start-time="2026-07-28 06:01:23Z" end-time="2026-07-28 06:01:23Z" duration="0.213594" asserts="0">
              <properties>
                <property name="_JOINTYPE" value="UnityCombinatorial" />
                <property name="retryIteration" value="0" />
                <property name="repeatIteration" value="0" />
              </properties>
            </test-case>
            <test-case id="1029" name="P0_TitleAndCampLayoutsFitBelowTopRegionsAtWidescreenFloor" fullname="ToilRelic.PlayModeTests.SampleSceneP0PlayModeTests.P0_TitleAndCampLayoutsFitBelowTopRegionsAtWidescreenFloor" methodname="P0_TitleAndCampLayoutsFitBelowTopRegionsAtWidescreenFloor" classname="ToilRelic.PlayModeTests.SampleSceneP0PlayModeTests" runstate="Runnable" seed="2095056689" result="Passed" start-time="2026-07-28 06:01:23Z" end-time="2026-07-28 06:01:24Z" duration="0.207539" asserts="0">
              <properties>
                <property name="_JOINTYPE" value="UnityCombinatorial" />
                <property name="retryIteration" value="0" />
                <property name="repeatIteration" value="0" />
              </properties>
            </test-case>
            <test-case id="1007" name="P0_TitleMenuBindsContinueAndNewGame" fullname="ToilRelic.PlayModeTests.SampleSceneP0PlayModeTests.P0_TitleMenuBindsContinueAndNewGame" methodname="P0_TitleMenuBindsContinueAndNewGame" classname="ToilRelic.PlayModeTests.SampleSceneP0PlayModeTests" runstate="Runnable" seed="1841466391" result="Passed" start-time="2026-07-28 06:01:24Z" end-time="2026-07-28 06:01:24Z" duration="0.206334" asserts="0">
              <properties>
                <property name="_JOINTYPE" value="UnityCombinatorial" />
                <property name="retryIteration" value="0" />
                <property name="repeatIteration" value="0" />
              </properties>
            </test-case>
            <test-case id="1016" name="P0_UnreadableSaveDisablesContinueWithoutChangingBytes" fullname="ToilRelic.PlayModeTests.SampleSceneP0PlayModeTests.P0_UnreadableSaveDisablesContinueWithoutChangingBytes" methodname="P0_UnreadableSaveDisablesContinueWithoutChangingBytes" classname="ToilRelic.PlayModeTests.SampleSceneP0PlayModeTests" runstate="Runnable" seed="1399434450" result="Passed" start-time="2026-07-28 06:01:24Z" end-time="2026-07-28 06:01:24Z" duration="0.395119" asserts="0">
              <properties>
                <property name="_JOINTYPE" value="UnityCombinatorial" />
                <property name="retryIteration" value="0" />
                <property name="repeatIteration" value="0" />
              </properties>
              <output><![CDATA[Save load failed. System.ArgumentException: JSON parse error: Missing a name for object member.
  at (wrapper managed-to-native) UnityEngine.JsonUtility.FromJsonInternal_Injected(UnityEngine.Bindings.ManagedSpanWrapper&,object,System.Type)
  at UnityEngine.JsonUtility.FromJsonInternal (System.String json, System.Object objectToOverwrite, System.Type type) [0x0002a] in <81b35c8cb1074810b3bf600c5ff1977e>:0
  at UnityEngine.JsonUtility.FromJsonOverwrite (System.String json, System.Object objectToOverwrite) [0x00059] in <81b35c8cb1074810b3bf600c5ff1977e>:0
  at ToilRelic.Unity.Save.SaveService.Load () [0x00010] in C:\Toil-Relic-main\unity\Assets\Scripts\Save\SaveService.cs:93
]]></output>
            </test-case>
            <test-case id="1018" name="P0_UnsupportedSaveVersionDisablesContinueWithoutChangingBytes" fullname="ToilRelic.PlayModeTests.SampleSceneP0PlayModeTests.P0_UnsupportedSaveVersionDisablesContinueWithoutChangingBytes" methodname="P0_UnsupportedSaveVersionDisablesContinueWithoutChangingBytes" classname="ToilRelic.PlayModeTests.SampleSceneP0PlayModeTests" runstate="Runnable" seed="458195352" result="Passed" start-time="2026-07-28 06:01:24Z" end-time="2026-07-28 06:01:25Z" duration="0.403253" asserts="0">
              <properties>
                <property name="_JOINTYPE" value="UnityCombinatorial" />
                <property name="retryIteration" value="0" />
                <property name="repeatIteration" value="0" />
              </properties>
              <output><![CDATA[Save load failed. Unsupported save version: 999.
]]></output>
            </test-case>
            <test-case id="1009" name="P0_ValidSaveEnablesContinueAndLoadsCurrentFormat" fullname="ToilRelic.PlayModeTests.SampleSceneP0PlayModeTests.P0_ValidSaveEnablesContinueAndLoadsCurrentFormat" methodname="P0_ValidSaveEnablesContinueAndLoadsCurrentFormat" classname="ToilRelic.PlayModeTests.SampleSceneP0PlayModeTests" runstate="Runnable" seed="1967192149" result="Passed" start-time="2026-07-28 06:01:25Z" end-time="2026-07-28 06:01:25Z" duration="0.421136" asserts="0">
              <properties>
                <property name="_JOINTYPE" value="UnityCombinatorial" />
                <property name="retryIteration" value="0" />
                <property name="repeatIteration" value="0" />
              </properties>
            </test-case>
            <test-case id="1011" name="P0_VersionOneSaveWithoutEquipmentFieldsLoadsAndNormalizes" fullname="ToilRelic.PlayModeTests.SampleSceneP0PlayModeTests.P0_VersionOneSaveWithoutEquipmentFieldsLoadsAndNormalizes" methodname="P0_VersionOneSaveWithoutEquipmentFieldsLoadsAndNormalizes" classname="ToilRelic.PlayModeTests.SampleSceneP0PlayModeTests" runstate="Runnable" seed="101743646" result="Passed" start-time="2026-07-28 06:01:25Z" end-time="2026-07-28 06:01:25Z" duration="0.442367" asserts="0">
              <properties>
                <property name="_JOINTYPE" value="UnityCombinatorial" />
                <property name="retryIteration" value="0" />
                <property name="repeatIteration" value="0" />
              </properties>
            </test-case>
            <test-case id="1039" name="P0_VictoryReturnsToCampWithVisibleOutcome" fullname="ToilRelic.PlayModeTests.SampleSceneP0PlayModeTests.P0_VictoryReturnsToCampWithVisibleOutcome" methodname="P0_VictoryReturnsToCampWithVisibleOutcome" classname="ToilRelic.PlayModeTests.SampleSceneP0PlayModeTests" runstate="Runnable" seed="167314496" result="Passed" start-time="2026-07-28 06:01:25Z" end-time="2026-07-28 06:01:26Z" duration="0.213651" asserts="0">
              <properties>
                <property name="_JOINTYPE" value="UnityCombinatorial" />
                <property name="retryIteration" value="0" />
                <property name="repeatIteration" value="0" />
              </properties>
              <output><![CDATA[Saving results to: C:/Users/User/AppData/LocalLow/DefaultCompany/_unity-bootstrap\TestResults.xml
]]></output>
            </test-case>
          </test-suite>
        </test-suite>
      </test-suite>
    </test-suite>
  </test-suite>
</test-run>
