<?xml version="1.0" encoding="utf-8"?>
<test-run id="2" testcasecount="43" result="Skipped:Ignored" total="43" passed="42" failed="0" inconclusive="0" skipped="1" asserts="0" engine-version="3.5.0.0" clr-version="4.0.30319.42000" start-time="2026-07-27 04:14:20Z" end-time="2026-07-27 04:14:31Z" duration="11.6201269">
  <test-suite type="TestSuite" id="1051" name="_unity-bootstrap" fullname="_unity-bootstrap" runstate="Runnable" testcasecount="43" result="Skipped" label="Ignored" start-time="2026-07-27 04:14:20Z" end-time="2026-07-27 04:14:31Z" duration="11.620127" total="43" passed="42" failed="0" inconclusive="0" skipped="1" asserts="0">
    <properties>
      <property name="platform" value="PlayMode" />
    </properties>
    <reason>
      <message><![CDATA[One or more child tests were ignored]]></message>
    </reason>
    <test-suite type="Assembly" id="1045" name="ToilRelic.PlayModeTests.dll" fullname="C:/Toil-Relic-main/unity/Library/ScriptAssemblies/ToilRelic.PlayModeTests.dll" runstate="Runnable" testcasecount="43" result="Skipped" label="Ignored" start-time="2026-07-27 04:14:20Z" end-time="2026-07-27 04:14:31Z" duration="11.612082" total="43" passed="42" failed="0" inconclusive="0" skipped="1" asserts="0">
      <properties>
        <property name="_PID" value="10112" />
        <property name="_APPDOMAIN" value="Unity Child Domain" />
        <property name="platform" value="PlayMode" />
        <property name="EditorOnly" value="False" />
      </properties>
      <reason>
        <message><![CDATA[One or more child tests were ignored]]></message>
      </reason>
      <test-suite type="TestSuite" id="1046" name="ToilRelic" fullname="ToilRelic" runstate="Runnable" testcasecount="43" result="Skipped" label="Ignored" start-time="2026-07-27 04:14:20Z" end-time="2026-07-27 04:14:31Z" duration="11.611124" total="43" passed="42" failed="0" inconclusive="0" skipped="1" asserts="0">
        <properties />
        <reason>
          <message><![CDATA[One or more child tests were ignored]]></message>
        </reason>
        <test-suite type="TestSuite" id="1047" name="PlayModeTests" fullname="ToilRelic.PlayModeTests" runstate="Runnable" testcasecount="43" result="Skipped" label="Ignored" start-time="2026-07-27 04:14:20Z" end-time="2026-07-27 04:14:31Z" duration="11.610372" total="43" passed="42" failed="0" inconclusive="0" skipped="1" asserts="0">
          <properties />
          <reason>
            <message><![CDATA[One or more child tests were ignored]]></message>
          </reason>
          <test-suite type="TestFixture" id="1001" name="SampleSceneP0PlayModeTests" fullname="ToilRelic.PlayModeTests.SampleSceneP0PlayModeTests" classname="ToilRelic.PlayModeTests.SampleSceneP0PlayModeTests" runstate="Runnable" testcasecount="43" result="Skipped" label="Ignored" start-time="2026-07-27 04:14:20Z" end-time="2026-07-27 04:14:31Z" duration="11.607845" total="43" passed="42" failed="0" inconclusive="0" skipped="1" asserts="0">
            <properties />
            <reason>
              <message><![CDATA[One or more child tests were ignored]]></message>
            </reason>
            <test-case id="1025" name="P0_AttackButtonKeepsDurableEnemyAndReturnsControl" fullname="ToilRelic.PlayModeTests.SampleSceneP0PlayModeTests.P0_AttackButtonKeepsDurableEnemyAndReturnsControl" methodname="P0_AttackButtonKeepsDurableEnemyAndReturnsControl" classname="ToilRelic.PlayModeTests.SampleSceneP0PlayModeTests" runstate="Runnable" seed="1755472650" result="Passed" start-time="2026-07-27 04:14:20Z" end-time="2026-07-27 04:14:20Z" duration="0.462043" asserts="0">
              <properties>
                <property name="_JOINTYPE" value="UnityCombinatorial" />
                <property name="Category" value="PlayModeActionContracts" />
                <property name="retryIteration" value="0" />
                <property name="repeatIteration" value="0" />
              </properties>
            </test-case>
            <test-case id="1012" name="P0_AuthenticVersionlessScoreSaveLoadsAndNormalizes" fullname="ToilRelic.PlayModeTests.SampleSceneP0PlayModeTests.P0_AuthenticVersionlessScoreSaveLoadsAndNormalizes" methodname="P0_AuthenticVersionlessScoreSaveLoadsAndNormalizes" classname="ToilRelic.PlayModeTests.SampleSceneP0PlayModeTests" runstate="Runnable" seed="1502655515" result="Passed" start-time="2026-07-27 04:14:20Z" end-time="2026-07-27 04:14:21Z" duration="0.467337" asserts="0">
              <properties>
                <property name="_JOINTYPE" value="UnityCombinatorial" />
                <property name="retryIteration" value="0" />
                <property name="repeatIteration" value="0" />
              </properties>
            </test-case>
            <test-case id="1030" name="P0_BattlePanelFitsBelowVisibleStatusAtWidescreenFloor" fullname="ToilRelic.PlayModeTests.SampleSceneP0PlayModeTests.P0_BattlePanelFitsBelowVisibleStatusAtWidescreenFloor" methodname="P0_BattlePanelFitsBelowVisibleStatusAtWidescreenFloor" classname="ToilRelic.PlayModeTests.SampleSceneP0PlayModeTests" runstate="Runnable" seed="1522973010" result="Passed" start-time="2026-07-27 04:14:21Z" end-time="2026-07-27 04:14:21Z" duration="0.210102" asserts="0">
              <properties>
                <property name="_JOINTYPE" value="UnityCombinatorial" />
                <property name="retryIteration" value="0" />
                <property name="repeatIteration" value="0" />
              </properties>
            </test-case>
            <test-case id="1038" name="P0_BattleUiShowsStateAndDisablesActionsOutsidePlayerPhase" fullname="ToilRelic.PlayModeTests.SampleSceneP0PlayModeTests.P0_BattleUiShowsStateAndDisablesActionsOutsidePlayerPhase" methodname="P0_BattleUiShowsStateAndDisablesActionsOutsidePlayerPhase" classname="ToilRelic.PlayModeTests.SampleSceneP0PlayModeTests" runstate="Runnable" seed="1764501528" result="Passed" start-time="2026-07-27 04:14:21Z" end-time="2026-07-27 04:14:21Z" duration="0.206349" asserts="0">
              <properties>
                <property name="_JOINTYPE" value="UnityCombinatorial" />
                <property name="retryIteration" value="0" />
                <property name="repeatIteration" value="0" />
              </properties>
            </test-case>
            <test-case id="1006" name="P0_ButtonsBindAllCoreGameActions" fullname="ToilRelic.PlayModeTests.SampleSceneP0PlayModeTests.P0_ButtonsBindAllCoreGameActions" methodname="P0_ButtonsBindAllCoreGameActions" classname="ToilRelic.PlayModeTests.SampleSceneP0PlayModeTests" runstate="Runnable" seed="149493218" result="Passed" start-time="2026-07-27 04:14:21Z" end-time="2026-07-27 04:14:21Z" duration="0.213382" asserts="0">
              <properties>
                <property name="_JOINTYPE" value="UnityCombinatorial" />
                <property name="retryIteration" value="0" />
                <property name="repeatIteration" value="0" />
              </properties>
            </test-case>
            <test-case id="1034" name="P0_CampSaveSuccessPreservesActionMessage" fullname="ToilRelic.PlayModeTests.SampleSceneP0PlayModeTests.P0_CampSaveSuccessPreservesActionMessage" methodname="P0_CampSaveSuccessPreservesActionMessage" classname="ToilRelic.PlayModeTests.SampleSceneP0PlayModeTests" runstate="Runnable" seed="1294527579" result="Passed" start-time="2026-07-27 04:14:21Z" end-time="2026-07-27 04:14:21Z" duration="0.209293" asserts="0">
              <properties>
                <property name="_JOINTYPE" value="UnityCombinatorial" />
                <property name="retryIteration" value="0" />
                <property name="repeatIteration" value="0" />
              </properties>
            </test-case>
            <test-case id="1037" name="P0_CaptureLayoutEvidenceWhenRequested" fullname="ToilRelic.PlayModeTests.SampleSceneP0PlayModeTests.P0_CaptureLayoutEvidenceWhenRequested" methodname="P0_CaptureLayoutEvidenceWhenRequested" classname="ToilRelic.PlayModeTests.SampleSceneP0PlayModeTests" runstate="Runnable" seed="2045140588" result="Skipped" label="Ignored" start-time="2026-07-27 04:14:21Z" end-time="2026-07-27 04:14:22Z" duration="0.185937" asserts="0">
              <properties>
                <property name="_JOINTYPE" value="UnityCombinatorial" />
                <property name="retryIteration" value="0" />
                <property name="repeatIteration" value="0" />
              </properties>
              <reason>
                <message><![CDATA[Set TOIL_RELIC_LAYOUT_EVIDENCE_DIR to capture viewport-specific layout evidence.]]></message>
              </reason>
            </test-case>
            <test-case id="1021" name="P0_CraftButtonConsumesExactCostAndPersistsReward" fullname="ToilRelic.PlayModeTests.SampleSceneP0PlayModeTests.P0_CraftButtonConsumesExactCostAndPersistsReward" methodname="P0_CraftButtonConsumesExactCostAndPersistsReward" classname="ToilRelic.PlayModeTests.SampleSceneP0PlayModeTests" runstate="Runnable" seed="869883536" result="Passed" start-time="2026-07-27 04:14:22Z" end-time="2026-07-27 04:14:22Z" duration="0.213259" asserts="0">
              <properties>
                <property name="_JOINTYPE" value="UnityCombinatorial" />
                <property name="Category" value="PlayModeActionContracts" />
                <property name="retryIteration" value="0" />
                <property name="repeatIteration" value="0" />
              </properties>
            </test-case>
            <test-case id="1022" name="P0_CraftButtonInsufficientMaterialsPersistsUnchangedState" fullname="ToilRelic.PlayModeTests.SampleSceneP0PlayModeTests.P0_CraftButtonInsufficientMaterialsPersistsUnchangedState" methodname="P0_CraftButtonInsufficientMaterialsPersistsUnchangedState" classname="ToilRelic.PlayModeTests.SampleSceneP0PlayModeTests" runstate="Runnable" seed="292467193" result="Passed" start-time="2026-07-27 04:14:22Z" end-time="2026-07-27 04:14:22Z" duration="0.229051" asserts="0">
              <properties>
                <property name="_JOINTYPE" value="UnityCombinatorial" />
                <property name="Category" value="PlayModeActionContracts" />
                <property name="retryIteration" value="0" />
                <property name="repeatIteration" value="0" />
              </properties>
            </test-case>
            <test-case id="1014" name="P0_CurrentSaveRejectsInvalidCorePlayerValues" fullname="ToilRelic.PlayModeTests.SampleSceneP0PlayModeTests.P0_CurrentSaveRejectsInvalidCorePlayerValues" methodname="P0_CurrentSaveRejectsInvalidCorePlayerValues" classname="ToilRelic.PlayModeTests.SampleSceneP0PlayModeTests" runstate="Runnable" seed="1924143787" result="Passed" start-time="2026-07-27 04:14:22Z" end-time="2026-07-27 04:14:22Z" duration="0.318261" asserts="0">
              <properties>
                <property name="_JOINTYPE" value="UnityCombinatorial" />
                <property name="retryIteration" value="0" />
                <property name="repeatIteration" value="0" />
              </properties>
            </test-case>
            <test-case id="1013" name="P0_CurrentSaveRequiresEveryStableCorePlayerField" fullname="ToilRelic.PlayModeTests.SampleSceneP0PlayModeTests.P0_CurrentSaveRequiresEveryStableCorePlayerField" methodname="P0_CurrentSaveRequiresEveryStableCorePlayerField" classname="ToilRelic.PlayModeTests.SampleSceneP0PlayModeTests" runstate="Runnable" seed="2042010989" result="Passed" start-time="2026-07-27 04:14:22Z" end-time="2026-07-27 04:14:23Z" duration="0.284629" asserts="0">
              <properties>
                <property name="_JOINTYPE" value="UnityCombinatorial" />
                <property name="retryIteration" value="0" />
                <property name="repeatIteration" value="0" />
              </properties>
            </test-case>
            <test-case id="1043" name="P0_DefeatReturnsToCampWithVisibleOutcome" fullname="ToilRelic.PlayModeTests.SampleSceneP0PlayModeTests.P0_DefeatReturnsToCampWithVisibleOutcome" methodname="P0_DefeatReturnsToCampWithVisibleOutcome" classname="ToilRelic.PlayModeTests.SampleSceneP0PlayModeTests" runstate="Runnable" seed="394961194" result="Passed" start-time="2026-07-27 04:14:23Z" end-time="2026-07-27 04:14:23Z" duration="0.216924" asserts="0">
              <properties>
                <property name="_JOINTYPE" value="UnityCombinatorial" />
                <property name="retryIteration" value="0" />
                <property name="repeatIteration" value="0" />
              </properties>
            </test-case>
            <test-case id="1042" name="P0_EquipSaveFailureRemainsVisible" fullname="ToilRelic.PlayModeTests.SampleSceneP0PlayModeTests.P0_EquipSaveFailureRemainsVisible" methodname="P0_EquipSaveFailureRemainsVisible" classname="ToilRelic.PlayModeTests.SampleSceneP0PlayModeTests" runstate="Runnable" seed="52503856" result="Passed" start-time="2026-07-27 04:14:23Z" end-time="2026-07-27 04:14:23Z" duration="0.199126" asserts="0">
              <properties>
                <property name="_JOINTYPE" value="UnityCombinatorial" />
                <property name="retryIteration" value="0" />
                <property name="repeatIteration" value="0" />
              </properties>
              <output><![CDATA[Save write failed. System.IO.DirectoryNotFoundException: Could not find a part of the path "C:\Users\User\AppData\Local\Temp\DefaultCompany\_unity-bootstrap\aeddc849-a0f6-4f94-a3cd-66e70d1b262c\toil_relic_save.json".
  at System.IO.FileStream..ctor (System.String path, System.IO.FileMode mode, System.IO.FileAccess access, System.IO.FileShare share, System.Int32 bufferSize, System.Boolean anonymous, System.IO.FileOptions options) [0x00164] in <41d29b352f6a475ab1bf7c6628b82790>:0
  at System.IO.FileStream..ctor (System.String path, System.IO.FileMode mode, System.IO.FileAccess access, System.IO.FileShare share, System.Int32 bufferSize, System.IO.FileOptions options) [0x00000] in <41d29b352f6a475ab1bf7c6628b82790>:0
  at (wrapper remoting-invoke-with-check) System.IO.FileStream..ctor(string,System.IO.FileMode,System.IO.FileAccess,System.IO.FileShare,int,System.IO.FileOptions)
  at System.IO.StreamWriter..ctor (System.String path, System.Boolean append, System.Text.Encoding encoding, System.Int32 bufferSize) [0x00055] in <41d29b352f6a475ab1bf7c6628b82790>:0
  at System.IO.StreamWriter..ctor (System.String path) [0x00008] in <41d29b352f6a475ab1bf7c6628b82790>:0
  at (wrapper remoting-invoke-with-check) System.IO.StreamWriter..ctor(string)
  at System.IO.File.WriteAllText (System.String path, System.String contents) [0x00026] in <41d29b352f6a475ab1bf7c6628b82790>:0
  at ToilRelic.Unity.Save.SaveService.Save (ToilRelic.Unity.Core.PlayerState player) [0x0001a] in C:\Toil-Relic-main\unity\Assets\Scripts\Save\SaveService.cs:78
]]></output>
            </test-case>
            <test-case id="1026" name="P0_FleeButtonFailureKeepsEncounterAndReturnsControl" fullname="ToilRelic.PlayModeTests.SampleSceneP0PlayModeTests.P0_FleeButtonFailureKeepsEncounterAndReturnsControl" methodname="P0_FleeButtonFailureKeepsEncounterAndReturnsControl" classname="ToilRelic.PlayModeTests.SampleSceneP0PlayModeTests" runstate="Runnable" seed="974461191" result="Passed" start-time="2026-07-27 04:14:23Z" end-time="2026-07-27 04:14:23Z" duration="0.176270" asserts="0">
              <properties>
                <property name="_JOINTYPE" value="UnityCombinatorial" />
                <property name="Category" value="PlayModeActionContracts" />
                <property name="retryIteration" value="0" />
                <property name="repeatIteration" value="0" />
              </properties>
            </test-case>
            <test-case id="1005" name="P0_GameActionBridgeReferencesGameManager" fullname="ToilRelic.PlayModeTests.SampleSceneP0PlayModeTests.P0_GameActionBridgeReferencesGameManager" methodname="P0_GameActionBridgeReferencesGameManager" classname="ToilRelic.PlayModeTests.SampleSceneP0PlayModeTests" runstate="Runnable" seed="731765698" result="Passed" start-time="2026-07-27 04:14:23Z" end-time="2026-07-27 04:14:23Z" duration="0.183029" asserts="0">
              <properties>
                <property name="_JOINTYPE" value="UnityCombinatorial" />
                <property name="retryIteration" value="0" />
                <property name="repeatIteration" value="0" />
              </properties>
            </test-case>
            <test-case id="1003" name="P0_GameManagerHasEnemyAndDropTable" fullname="ToilRelic.PlayModeTests.SampleSceneP0PlayModeTests.P0_GameManagerHasEnemyAndDropTable" methodname="P0_GameManagerHasEnemyAndDropTable" classname="ToilRelic.PlayModeTests.SampleSceneP0PlayModeTests" runstate="Runnable" seed="1973764585" result="Passed" start-time="2026-07-27 04:14:23Z" end-time="2026-07-27 04:14:24Z" duration="0.203403" asserts="0">
              <properties>
                <property name="_JOINTYPE" value="UnityCombinatorial" />
                <property name="retryIteration" value="0" />
                <property name="repeatIteration" value="0" />
              </properties>
            </test-case>
            <test-case id="1032" name="P0_HudAndStatusMeetCompactTypographyContracts" fullname="ToilRelic.PlayModeTests.SampleSceneP0PlayModeTests.P0_HudAndStatusMeetCompactTypographyContracts" methodname="P0_HudAndStatusMeetCompactTypographyContracts" classname="ToilRelic.PlayModeTests.SampleSceneP0PlayModeTests" runstate="Runnable" seed="495132012" result="Passed" start-time="2026-07-27 04:14:24Z" end-time="2026-07-27 04:14:24Z" duration="0.197383" asserts="0">
              <properties>
                <property name="_JOINTYPE" value="UnityCombinatorial" />
                <property name="retryIteration" value="0" />
                <property name="repeatIteration" value="0" />
              </properties>
            </test-case>
            <test-case id="1027" name="P0_HudIsWiredAndDisplaysPlayerState" fullname="ToilRelic.PlayModeTests.SampleSceneP0PlayModeTests.P0_HudIsWiredAndDisplaysPlayerState" methodname="P0_HudIsWiredAndDisplaysPlayerState" classname="ToilRelic.PlayModeTests.SampleSceneP0PlayModeTests" runstate="Runnable" seed="647984431" result="Passed" start-time="2026-07-27 04:14:24Z" end-time="2026-07-27 04:14:24Z" duration="0.176844" asserts="0">
              <properties>
                <property name="_JOINTYPE" value="UnityCombinatorial" />
                <property name="retryIteration" value="0" />
                <property name="repeatIteration" value="0" />
              </properties>
            </test-case>
            <test-case id="1028" name="P0_HudRefreshesWhenPlayerStateChanges" fullname="ToilRelic.PlayModeTests.SampleSceneP0PlayModeTests.P0_HudRefreshesWhenPlayerStateChanges" methodname="P0_HudRefreshesWhenPlayerStateChanges" classname="ToilRelic.PlayModeTests.SampleSceneP0PlayModeTests" runstate="Runnable" seed="74883791" result="Passed" start-time="2026-07-27 04:14:24Z" end-time="2026-07-27 04:14:24Z" duration="0.174231" asserts="0">
              <properties>
                <property name="_JOINTYPE" value="UnityCombinatorial" />
                <property name="retryIteration" value="0" />
                <property name="repeatIteration" value="0" />
              </properties>
            </test-case>
            <test-case id="1008" name="P0_InitialEntryShowsTitleAndMatchesContinueAvailability" fullname="ToilRelic.PlayModeTests.SampleSceneP0PlayModeTests.P0_InitialEntryShowsTitleAndMatchesContinueAvailability" methodname="P0_InitialEntryShowsTitleAndMatchesContinueAvailability" classname="ToilRelic.PlayModeTests.SampleSceneP0PlayModeTests" runstate="Runnable" seed="1877657190" result="Passed" start-time="2026-07-27 04:14:24Z" end-time="2026-07-27 04:14:24Z" duration="0.200389" asserts="0">
              <properties>
                <property name="_JOINTYPE" value="UnityCombinatorial" />
                <property name="retryIteration" value="0" />
                <property name="repeatIteration" value="0" />
              </properties>
            </test-case>
            <test-case id="1010" name="P0_LegacySaveWithoutEquipmentFieldsLoadsAndNormalizes" fullname="ToilRelic.PlayModeTests.SampleSceneP0PlayModeTests.P0_LegacySaveWithoutEquipmentFieldsLoadsAndNormalizes" methodname="P0_LegacySaveWithoutEquipmentFieldsLoadsAndNormalizes" classname="ToilRelic.PlayModeTests.SampleSceneP0PlayModeTests" runstate="Runnable" seed="1932319511" result="Passed" start-time="2026-07-27 04:14:24Z" end-time="2026-07-27 04:14:25Z" duration="0.455806" asserts="0">
              <properties>
                <property name="_JOINTYPE" value="UnityCombinatorial" />
                <property name="retryIteration" value="0" />
                <property name="repeatIteration" value="0" />
              </properties>
            </test-case>
            <test-case id="1020" name="P0_NewGameButtonReplacesValidFixtureSave" fullname="ToilRelic.PlayModeTests.SampleSceneP0PlayModeTests.P0_NewGameButtonReplacesValidFixtureSave" methodname="P0_NewGameButtonReplacesValidFixtureSave" classname="ToilRelic.PlayModeTests.SampleSceneP0PlayModeTests" runstate="Runnable" seed="1525155366" result="Passed" start-time="2026-07-27 04:14:25Z" end-time="2026-07-27 04:14:25Z" duration="0.433193" asserts="0">
              <properties>
                <property name="_JOINTYPE" value="UnityCombinatorial" />
                <property name="Category" value="PlayModeActionContracts" />
                <property name="retryIteration" value="0" />
                <property name="repeatIteration" value="0" />
              </properties>
            </test-case>
            <test-case id="1015" name="P0_PartialCurrentSaveDisablesContinueWithoutChangingBytes" fullname="ToilRelic.PlayModeTests.SampleSceneP0PlayModeTests.P0_PartialCurrentSaveDisablesContinueWithoutChangingBytes" methodname="P0_PartialCurrentSaveDisablesContinueWithoutChangingBytes" classname="ToilRelic.PlayModeTests.SampleSceneP0PlayModeTests" runstate="Runnable" seed="966895361" result="Passed" start-time="2026-07-27 04:14:25Z" end-time="2026-07-27 04:14:26Z" duration="0.414428" asserts="0">
              <properties>
                <property name="_JOINTYPE" value="UnityCombinatorial" />
                <property name="retryIteration" value="0" />
                <property name="repeatIteration" value="0" />
              </properties>
              <output><![CDATA[Save load failed. The save did not contain all required player fields.
]]></output>
            </test-case>
            <test-case id="1024" name="P0_PotionButtonAtFullHpPreservesPotionAndControl" fullname="ToilRelic.PlayModeTests.SampleSceneP0PlayModeTests.P0_PotionButtonAtFullHpPreservesPotionAndControl" methodname="P0_PotionButtonAtFullHpPreservesPotionAndControl" classname="ToilRelic.PlayModeTests.SampleSceneP0PlayModeTests" runstate="Runnable" seed="229633424" result="Passed" start-time="2026-07-27 04:14:26Z" end-time="2026-07-27 04:14:26Z" duration="0.180417" asserts="0">
              <properties>
                <property name="_JOINTYPE" value="UnityCombinatorial" />
                <property name="Category" value="PlayModeActionContracts" />
                <property name="retryIteration" value="0" />
                <property name="repeatIteration" value="0" />
              </properties>
            </test-case>
            <test-case id="1023" name="P0_PotionButtonConsumesPotionAndCompletesEnemyResponse" fullname="ToilRelic.PlayModeTests.SampleSceneP0PlayModeTests.P0_PotionButtonConsumesPotionAndCompletesEnemyResponse" methodname="P0_PotionButtonConsumesPotionAndCompletesEnemyResponse" classname="ToilRelic.PlayModeTests.SampleSceneP0PlayModeTests" runstate="Runnable" seed="1163028085" result="Passed" start-time="2026-07-27 04:14:26Z" end-time="2026-07-27 04:14:26Z" duration="0.189624" asserts="0">
              <properties>
                <property name="_JOINTYPE" value="UnityCombinatorial" />
                <property name="Category" value="PlayModeActionContracts" />
                <property name="retryIteration" value="0" />
                <property name="repeatIteration" value="0" />
              </properties>
            </test-case>
            <test-case id="1019" name="P0_ReplacementFailureKeepsUnreadableTitleState" fullname="ToilRelic.PlayModeTests.SampleSceneP0PlayModeTests.P0_ReplacementFailureKeepsUnreadableTitleState" methodname="P0_ReplacementFailureKeepsUnreadableTitleState" classname="ToilRelic.PlayModeTests.SampleSceneP0PlayModeTests" runstate="Runnable" seed="167400930" result="Passed" start-time="2026-07-27 04:14:26Z" end-time="2026-07-27 04:14:26Z" duration="0.421441" asserts="0">
              <properties>
                <property name="_JOINTYPE" value="UnityCombinatorial" />
                <property name="retryIteration" value="0" />
                <property name="repeatIteration" value="0" />
              </properties>
              <output><![CDATA[Save load failed. System.IO.IOException: Sharing violation on path C:\Users\User\AppData\Local\Temp\toil-relic-unity-tests-e6715c56c9bf4b5eb0378afc9563b9be\toil_relic_save.json
  at System.IO.FileStream..ctor (System.String path, System.IO.FileMode mode, System.IO.FileAccess access, System.IO.FileShare share, System.Int32 bufferSize, System.Boolean anonymous, System.IO.FileOptions options) [0x0019e] in <41d29b352f6a475ab1bf7c6628b82790>:0
  at System.IO.FileStream..ctor (System.String path, System.IO.FileMode mode, System.IO.FileAccess access, System.IO.FileShare share, System.Int32 bufferSize, System.IO.FileOptions options) [0x00000] in <41d29b352f6a475ab1bf7c6628b82790>:0
  at (wrapper remoting-invoke-with-check) System.IO.FileStream..ctor(string,System.IO.FileMode,System.IO.FileAccess,System.IO.FileShare,int,System.IO.FileOptions)
  at System.IO.StreamReader..ctor (System.String path, System.Text.Encoding encoding, System.Boolean detectEncodingFromByteOrderMarks, System.Int32 bufferSize) [0x00055] in <41d29b352f6a475ab1bf7c6628b82790>:0
  at System.IO.StreamReader..ctor (System.String path, System.Text.Encoding encoding, System.Boolean detectEncodingFromByteOrderMarks) [0x00000] in <41d29b352f6a475ab1bf7c6628b82790>:0
  at (wrapper remoting-invoke-with-check) System.IO.StreamReader..ctor(string,System.Text.Encoding,bool)
  at System.IO.File.InternalReadAllText (System.String path, System.Text.Encoding encoding) [0x00000] in <41d29b352f6a475ab1bf7c6628b82790>:0
  at System.IO.File.ReadAllText (System.String path) [0x0002c] in <41d29b352f6a475ab1bf7c6628b82790>:0
  at ToilRelic.Unity.Save.SaveService.Load () [0x00000] in C:\Toil-Relic-main\unity\Assets\Scripts\Save\SaveService.cs:91
Save delete failed. System.IO.IOException: The process cannot access the file 'C:\Users\User\AppData\Local\Temp\toil-relic-unity-tests-e6715c56c9bf4b5eb0378afc9563b9be\toil_relic_save.json' because it is being used by another process.
  at System.IO.FileSystem.DeleteFile (System.String fullPath) [0x0001a] in <41d29b352f6a475ab1bf7c6628b82790>:0
  at System.IO.File.Delete (System.String path) [0x00014] in <41d29b352f6a475ab1bf7c6628b82790>:0
  at ToilRelic.Unity.Save.SaveService.Delete () [0x00000] in C:\Toil-Relic-main\unity\Assets\Scripts\Save\SaveService.cs:63
]]></output>
            </test-case>
            <test-case id="1041" name="P0_RestSaveFailureRemainsVisible" fullname="ToilRelic.PlayModeTests.SampleSceneP0PlayModeTests.P0_RestSaveFailureRemainsVisible" methodname="P0_RestSaveFailureRemainsVisible" classname="ToilRelic.PlayModeTests.SampleSceneP0PlayModeTests" runstate="Runnable" seed="1114714621" result="Passed" start-time="2026-07-27 04:14:26Z" end-time="2026-07-27 04:14:27Z" duration="0.212552" asserts="0">
              <properties>
                <property name="_JOINTYPE" value="UnityCombinatorial" />
                <property name="retryIteration" value="0" />
                <property name="repeatIteration" value="0" />
              </properties>
              <output><![CDATA[Save write failed. System.IO.DirectoryNotFoundException: Could not find a part of the path "C:\Users\User\AppData\Local\Temp\DefaultCompany\_unity-bootstrap\fc372928-da0a-4017-bc2f-0cfa40709256\toil_relic_save.json".
  at System.IO.FileStream..ctor (System.String path, System.IO.FileMode mode, System.IO.FileAccess access, System.IO.FileShare share, System.Int32 bufferSize, System.Boolean anonymous, System.IO.FileOptions options) [0x00164] in <41d29b352f6a475ab1bf7c6628b82790>:0
  at System.IO.FileStream..ctor (System.String path, System.IO.FileMode mode, System.IO.FileAccess access, System.IO.FileShare share, System.Int32 bufferSize, System.IO.FileOptions options) [0x00000] in <41d29b352f6a475ab1bf7c6628b82790>:0
  at (wrapper remoting-invoke-with-check) System.IO.FileStream..ctor(string,System.IO.FileMode,System.IO.FileAccess,System.IO.FileShare,int,System.IO.FileOptions)
  at System.IO.StreamWriter..ctor (System.String path, System.Boolean append, System.Text.Encoding encoding, System.Int32 bufferSize) [0x00055] in <41d29b352f6a475ab1bf7c6628b82790>:0
  at System.IO.StreamWriter..ctor (System.String path) [0x00008] in <41d29b352f6a475ab1bf7c6628b82790>:0
  at (wrapper remoting-invoke-with-check) System.IO.StreamWriter..ctor(string)
  at System.IO.File.WriteAllText (System.String path, System.String contents) [0x00026] in <41d29b352f6a475ab1bf7c6628b82790>:0
  at ToilRelic.Unity.Save.SaveService.Save (ToilRelic.Unity.Core.PlayerState player) [0x0001a] in C:\Toil-Relic-main\unity\Assets\Scripts\Save\SaveService.cs:78
]]></output>
            </test-case>
            <test-case id="1040" name="P0_SaveFailurePreservesTerminalOutcome" fullname="ToilRelic.PlayModeTests.SampleSceneP0PlayModeTests.P0_SaveFailurePreservesTerminalOutcome" methodname="P0_SaveFailurePreservesTerminalOutcome" classname="ToilRelic.PlayModeTests.SampleSceneP0PlayModeTests" runstate="Runnable" seed="219205575" result="Passed" start-time="2026-07-27 04:14:27Z" end-time="2026-07-27 04:14:27Z" duration="0.206981" asserts="0">
              <properties>
                <property name="_JOINTYPE" value="UnityCombinatorial" />
                <property name="retryIteration" value="0" />
                <property name="repeatIteration" value="0" />
              </properties>
              <output><![CDATA[Save write failed. System.IO.DirectoryNotFoundException: Could not find a part of the path "C:\Users\User\AppData\Local\Temp\DefaultCompany\_unity-bootstrap\a2e8eb3a-6ff9-476b-bc40-367df07eb241\toil_relic_save.json".
  at System.IO.FileStream..ctor (System.String path, System.IO.FileMode mode, System.IO.FileAccess access, System.IO.FileShare share, System.Int32 bufferSize, System.Boolean anonymous, System.IO.FileOptions options) [0x00164] in <41d29b352f6a475ab1bf7c6628b82790>:0
  at System.IO.FileStream..ctor (System.String path, System.IO.FileMode mode, System.IO.FileAccess access, System.IO.FileShare share, System.Int32 bufferSize, System.IO.FileOptions options) [0x00000] in <41d29b352f6a475ab1bf7c6628b82790>:0
  at (wrapper remoting-invoke-with-check) System.IO.FileStream..ctor(string,System.IO.FileMode,System.IO.FileAccess,System.IO.FileShare,int,System.IO.FileOptions)
  at System.IO.StreamWriter..ctor (System.String path, System.Boolean append, System.Text.Encoding encoding, System.Int32 bufferSize) [0x00055] in <41d29b352f6a475ab1bf7c6628b82790>:0
  at System.IO.StreamWriter..ctor (System.String path) [0x00008] in <41d29b352f6a475ab1bf7c6628b82790>:0
  at (wrapper remoting-invoke-with-check) System.IO.StreamWriter..ctor(string)
  at System.IO.File.WriteAllText (System.String path, System.String contents) [0x00026] in <41d29b352f6a475ab1bf7c6628b82790>:0
  at ToilRelic.Unity.Save.SaveService.Save (ToilRelic.Unity.Core.PlayerState player) [0x0001a] in C:\Toil-Relic-main\unity\Assets\Scripts\Save\SaveService.cs:78
]]></output>
            </test-case>
            <test-case id="1035" name="P0_SaveFeedbackPersistsFailureAndClearsContextualSuccess" fullname="ToilRelic.PlayModeTests.SampleSceneP0PlayModeTests.P0_SaveFeedbackPersistsFailureAndClearsContextualSuccess" methodname="P0_SaveFeedbackPersistsFailureAndClearsContextualSuccess" classname="ToilRelic.PlayModeTests.SampleSceneP0PlayModeTests" runstate="Runnable" seed="369950553" result="Passed" start-time="2026-07-27 04:14:27Z" end-time="2026-07-27 04:14:27Z" duration="0.183332" asserts="0">
              <properties>
                <property name="_JOINTYPE" value="UnityCombinatorial" />
                <property name="retryIteration" value="0" />
                <property name="repeatIteration" value="0" />
              </properties>
            </test-case>
            <test-case id="1002" name="P0_SceneHasGameManager" fullname="ToilRelic.PlayModeTests.SampleSceneP0PlayModeTests.P0_SceneHasGameManager" methodname="P0_SceneHasGameManager" classname="ToilRelic.PlayModeTests.SampleSceneP0PlayModeTests" runstate="Runnable" seed="195718087" result="Passed" start-time="2026-07-27 04:14:27Z" end-time="2026-07-27 04:14:27Z" duration="0.185352" asserts="0">
              <properties>
                <property name="_JOINTYPE" value="UnityCombinatorial" />
                <property name="retryIteration" value="0" />
                <property name="repeatIteration" value="0" />
              </properties>
            </test-case>
            <test-case id="1004" name="P0_SceneHasUiActionBridge" fullname="ToilRelic.PlayModeTests.SampleSceneP0PlayModeTests.P0_SceneHasUiActionBridge" methodname="P0_SceneHasUiActionBridge" classname="ToilRelic.PlayModeTests.SampleSceneP0PlayModeTests" runstate="Runnable" seed="1491949209" result="Passed" start-time="2026-07-27 04:14:27Z" end-time="2026-07-27 04:14:27Z" duration="0.189300" asserts="0">
              <properties>
                <property name="_JOINTYPE" value="UnityCombinatorial" />
                <property name="retryIteration" value="0" />
                <property name="repeatIteration" value="0" />
              </properties>
            </test-case>
            <test-case id="1033" name="P0_StatusFitsThreeLogicalMessagesAtReadableSize" fullname="ToilRelic.PlayModeTests.SampleSceneP0PlayModeTests.P0_StatusFitsThreeLogicalMessagesAtReadableSize" methodname="P0_StatusFitsThreeLogicalMessagesAtReadableSize" classname="ToilRelic.PlayModeTests.SampleSceneP0PlayModeTests" runstate="Runnable" seed="1844533062" result="Passed" start-time="2026-07-27 04:14:27Z" end-time="2026-07-27 04:14:28Z" duration="0.205058" asserts="0">
              <properties>
                <property name="_JOINTYPE" value="UnityCombinatorial" />
                <property name="retryIteration" value="0" />
                <property name="repeatIteration" value="0" />
              </properties>
            </test-case>
            <test-case id="1017" name="P0_StructurallyInvalidSaveDisablesContinueWithoutChangingBytes" fullname="ToilRelic.PlayModeTests.SampleSceneP0PlayModeTests.P0_StructurallyInvalidSaveDisablesContinueWithoutChangingBytes" methodname="P0_StructurallyInvalidSaveDisablesContinueWithoutChangingBytes" classname="ToilRelic.PlayModeTests.SampleSceneP0PlayModeTests" runstate="Runnable" seed="553713649" result="Passed" start-time="2026-07-27 04:14:28Z" end-time="2026-07-27 04:14:28Z" duration="0.412602" asserts="0">
              <properties>
                <property name="_JOINTYPE" value="UnityCombinatorial" />
                <property name="retryIteration" value="0" />
                <property name="repeatIteration" value="0" />
              </properties>
              <output><![CDATA[Save load failed. The save did not contain all required player fields.
]]></output>
            </test-case>
            <test-case id="1044" name="P0_SuccessfulFleeReturnsToCampWithVisibleOutcome" fullname="ToilRelic.PlayModeTests.SampleSceneP0PlayModeTests.P0_SuccessfulFleeReturnsToCampWithVisibleOutcome" methodname="P0_SuccessfulFleeReturnsToCampWithVisibleOutcome" classname="ToilRelic.PlayModeTests.SampleSceneP0PlayModeTests" runstate="Runnable" seed="1091240233" result="Passed" start-time="2026-07-27 04:14:28Z" end-time="2026-07-27 04:14:28Z" duration="0.206737" asserts="0">
              <properties>
                <property name="_JOINTYPE" value="UnityCombinatorial" />
                <property name="retryIteration" value="0" />
                <property name="repeatIteration" value="0" />
              </properties>
            </test-case>
            <test-case id="1036" name="P0_TerminalFailurePreservesOutcomeAndLevelUp" fullname="ToilRelic.PlayModeTests.SampleSceneP0PlayModeTests.P0_TerminalFailurePreservesOutcomeAndLevelUp" methodname="P0_TerminalFailurePreservesOutcomeAndLevelUp" classname="ToilRelic.PlayModeTests.SampleSceneP0PlayModeTests" runstate="Runnable" seed="380872473" result="Passed" start-time="2026-07-27 04:14:28Z" end-time="2026-07-27 04:14:28Z" duration="0.201079" asserts="0">
              <properties>
                <property name="_JOINTYPE" value="UnityCombinatorial" />
                <property name="retryIteration" value="0" />
                <property name="repeatIteration" value="0" />
              </properties>
            </test-case>
            <test-case id="1031" name="P0_TitleAndCampButtonsKeepAccessibleGeometry" fullname="ToilRelic.PlayModeTests.SampleSceneP0PlayModeTests.P0_TitleAndCampButtonsKeepAccessibleGeometry" methodname="P0_TitleAndCampButtonsKeepAccessibleGeometry" classname="ToilRelic.PlayModeTests.SampleSceneP0PlayModeTests" runstate="Runnable" seed="309170821" result="Passed" start-time="2026-07-27 04:14:28Z" end-time="2026-07-27 04:14:29Z" duration="0.209390" asserts="0">
              <properties>
                <property name="_JOINTYPE" value="UnityCombinatorial" />
                <property name="retryIteration" value="0" />
                <property name="repeatIteration" value="0" />
              </properties>
            </test-case>
            <test-case id="1029" name="P0_TitleAndCampLayoutsFitBelowTopRegionsAtWidescreenFloor" fullname="ToilRelic.PlayModeTests.SampleSceneP0PlayModeTests.P0_TitleAndCampLayoutsFitBelowTopRegionsAtWidescreenFloor" methodname="P0_TitleAndCampLayoutsFitBelowTopRegionsAtWidescreenFloor" classname="ToilRelic.PlayModeTests.SampleSceneP0PlayModeTests" runstate="Runnable" seed="1681511928" result="Passed" start-time="2026-07-27 04:14:29Z" end-time="2026-07-27 04:14:29Z" duration="0.206208" asserts="0">
              <properties>
                <property name="_JOINTYPE" value="UnityCombinatorial" />
                <property name="retryIteration" value="0" />
                <property name="repeatIteration" value="0" />
              </properties>
            </test-case>
            <test-case id="1007" name="P0_TitleMenuBindsContinueAndNewGame" fullname="ToilRelic.PlayModeTests.SampleSceneP0PlayModeTests.P0_TitleMenuBindsContinueAndNewGame" methodname="P0_TitleMenuBindsContinueAndNewGame" classname="ToilRelic.PlayModeTests.SampleSceneP0PlayModeTests" runstate="Runnable" seed="1352358820" result="Passed" start-time="2026-07-27 04:14:29Z" end-time="2026-07-27 04:14:29Z" duration="0.183588" asserts="0">
              <properties>
                <property name="_JOINTYPE" value="UnityCombinatorial" />
                <property name="retryIteration" value="0" />
                <property name="repeatIteration" value="0" />
              </properties>
            </test-case>
            <test-case id="1016" name="P0_UnreadableSaveDisablesContinueWithoutChangingBytes" fullname="ToilRelic.PlayModeTests.SampleSceneP0PlayModeTests.P0_UnreadableSaveDisablesContinueWithoutChangingBytes" methodname="P0_UnreadableSaveDisablesContinueWithoutChangingBytes" classname="ToilRelic.PlayModeTests.SampleSceneP0PlayModeTests" runstate="Runnable" seed="1211185407" result="Passed" start-time="2026-07-27 04:14:29Z" end-time="2026-07-27 04:14:29Z" duration="0.424966" asserts="0">
              <properties>
                <property name="_JOINTYPE" value="UnityCombinatorial" />
                <property name="retryIteration" value="0" />
                <property name="repeatIteration" value="0" />
              </properties>
              <output><![CDATA[Save load failed. System.ArgumentException: JSON parse error: Missing a name for object member.
  at (wrapper managed-to-native) UnityEngine.JsonUtility.FromJsonInternal_Injected(UnityEngine.Bindings.ManagedSpanWrapper&,object,System.Type)
  at UnityEngine.JsonUtility.FromJsonInternal (System.String json, System.Object objectToOverwrite, System.Type type) [0x0002a] in <81b35c8cb1074810b3bf600c5ff1977e>:0
  at UnityEngine.JsonUtility.FromJsonOverwrite (System.String json, System.Object objectToOverwrite) [0x00059] in <81b35c8cb1074810b3bf600c5ff1977e>:0
  at ToilRelic.Unity.Save.SaveService.Load () [0x00010] in C:\Toil-Relic-main\unity\Assets\Scripts\Save\SaveService.cs:93
]]></output>
            </test-case>
            <test-case id="1018" name="P0_UnsupportedSaveVersionDisablesContinueWithoutChangingBytes" fullname="ToilRelic.PlayModeTests.SampleSceneP0PlayModeTests.P0_UnsupportedSaveVersionDisablesContinueWithoutChangingBytes" methodname="P0_UnsupportedSaveVersionDisablesContinueWithoutChangingBytes" classname="ToilRelic.PlayModeTests.SampleSceneP0PlayModeTests" runstate="Runnable" seed="427685226" result="Passed" start-time="2026-07-27 04:14:29Z" end-time="2026-07-27 04:14:30Z" duration="0.485908" asserts="0">
              <properties>
                <property name="_JOINTYPE" value="UnityCombinatorial" />
                <property name="retryIteration" value="0" />
                <property name="repeatIteration" value="0" />
              </properties>
              <output><![CDATA[Save load failed. Unsupported save version: 999.
]]></output>
            </test-case>
            <test-case id="1009" name="P0_ValidSaveEnablesContinueAndLoadsCurrentFormat" fullname="ToilRelic.PlayModeTests.SampleSceneP0PlayModeTests.P0_ValidSaveEnablesContinueAndLoadsCurrentFormat" methodname="P0_ValidSaveEnablesContinueAndLoadsCurrentFormat" classname="ToilRelic.PlayModeTests.SampleSceneP0PlayModeTests" runstate="Runnable" seed="1042556591" result="Passed" start-time="2026-07-27 04:14:30Z" end-time="2026-07-27 04:14:30Z" duration="0.501671" asserts="0">
              <properties>
                <property name="_JOINTYPE" value="UnityCombinatorial" />
                <property name="retryIteration" value="0" />
                <property name="repeatIteration" value="0" />
              </properties>
            </test-case>
            <test-case id="1011" name="P0_VersionOneSaveWithoutEquipmentFieldsLoadsAndNormalizes" fullname="ToilRelic.PlayModeTests.SampleSceneP0PlayModeTests.P0_VersionOneSaveWithoutEquipmentFieldsLoadsAndNormalizes" methodname="P0_VersionOneSaveWithoutEquipmentFieldsLoadsAndNormalizes" classname="ToilRelic.PlayModeTests.SampleSceneP0PlayModeTests" runstate="Runnable" seed="378192001" result="Passed" start-time="2026-07-27 04:14:30Z" end-time="2026-07-27 04:14:31Z" duration="0.491497" asserts="0">
              <properties>
                <property name="_JOINTYPE" value="UnityCombinatorial" />
                <property name="retryIteration" value="0" />
                <property name="repeatIteration" value="0" />
              </properties>
            </test-case>
            <test-case id="1039" name="P0_VictoryReturnsToCampWithVisibleOutcome" fullname="ToilRelic.PlayModeTests.SampleSceneP0PlayModeTests.P0_VictoryReturnsToCampWithVisibleOutcome" methodname="P0_VictoryReturnsToCampWithVisibleOutcome" classname="ToilRelic.PlayModeTests.SampleSceneP0PlayModeTests" runstate="Runnable" seed="203304729" result="Passed" start-time="2026-07-27 04:14:31Z" end-time="2026-07-27 04:14:31Z" duration="0.253516" asserts="0">
              <properties>
                <property name="_JOINTYPE" value="UnityCombinatorial" />
                <property name="retryIteration" value="0" />
                <property name="repeatIteration" value="0" />
              </properties>
              <output><![CDATA[Saving results to: C:/Users/User/AppData/LocalLow/DefaultCompany/_unity-bootstrap\TestResults.xml
]]></output>
            </test-case>
          </test-suite>
        </test-suite>
      </test-suite>
    </test-suite>
  </test-suite>
</test-run>