<?xml version="1.0" encoding="utf-8"?>
<test-run id="2" testcasecount="1" result="Passed" total="1" passed="1" failed="0" inconclusive="0" skipped="0" asserts="0" engine-version="3.5.0.0" clr-version="4.0.30319.42000" start-time="2026-07-24 04:41:28Z" end-time="2026-07-24 04:41:29Z" duration="1.0232663">
  <test-suite type="TestSuite" id="1051" name="_unity-bootstrap" fullname="_unity-bootstrap" runstate="Runnable" testcasecount="43" result="Passed" start-time="2026-07-24 04:41:28Z" end-time="2026-07-24 04:41:29Z" duration="1.023266" total="1" passed="1" failed="0" inconclusive="0" skipped="0" asserts="0">
    <properties>
      <property name="platform" value="PlayMode" />
    </properties>
    <test-suite type="Assembly" id="1045" name="ToilRelic.PlayModeTests.dll" fullname="C:/Toil-Relic-main/unity/Library/ScriptAssemblies/ToilRelic.PlayModeTests.dll" runstate="Runnable" testcasecount="43" result="Passed" start-time="2026-07-24 04:41:28Z" end-time="2026-07-24 04:41:29Z" duration="0.997997" total="1" passed="1" failed="0" inconclusive="0" skipped="0" asserts="0">
      <properties>
        <property name="_PID" value="17480" />
        <property name="_APPDOMAIN" value="Unity Child Domain" />
        <property name="platform" value="PlayMode" />
        <property name="EditorOnly" value="False" />
      </properties>
      <test-suite type="TestSuite" id="1046" name="ToilRelic" fullname="ToilRelic" runstate="Runnable" testcasecount="43" result="Passed" start-time="2026-07-24 04:41:28Z" end-time="2026-07-24 04:41:29Z" duration="0.995262" total="1" passed="1" failed="0" inconclusive="0" skipped="0" asserts="0">
        <properties />
        <test-suite type="TestSuite" id="1047" name="PlayModeTests" fullname="ToilRelic.PlayModeTests" runstate="Runnable" testcasecount="43" result="Passed" start-time="2026-07-24 04:41:28Z" end-time="2026-07-24 04:41:29Z" duration="0.990766" total="1" passed="1" failed="0" inconclusive="0" skipped="0" asserts="0">
          <properties />
          <test-suite type="TestFixture" id="1001" name="SampleSceneP0PlayModeTests" fullname="ToilRelic.PlayModeTests.SampleSceneP0PlayModeTests" classname="ToilRelic.PlayModeTests.SampleSceneP0PlayModeTests" runstate="Runnable" testcasecount="43" result="Passed" start-time="2026-07-24 04:41:28Z" end-time="2026-07-24 04:41:29Z" duration="0.983262" total="1" passed="1" failed="0" inconclusive="0" skipped="0" asserts="0">
            <properties />
            <test-case id="1020" name="P0_NewGameButtonReplacesValidFixtureSave" fullname="ToilRelic.PlayModeTests.SampleSceneP0PlayModeTests.P0_NewGameButtonReplacesValidFixtureSave" methodname="P0_NewGameButtonReplacesValidFixtureSave" classname="ToilRelic.PlayModeTests.SampleSceneP0PlayModeTests" runstate="Runnable" seed="927302634" result="Passed" start-time="2026-07-24 04:41:28Z" end-time="2026-07-24 04:41:29Z" duration="0.943256" asserts="0">
              <properties>
                <property name="_JOINTYPE" value="UnityCombinatorial" />
                <property name="Category" value="PlayModeActionContracts" />
                <property name="retryIteration" value="0" />
                <property name="repeatIteration" value="0" />
              </properties>
              <output><![CDATA[Saving results to: C:/Users/User/AppData/LocalLow/DefaultCompany/_unity-bootstrap\TestResults.xml
]]></output>
            </test-case>
          </test-suite>
        </test-suite>
      </test-suite>
    </test-suite>
  </test-suite>
</test-run>