<?xml version="1.0" encoding="utf-8"?>
<test-run id="2" testcasecount="43" result="Skipped:Ignored" total="43" passed="42" failed="0" inconclusive="0" skipped="1" asserts="0" engine-version="3.5.0.0" clr-version="4.0.30319.42000" start-time="2026-07-24 02:26:55Z" end-time="2026-07-24 02:27:05Z" duration="10.6530183">
  <test-suite type="TestSuite" id="1051" name="_unity-bootstrap" fullname="_unity-bootstrap" runstate="Runnable" testcasecount="43" result="Skipped" label="Ignored" start-time="2026-07-24 02:26:55Z" end-time="2026-07-24 02:27:05Z" duration="10.653018" total="43" passed="42" failed="0" inconclusive="0" skipped="1" asserts="0">
    <properties>
      <property name="platform" value="PlayMode" />
    </properties>
    <reason>
      <message><![CDATA[One or more child tests were ignored]]></message>
    </reason>
    <test-suite type="Assembly" id="1045" name="ToilRelic.PlayModeTests.dll" fullname="C:/Toil-Relic-main/unity/Library/ScriptAssemblies/ToilRelic.PlayModeTests.dll" runstate="Runnable" testcasecount="43" result="Skipped" label="Ignored" start-time="2026-07-24 02:26:55Z" end-time="2026-07-24 02:27:05Z" duration="10.645202" total="43" passed="42" failed="0" inconclusive="0" skipped="1" asserts="0">
      <properties>
        <property name="_PID" value="33020" />
        <property name="_APPDOMAIN" value="Unity Child Domain" />
        <property name="platform" value="PlayMode" />
        <property name="EditorOnly" value="False" />
      </properties>
      <reason>
        <message><![CDATA[One or more child tests were ignored]]></message>
      </reason>
      <test-suite type="TestSuite" id="1046" name="ToilRelic" fullname="ToilRelic" runstate="Runnable" testcasecount="43" result="Skipped" label="Ignored" start-time="2026-07-24 02:26:55Z" end-time="2026-07-24 02:27:05Z" duration="10.644337" total="43" passed="42" failed="0" inconclusive="0" skipped="1" asserts="0">
        <properties />
        <reason>
          <message><![CDATA[One or more child tests were ignored]]></message>
        </reason>
        <test-suite type="TestSuite" id="1047" name="PlayModeTests" fullname="ToilRelic.PlayModeTests" runstate="Runnable" testcasecount="43" result="Skipped" label="Ignored" start-time="2026-07-24 02:26:55Z" end-time="2026-07-24 02:27:05Z" duration="10.643800" total="43" passed="42" failed="0" inconclusive="0" skipped="1" asserts="0">
          <properties />
          <reason>
            <message><![CDATA[One or more child tests were ignored]]></message>
          </reason>
          <test-suite type="TestFixture" id="1001" name="SampleSceneP0PlayModeTests" fullname="ToilRelic.PlayModeTests.SampleSceneP0PlayModeTests" classname="ToilRelic.PlayModeTests.SampleSceneP0PlayModeTests" runstate="Runnable" testcasecount="43" result="Skipped" label="Ignored" start-time="2026-07-24 02:26:55Z" end-time="2026-07-24 02:27:05Z" duration="10.642230" total="43" passed="42" failed="0" inconclusive="0" skipped="1" asserts="0">
            <properties />
            <reason>
              <message><![CDATA[One or more child tests were ignored]]></message>
            </reason>
            <test-case id="1025" name="P0_AttackButtonKeepsDurableEnemyAndReturnsControl" fullname="ToilRelic.PlayModeTests.SampleSceneP0PlayModeTests.P0_AttackButtonKeepsDurableEnemyAndReturnsControl" methodname="P0_AttackButtonKeepsDurableEnemyAndReturnsControl" classname="ToilRelic.PlayModeTests.SampleSceneP0PlayModeTests" runstate="Runnable" seed="1399702698" result="Passed" start-time="2026-07-24 02:26:55Z" end-time="2026-07-24 02:26:55Z" duration="0.386876" asserts="0">
              <properties>
                <property name="_JOINTYPE" value="UnityCombinatorial" />
                <property name="Category" value="PlayModeActionContracts" />
                <property name="retryIteration" value="0" />
                <property name="repeatIteration" value="0" />
              </properties>
            </test-case>
            <test-case id="1012" name="P0_AuthenticVersionlessScoreSaveLoadsAndNormalizes" fullname="ToilRelic.PlayModeTests.SampleSceneP0PlayModeTests.P0_AuthenticVersionlessScoreSaveLoadsAndNormalizes" methodname="P0_AuthenticVersionlessScoreSaveLoadsAndNormalizes" classname="ToilRelic.PlayModeTests.SampleSceneP0PlayModeTests" runstate="Runnable" seed="613956285" result="Passed" start-time="2026-07-24 02:26:55Z" end-time="2026-07-24 02:26:56Z" duration="0.438267" asserts="0">
              <properties>
                <property name="_JOINTYPE" value="UnityCombinatorial" />
                <property name="retryIteration" value="0" />
                <property name="repeatIteration" value="0" />
              </properties>
            </test-case>
            <test-case id="1030" name="P0_BattlePanelFitsBelowVisibleStatusAtWidescreenFloor" fullname="ToilRelic.PlayModeTests.SampleSceneP0PlayModeTests.P0_BattlePanelFitsBelowVisibleStatusAtWidescreenFloor" methodname="P0_BattlePanelFitsBelowVisibleStatusAtWidescreenFloor" classname="ToilRelic.PlayModeTests.SampleSceneP0PlayModeTests" runstate="Runnable" seed="1521863843" result="Passed" start-time="2026-07-24 02:26:56Z" end-time="2026-07-24 02:26:56Z" duration="0.198135" asserts="0">
              <properties>
                <property name="_JOINTYPE" value="UnityCombinatorial" />
                <property name="retryIteration" value="0" />
                <property name="repeatIteration" value="0" />
              </properties>
            </test-case>
            <test-case id="1038" name="P0_BattleUiShowsStateAndDisablesActionsOutsidePlayerPhase" fullname="ToilRelic.PlayModeTests.SampleSceneP0PlayModeTests.P0_BattleUiShowsStateAndDisablesActionsOutsidePlayerPhase" methodname="P0_BattleUiShowsStateAndDisablesActionsOutsidePlayerPhase" classname="ToilRelic.PlayModeTests.SampleSceneP0PlayModeTests" runstate="Runnable" seed="1862496782" result="Passed" start-time="2026-07-24 02:26:56Z" end-time="2026-07-24 02:26:56Z" duration="0.190831" asserts="0">
              <properties>
                <property name="_JOINTYPE" value="UnityCombinatorial" />
                <property name="retryIteration" value="0" />
                <property name="repeatIteration" value="0" />
              </properties>
            </test-case>
            <test-case id="1006" name="P0_ButtonsBindAllCoreGameActions" fullname="ToilRelic.PlayModeTests.SampleSceneP0PlayModeTests.P0_ButtonsBindAllCoreGameActions" methodname="P0_ButtonsBindAllCoreGameActions" classname="ToilRelic.PlayModeTests.SampleSceneP0PlayModeTests" runstate="Runnable" seed="466635563" result="Passed" start-time="2026-07-24 02:26:56Z" end-time="2026-07-24 02:26:56Z" duration="0.178351" asserts="0">
              <properties>
                <property name="_JOINTYPE" value="UnityCombinatorial" />
                <property name="retryIteration" value="0" />
                <property name="repeatIteration" value="0" />
              </properties>
            </test-case>
            <test-case id="1034" name="P0_CampSaveSuccessPreservesActionMessage" fullname="ToilRelic.PlayModeTests.SampleSceneP0PlayModeTests.P0_CampSaveSuccessPreservesActionMessage" methodname="P0_CampSaveSuccessPreservesActionMessage" classname="ToilRelic.PlayModeTests.SampleSceneP0PlayModeTests" runstate="Runnable" seed="1438957610" result="Passed" start-time="2026-07-24 02:26:56Z" end-time="2026-07-24 02:26:56Z" duration="0.185083" asserts="0">
              <properties>
                <property name="_JOINTYPE" value="UnityCombinatorial" />
                <property name="retryIteration" value="0" />
                <property name="repeatIteration" value="0" />
              </properties>
            </test-case>
            <test-case id="1037" name="P0_CaptureLayoutEvidenceWhenRequested" fullname="ToilRelic.PlayModeTests.SampleSceneP0PlayModeTests.P0_CaptureLayoutEvidenceWhenRequested" methodname="P0_CaptureLayoutEvidenceWhenRequested" classname="ToilRelic.PlayModeTests.SampleSceneP0PlayModeTests" runstate="Runnable" seed="1847027643" result="Skipped" label="Ignored" start-time="2026-07-24 02:26:56Z" end-time="2026-07-24 02:26:57Z" duration="0.169402" asserts="0">
              <properties>
                <property name="_JOINTYPE" value="UnityCombinatorial" />
                <property name="retryIteration" value="0" />
                <property name="repeatIteration" value="0" />
              </properties>
              <reason>
                <message><![CDATA[Set TOIL_RELIC_LAYOUT_EVIDENCE_DIR to capture viewport-specific layout evidence.]]></message>
              </reason>
            </test-case>
            <test-case id="1021" name="P0_CraftButtonConsumesExactCostAndPersistsReward" fullname="ToilRelic.PlayModeTests.SampleSceneP0PlayModeTests.P0_CraftButtonConsumesExactCostAndPersistsReward" methodname="P0_CraftButtonConsumesExactCostAndPersistsReward" classname="ToilRelic.PlayModeTests.SampleSceneP0PlayModeTests" runstate="Runnable" seed="1012753374" result="Passed" start-time="2026-07-24 02:26:57Z" end-time="2026-07-24 02:26:57Z" duration="0.170196" asserts="0">
              <properties>
                <property name="_JOINTYPE" value="UnityCombinatorial" />
                <property name="Category" value="PlayModeActionContracts" />
                <property name="retryIteration" value="0" />
                <property name="repeatIteration" value="0" />
              </properties>
            </test-case>
            <test-case id="1022" name="P0_CraftButtonInsufficientMaterialsPersistsUnchangedState" fullname="ToilRelic.PlayModeTests.SampleSceneP0PlayModeTests.P0_CraftButtonInsufficientMaterialsPersistsUnchangedState" methodname="P0_CraftButtonInsufficientMaterialsPersistsUnchangedState" classname="ToilRelic.PlayModeTests.SampleSceneP0PlayModeTests" runstate="Runnable" seed="1735608268" result="Passed" start-time="2026-07-24 02:26:57Z" end-time="2026-07-24 02:26:57Z" duration="0.172113" asserts="0">
              <properties>
                <property name="_JOINTYPE" value="UnityCombinatorial" />
                <property name="Category" value="PlayModeActionContracts" />
                <property name="retryIteration" value="0" />
                <property name="repeatIteration" value="0" />
              </properties>
            </test-case>
            <test-case id="1014" name="P0_CurrentSaveRejectsInvalidCorePlayerValues" fullname="ToilRelic.PlayModeTests.SampleSceneP0PlayModeTests.P0_CurrentSaveRejectsInvalidCorePlayerValues" methodname="P0_CurrentSaveRejectsInvalidCorePlayerValues" classname="ToilRelic.PlayModeTests.SampleSceneP0PlayModeTests" runstate="Runnable" seed="461337165" result="Passed" start-time="2026-07-24 02:26:57Z" end-time="2026-07-24 02:26:57Z" duration="0.260026" asserts="0">
              <properties>
                <property name="_JOINTYPE" value="UnityCombinatorial" />
                <property name="retryIteration" value="0" />
                <property name="repeatIteration" value="0" />
              </properties>
            </test-case>
            <test-case id="1013" name="P0_CurrentSaveRequiresEveryStableCorePlayerField" fullname="ToilRelic.PlayModeTests.SampleSceneP0PlayModeTests.P0_CurrentSaveRequiresEveryStableCorePlayerField" methodname="P0_CurrentSaveRequiresEveryStableCorePlayerField" classname="ToilRelic.PlayModeTests.SampleSceneP0PlayModeTests" runstate="Runnable" seed="454698653" result="Passed" start-time="2026-07-24 02:26:57Z" end-time="2026-07-24 02:26:57Z" duration="0.242387" asserts="0">
              <properties>
                <property name="_JOINTYPE" value="UnityCombinatorial" />
                <property name="retryIteration" value="0" />
                <property name="repeatIteration" value="0" />
              </properties>
            </test-case>
            <test-case id="1043" name="P0_DefeatReturnsToCampWithVisibleOutcome" fullname="ToilRelic.PlayModeTests.SampleSceneP0PlayModeTests.P0_DefeatReturnsToCampWithVisibleOutcome" methodname="P0_DefeatReturnsToCampWithVisibleOutcome" classname="ToilRelic.PlayModeTests.SampleSceneP0PlayModeTests" runstate="Runnable" seed="587247039" result="Passed" start-time="2026-07-24 02:26:57Z" end-time="2026-07-24 02:26:58Z" duration="0.181175" asserts="0">
              <properties>
                <property name="_JOINTYPE" value="UnityCombinatorial" />
                <property name="retryIteration" value="0" />
                <property name="repeatIteration" value="0" />
              </properties>
            </test-case>
            <test-case id="1042" name="P0_EquipSaveFailureRemainsVisible" fullname="ToilRelic.PlayModeTests.SampleSceneP0PlayModeTests.P0_EquipSaveFailureRemainsVisible" methodname="P0_EquipSaveFailureRemainsVisible" classname="ToilRelic.PlayModeTests.SampleSceneP0PlayModeTests" runstate="Runnable" seed="480006641" result="Passed" start-time="2026-07-24 02:26:58Z" end-time="2026-07-24 02:26:58Z" duration="0.170245" asserts="0">
              <properties>
                <property name="_JOINTYPE" value="UnityCombinatorial" />
                <property name="retryIteration" value="0" />
                <property name="repeatIteration" value="0" />
              </properties>
              <output><![CDATA[Save write failed. System.IO.DirectoryNotFoundException: Could not find a part of the path "C:\Users\User\AppData\Local\Temp\DefaultCompany\_unity-bootstrap\74e78985-ac43-4875-8a39-74e5c8f26ec3\toil_relic_save.json".
  at System.IO.FileStream..ctor (System.String path, System.IO.FileMode mode, System.IO.FileAccess access, System.IO.FileShare share, System.Int32 bufferSize, System.Boolean anonymous, System.IO.FileOptions options) [0x00164] in <41d29b352f6a475ab1bf7c6628b82790>:0
  at System.IO.FileStream..ctor (System.String path, System.IO.FileMode mode, System.IO.FileAccess access, System.IO.FileShare share, System.Int32 bufferSize, System.IO.FileOptions options) [0x00000] in <41d29b352f6a475ab1bf7c6628b82790>:0
  at (wrapper remoting-invoke-with-check) System.IO.FileStream..ctor(string,System.IO.FileMode,System.IO.FileAccess,System.IO.FileShare,int,System.IO.FileOptions)
  at System.IO.StreamWriter..ctor (System.String path, System.Boolean append, System.Text.Encoding encoding, System.Int32 bufferSize) [0x00055] in <41d29b352f6a475ab1bf7c6628b82790>:0
  at System.IO.StreamWriter..ctor (System.String path) [0x00008] in <41d29b352f6a475ab1bf7c6628b82790>:0
  at (wrapper remoting-invoke-with-check) System.IO.StreamWriter..ctor(string)
  at System.IO.File.WriteAllText (System.String path, System.String contents) [0x00026] in <41d29b352f6a475ab1bf7c6628b82790>:0
  at ToilRelic.Unity.Save.SaveService.Save (ToilRelic.Unity.Core.PlayerState player) [0x0001a] in C:\Toil-Relic-main\unity\Assets\Scripts\Save\SaveService.cs:78
]]></output>
            </test-case>
            <test-case id="1026" name="P0_FleeButtonFailureKeepsEncounterAndReturnsControl" fullname="ToilRelic.PlayModeTests.SampleSceneP0PlayModeTests.P0_FleeButtonFailureKeepsEncounterAndReturnsControl" methodname="P0_FleeButtonFailureKeepsEncounterAndReturnsControl" classname="ToilRelic.PlayModeTests.SampleSceneP0PlayModeTests" runstate="Runnable" seed="619586747" result="Passed" start-time="2026-07-24 02:26:58Z" end-time="2026-07-24 02:26:58Z" duration="0.166560" asserts="0">
              <properties>
                <property name="_JOINTYPE" value="UnityCombinatorial" />
                <property name="Category" value="PlayModeActionContracts" />
                <property name="retryIteration" value="0" />
                <property name="repeatIteration" value="0" />
              </properties>
            </test-case>
            <test-case id="1005" name="P0_GameActionBridgeReferencesGameManager" fullname="ToilRelic.PlayModeTests.SampleSceneP0PlayModeTests.P0_GameActionBridgeReferencesGameManager" methodname="P0_GameActionBridgeReferencesGameManager" classname="ToilRelic.PlayModeTests.SampleSceneP0PlayModeTests" runstate="Runnable" seed="951965907" result="Passed" start-time="2026-07-24 02:26:58Z" end-time="2026-07-24 02:26:58Z" duration="0.162481" asserts="0">
              <properties>
                <property name="_JOINTYPE" value="UnityCombinatorial" />
                <property name="retryIteration" value="0" />
                <property name="repeatIteration" value="0" />
              </properties>
            </test-case>
            <test-case id="1003" name="P0_GameManagerHasEnemyAndDropTable" fullname="ToilRelic.PlayModeTests.SampleSceneP0PlayModeTests.P0_GameManagerHasEnemyAndDropTable" methodname="P0_GameManagerHasEnemyAndDropTable" classname="ToilRelic.PlayModeTests.SampleSceneP0PlayModeTests" runstate="Runnable" seed="1766732866" result="Passed" start-time="2026-07-24 02:26:58Z" end-time="2026-07-24 02:26:58Z" duration="0.168756" asserts="0">
              <properties>
                <property name="_JOINTYPE" value="UnityCombinatorial" />
                <property name="retryIteration" value="0" />
                <property name="repeatIteration" value="0" />
              </properties>
            </test-case>
            <test-case id="1032" name="P0_HudAndStatusMeetCompactTypographyContracts" fullname="ToilRelic.PlayModeTests.SampleSceneP0PlayModeTests.P0_HudAndStatusMeetCompactTypographyContracts" methodname="P0_HudAndStatusMeetCompactTypographyContracts" classname="ToilRelic.PlayModeTests.SampleSceneP0PlayModeTests" runstate="Runnable" seed="1345900033" result="Passed" start-time="2026-07-24 02:26:58Z" end-time="2026-07-24 02:26:58Z" duration="0.176877" asserts="0">
              <properties>
                <property name="_JOINTYPE" value="UnityCombinatorial" />
                <property name="retryIteration" value="0" />
                <property name="repeatIteration" value="0" />
              </properties>
            </test-case>
            <test-case id="1027" name="P0_HudIsWiredAndDisplaysPlayerState" fullname="ToilRelic.PlayModeTests.SampleSceneP0PlayModeTests.P0_HudIsWiredAndDisplaysPlayerState" methodname="P0_HudIsWiredAndDisplaysPlayerState" classname="ToilRelic.PlayModeTests.SampleSceneP0PlayModeTests" runstate="Runnable" seed="1388696191" result="Passed" start-time="2026-07-24 02:26:58Z" end-time="2026-07-24 02:26:59Z" duration="0.169847" asserts="0">
              <properties>
                <property name="_JOINTYPE" value="UnityCombinatorial" />
                <property name="retryIteration" value="0" />
                <property name="repeatIteration" value="0" />
              </properties>
            </test-case>
            <test-case id="1028" name="P0_HudRefreshesWhenPlayerStateChanges" fullname="ToilRelic.PlayModeTests.SampleSceneP0PlayModeTests.P0_HudRefreshesWhenPlayerStateChanges" methodname="P0_HudRefreshesWhenPlayerStateChanges" classname="ToilRelic.PlayModeTests.SampleSceneP0PlayModeTests" runstate="Runnable" seed="745719618" result="Passed" start-time="2026-07-24 02:26:59Z" end-time="2026-07-24 02:26:59Z" duration="0.186789" asserts="0">
              <properties>
                <property name="_JOINTYPE" value="UnityCombinatorial" />
                <property name="retryIteration" value="0" />
                <property name="repeatIteration" value="0" />
              </properties>
            </test-case>
            <test-case id="1008" name="P0_InitialEntryShowsTitleAndMatchesContinueAvailability" fullname="ToilRelic.PlayModeTests.SampleSceneP0PlayModeTests.P0_InitialEntryShowsTitleAndMatchesContinueAvailability" methodname="P0_InitialEntryShowsTitleAndMatchesContinueAvailability" classname="ToilRelic.PlayModeTests.SampleSceneP0PlayModeTests" runstate="Runnable" seed="1430507699" result="Passed" start-time="2026-07-24 02:26:59Z" end-time="2026-07-24 02:26:59Z" duration="0.241398" asserts="0">
              <properties>
                <property name="_JOINTYPE" value="UnityCombinatorial" />
                <property name="retryIteration" value="0" />
                <property name="repeatIteration" value="0" />
              </properties>
            </test-case>
            <test-case id="1010" name="P0_LegacySaveWithoutEquipmentFieldsLoadsAndNormalizes" fullname="ToilRelic.PlayModeTests.SampleSceneP0PlayModeTests.P0_LegacySaveWithoutEquipmentFieldsLoadsAndNormalizes" methodname="P0_LegacySaveWithoutEquipmentFieldsLoadsAndNormalizes" classname="ToilRelic.PlayModeTests.SampleSceneP0PlayModeTests" runstate="Runnable" seed="1619553232" result="Passed" start-time="2026-07-24 02:26:59Z" end-time="2026-07-24 02:27:00Z" duration="0.545209" asserts="0">
              <properties>
                <property name="_JOINTYPE" value="UnityCombinatorial" />
                <property name="retryIteration" value="0" />
                <property name="repeatIteration" value="0" />
              </properties>
            </test-case>
            <test-case id="1020" name="P0_NewGameButtonReplacesValidFixtureSave" fullname="ToilRelic.PlayModeTests.SampleSceneP0PlayModeTests.P0_NewGameButtonReplacesValidFixtureSave" methodname="P0_NewGameButtonReplacesValidFixtureSave" classname="ToilRelic.PlayModeTests.SampleSceneP0PlayModeTests" runstate="Runnable" seed="853685853" result="Passed" start-time="2026-07-24 02:27:00Z" end-time="2026-07-24 02:27:00Z" duration="0.584879" asserts="0">
              <properties>
                <property name="_JOINTYPE" value="UnityCombinatorial" />
                <property name="Category" value="PlayModeActionContracts" />
                <property name="retryIteration" value="0" />
                <property name="repeatIteration" value="0" />
              </properties>
            </test-case>
            <test-case id="1015" name="P0_PartialCurrentSaveDisablesContinueWithoutChangingBytes" fullname="ToilRelic.PlayModeTests.SampleSceneP0PlayModeTests.P0_PartialCurrentSaveDisablesContinueWithoutChangingBytes" methodname="P0_PartialCurrentSaveDisablesContinueWithoutChangingBytes" classname="ToilRelic.PlayModeTests.SampleSceneP0PlayModeTests" runstate="Runnable" seed="572411108" result="Passed" start-time="2026-07-24 02:27:00Z" end-time="2026-07-24 02:27:01Z" duration="0.443805" asserts="0">
              <properties>
                <property name="_JOINTYPE" value="UnityCombinatorial" />
                <property name="retryIteration" value="0" />
                <property name="repeatIteration" value="0" />
              </properties>
              <output><![CDATA[Save load failed. The save did not contain all required player fields.
]]></output>
            </test-case>
            <test-case id="1024" name="P0_PotionButtonAtFullHpPreservesPotionAndControl" fullname="ToilRelic.PlayModeTests.SampleSceneP0PlayModeTests.P0_PotionButtonAtFullHpPreservesPotionAndControl" methodname="P0_PotionButtonAtFullHpPreservesPotionAndControl" classname="ToilRelic.PlayModeTests.SampleSceneP0PlayModeTests" runstate="Runnable" seed="625810988" result="Passed" start-time="2026-07-24 02:27:01Z" end-time="2026-07-24 02:27:01Z" duration="0.209246" asserts="0">
              <properties>
                <property name="_JOINTYPE" value="UnityCombinatorial" />
                <property name="Category" value="PlayModeActionContracts" />
                <property name="retryIteration" value="0" />
                <property name="repeatIteration" value="0" />
              </properties>
            </test-case>
            <test-case id="1023" name="P0_PotionButtonConsumesPotionAndCompletesEnemyResponse" fullname="ToilRelic.PlayModeTests.SampleSceneP0PlayModeTests.P0_PotionButtonConsumesPotionAndCompletesEnemyResponse" methodname="P0_PotionButtonConsumesPotionAndCompletesEnemyResponse" classname="ToilRelic.PlayModeTests.SampleSceneP0PlayModeTests" runstate="Runnable" seed="2059229486" result="Passed" start-time="2026-07-24 02:27:01Z" end-time="2026-07-24 02:27:01Z" duration="0.199153" asserts="0">
              <properties>
                <property name="_JOINTYPE" value="UnityCombinatorial" />
                <property name="Category" value="PlayModeActionContracts" />
                <property name="retryIteration" value="0" />
                <property name="repeatIteration" value="0" />
              </properties>
            </test-case>
            <test-case id="1019" name="P0_ReplacementFailureKeepsUnreadableTitleState" fullname="ToilRelic.PlayModeTests.SampleSceneP0PlayModeTests.P0_ReplacementFailureKeepsUnreadableTitleState" methodname="P0_ReplacementFailureKeepsUnreadableTitleState" classname="ToilRelic.PlayModeTests.SampleSceneP0PlayModeTests" runstate="Runnable" seed="5893519" result="Passed" start-time="2026-07-24 02:27:01Z" end-time="2026-07-24 02:27:01Z" duration="0.424082" asserts="0">
              <properties>
                <property name="_JOINTYPE" value="UnityCombinatorial" />
                <property name="retryIteration" value="0" />
                <property name="repeatIteration" value="0" />
              </properties>
              <output><![CDATA[Save load failed. System.IO.IOException: Sharing violation on path C:\Users\User\AppData\Local\Temp\toil-relic-unity-tests-5643d6c7406e42ca8cf7ce23a538a0db\toil_relic_save.json
  at System.IO.FileStream..ctor (System.String path, System.IO.FileMode mode, System.IO.FileAccess access, System.IO.FileShare share, System.Int32 bufferSize, System.Boolean anonymous, System.IO.FileOptions options) [0x0019e] in <41d29b352f6a475ab1bf7c6628b82790>:0
  at System.IO.FileStream..ctor (System.String path, System.IO.FileMode mode, System.IO.FileAccess access, System.IO.FileShare share, System.Int32 bufferSize, System.IO.FileOptions options) [0x00000] in <41d29b352f6a475ab1bf7c6628b82790>:0
  at (wrapper remoting-invoke-with-check) System.IO.FileStream..ctor(string,System.IO.FileMode,System.IO.FileAccess,System.IO.FileShare,int,System.IO.FileOptions)
  at System.IO.StreamReader..ctor (System.String path, System.Text.Encoding encoding, System.Boolean detectEncodingFromByteOrderMarks, System.Int32 bufferSize) [0x00055] in <41d29b352f6a475ab1bf7c6628b82790>:0
  at System.IO.StreamReader..ctor (System.String path, System.Text.Encoding encoding, System.Boolean detectEncodingFromByteOrderMarks) [0x00000] in <41d29b352f6a475ab1bf7c6628b82790>:0
  at (wrapper remoting-invoke-with-check) System.IO.StreamReader..ctor(string,System.Text.Encoding,bool)
  at System.IO.File.InternalReadAllText (System.String path, System.Text.Encoding encoding) [0x00000] in <41d29b352f6a475ab1bf7c6628b82790>:0
  at System.IO.File.ReadAllText (System.String path) [0x0002c] in <41d29b352f6a475ab1bf7c6628b82790>:0
  at ToilRelic.Unity.Save.SaveService.Load () [0x00000] in C:\Toil-Relic-main\unity\Assets\Scripts\Save\SaveService.cs:91
Save delete failed. System.IO.IOException: The process cannot access the file 'C:\Users\User\AppData\Local\Temp\toil-relic-unity-tests-5643d6c7406e42ca8cf7ce23a538a0db\toil_relic_save.json' because it is being used by another process.
  at System.IO.FileSystem.DeleteFile (System.String fullPath) [0x0001a] in <41d29b352f6a475ab1bf7c6628b82790>:0
  at System.IO.File.Delete (System.String path) [0x00014] in <41d29b352f6a475ab1bf7c6628b82790>:0
  at ToilRelic.Unity.Save.SaveService.Delete () [0x00000] in C:\Toil-Relic-main\unity\Assets\Scripts\Save\SaveService.cs:63
]]></output>
            </test-case>
            <test-case id="1041" name="P0_RestSaveFailureRemainsVisible" fullname="ToilRelic.PlayModeTests.SampleSceneP0PlayModeTests.P0_RestSaveFailureRemainsVisible" methodname="P0_RestSaveFailureRemainsVisible" classname="ToilRelic.PlayModeTests.SampleSceneP0PlayModeTests" runstate="Runnable" seed="1273841257" result="Passed" start-time="2026-07-24 02:27:01Z" end-time="2026-07-24 02:27:02Z" duration="0.207053" asserts="0">
              <properties>
                <property name="_JOINTYPE" value="UnityCombinatorial" />
                <property name="retryIteration" value="0" />
                <property name="repeatIteration" value="0" />
              </properties>
              <output><![CDATA[Save write failed. System.IO.DirectoryNotFoundException: Could not find a part of the path "C:\Users\User\AppData\Local\Temp\DefaultCompany\_unity-bootstrap\065dd088-80e7-4390-9b32-2be9913e9901\toil_relic_save.json".
  at System.IO.FileStream..ctor (System.String path, System.IO.FileMode mode, System.IO.FileAccess access, System.IO.FileShare share, System.Int32 bufferSize, System.Boolean anonymous, System.IO.FileOptions options) [0x00164] in <41d29b352f6a475ab1bf7c6628b82790>:0
  at System.IO.FileStream..ctor (System.String path, System.IO.FileMode mode, System.IO.FileAccess access, System.IO.FileShare share, System.Int32 bufferSize, System.IO.FileOptions options) [0x00000] in <41d29b352f6a475ab1bf7c6628b82790>:0
  at (wrapper remoting-invoke-with-check) System.IO.FileStream..ctor(string,System.IO.FileMode,System.IO.FileAccess,System.IO.FileShare,int,System.IO.FileOptions)
  at System.IO.StreamWriter..ctor (System.String path, System.Boolean append, System.Text.Encoding encoding, System.Int32 bufferSize) [0x00055] in <41d29b352f6a475ab1bf7c6628b82790>:0
  at System.IO.StreamWriter..ctor (System.String path) [0x00008] in <41d29b352f6a475ab1bf7c6628b82790>:0
  at (wrapper remoting-invoke-with-check) System.IO.StreamWriter..ctor(string)
  at System.IO.File.WriteAllText (System.String path, System.String contents) [0x00026] in <41d29b352f6a475ab1bf7c6628b82790>:0
  at ToilRelic.Unity.Save.SaveService.Save (ToilRelic.Unity.Core.PlayerState player) [0x0001a] in C:\Toil-Relic-main\unity\Assets\Scripts\Save\SaveService.cs:78
]]></output>
            </test-case>
            <test-case id="1040" name="P0_SaveFailurePreservesTerminalOutcome" fullname="ToilRelic.PlayModeTests.SampleSceneP0PlayModeTests.P0_SaveFailurePreservesTerminalOutcome" methodname="P0_SaveFailurePreservesTerminalOutcome" classname="ToilRelic.PlayModeTests.SampleSceneP0PlayModeTests" runstate="Runnable" seed="314408977" result="Passed" start-time="2026-07-24 02:27:02Z" end-time="2026-07-24 02:27:02Z" duration="0.204996" asserts="0">
              <properties>
                <property name="_JOINTYPE" value="UnityCombinatorial" />
                <property name="retryIteration" value="0" />
                <property name="repeatIteration" value="0" />
              </properties>
              <output><![CDATA[Save write failed. System.IO.DirectoryNotFoundException: Could not find a part of the path "C:\Users\User\AppData\Local\Temp\DefaultCompany\_unity-bootstrap\56245ca2-c366-4b00-b537-2550a25db8cb\toil_relic_save.json".
  at System.IO.FileStream..ctor (System.String path, System.IO.FileMode mode, System.IO.FileAccess access, System.IO.FileShare share, System.Int32 bufferSize, System.Boolean anonymous, System.IO.FileOptions options) [0x00164] in <41d29b352f6a475ab1bf7c6628b82790>:0
  at System.IO.FileStream..ctor (System.String path, System.IO.FileMode mode, System.IO.FileAccess access, System.IO.FileShare share, System.Int32 bufferSize, System.IO.FileOptions options) [0x00000] in <41d29b352f6a475ab1bf7c6628b82790>:0
  at (wrapper remoting-invoke-with-check) System.IO.FileStream..ctor(string,System.IO.FileMode,System.IO.FileAccess,System.IO.FileShare,int,System.IO.FileOptions)
  at System.IO.StreamWriter..ctor (System.String path, System.Boolean append, System.Text.Encoding encoding, System.Int32 bufferSize) [0x00055] in <41d29b352f6a475ab1bf7c6628b82790>:0
  at System.IO.StreamWriter..ctor (System.String path) [0x00008] in <41d29b352f6a475ab1bf7c6628b82790>:0
  at (wrapper remoting-invoke-with-check) System.IO.StreamWriter..ctor(string)
  at System.IO.File.WriteAllText (System.String path, System.String contents) [0x00026] in <41d29b352f6a475ab1bf7c6628b82790>:0
  at ToilRelic.Unity.Save.SaveService.Save (ToilRelic.Unity.Core.PlayerState player) [0x0001a] in C:\Toil-Relic-main\unity\Assets\Scripts\Save\SaveService.cs:78
]]></output>
            </test-case>
            <test-case id="1035" name="P0_SaveFeedbackPersistsFailureAndClearsContextualSuccess" fullname="ToilRelic.PlayModeTests.SampleSceneP0PlayModeTests.P0_SaveFeedbackPersistsFailureAndClearsContextualSuccess" methodname="P0_SaveFeedbackPersistsFailureAndClearsContextualSuccess" classname="ToilRelic.PlayModeTests.SampleSceneP0PlayModeTests" runstate="Runnable" seed="332566393" result="Passed" start-time="2026-07-24 02:27:02Z" end-time="2026-07-24 02:27:02Z" duration="0.203411" asserts="0">
              <properties>
                <property name="_JOINTYPE" value="UnityCombinatorial" />
                <property name="retryIteration" value="0" />
                <property name="repeatIteration" value="0" />
              </properties>
            </test-case>
            <test-case id="1002" name="P0_SceneHasGameManager" fullname="ToilRelic.PlayModeTests.SampleSceneP0PlayModeTests.P0_SceneHasGameManager" methodname="P0_SceneHasGameManager" classname="ToilRelic.PlayModeTests.SampleSceneP0PlayModeTests" runstate="Runnable" seed="295061178" result="Passed" start-time="2026-07-24 02:27:02Z" end-time="2026-07-24 02:27:02Z" duration="0.189001" asserts="0">
              <properties>
                <property name="_JOINTYPE" value="UnityCombinatorial" />
                <property name="retryIteration" value="0" />
                <property name="repeatIteration" value="0" />
              </properties>
            </test-case>
            <test-case id="1004" name="P0_SceneHasUiActionBridge" fullname="ToilRelic.PlayModeTests.SampleSceneP0PlayModeTests.P0_SceneHasUiActionBridge" methodname="P0_SceneHasUiActionBridge" classname="ToilRelic.PlayModeTests.SampleSceneP0PlayModeTests" runstate="Runnable" seed="750680023" result="Passed" start-time="2026-07-24 02:27:02Z" end-time="2026-07-24 02:27:02Z" duration="0.190504" asserts="0">
              <properties>
                <property name="_JOINTYPE" value="UnityCombinatorial" />
                <property name="retryIteration" value="0" />
                <property name="repeatIteration" value="0" />
              </properties>
            </test-case>
            <test-case id="1033" name="P0_StatusFitsThreeLogicalMessagesAtReadableSize" fullname="ToilRelic.PlayModeTests.SampleSceneP0PlayModeTests.P0_StatusFitsThreeLogicalMessagesAtReadableSize" methodname="P0_StatusFitsThreeLogicalMessagesAtReadableSize" classname="ToilRelic.PlayModeTests.SampleSceneP0PlayModeTests" runstate="Runnable" seed="358672466" result="Passed" start-time="2026-07-24 02:27:02Z" end-time="2026-07-24 02:27:03Z" duration="0.181509" asserts="0">
              <properties>
                <property name="_JOINTYPE" value="UnityCombinatorial" />
                <property name="retryIteration" value="0" />
                <property name="repeatIteration" value="0" />
              </properties>
            </test-case>
            <test-case id="1017" name="P0_StructurallyInvalidSaveDisablesContinueWithoutChangingBytes" fullname="ToilRelic.PlayModeTests.SampleSceneP0PlayModeTests.P0_StructurallyInvalidSaveDisablesContinueWithoutChangingBytes" methodname="P0_StructurallyInvalidSaveDisablesContinueWithoutChangingBytes" classname="ToilRelic.PlayModeTests.SampleSceneP0PlayModeTests" runstate="Runnable" seed="2134770884" result="Passed" start-time="2026-07-24 02:27:03Z" end-time="2026-07-24 02:27:03Z" duration="0.360265" asserts="0">
              <properties>
                <property name="_JOINTYPE" value="UnityCombinatorial" />
                <property name="retryIteration" value="0" />
                <property name="repeatIteration" value="0" />
              </properties>
              <output><![CDATA[Save load failed. The save did not contain all required player fields.
]]></output>
            </test-case>
            <test-case id="1044" name="P0_SuccessfulFleeReturnsToCampWithVisibleOutcome" fullname="ToilRelic.PlayModeTests.SampleSceneP0PlayModeTests.P0_SuccessfulFleeReturnsToCampWithVisibleOutcome" methodname="P0_SuccessfulFleeReturnsToCampWithVisibleOutcome" classname="ToilRelic.PlayModeTests.SampleSceneP0PlayModeTests" runstate="Runnable" seed="917073948" result="Passed" start-time="2026-07-24 02:27:03Z" end-time="2026-07-24 02:27:03Z" duration="0.190313" asserts="0">
              <properties>
                <property name="_JOINTYPE" value="UnityCombinatorial" />
                <property name="retryIteration" value="0" />
                <property name="repeatIteration" value="0" />
              </properties>
            </test-case>
            <test-case id="1036" name="P0_TerminalFailurePreservesOutcomeAndLevelUp" fullname="ToilRelic.PlayModeTests.SampleSceneP0PlayModeTests.P0_TerminalFailurePreservesOutcomeAndLevelUp" methodname="P0_TerminalFailurePreservesOutcomeAndLevelUp" classname="ToilRelic.PlayModeTests.SampleSceneP0PlayModeTests" runstate="Runnable" seed="1647902610" result="Passed" start-time="2026-07-24 02:27:03Z" end-time="2026-07-24 02:27:03Z" duration="0.179307" asserts="0">
              <properties>
                <property name="_JOINTYPE" value="UnityCombinatorial" />
                <property name="retryIteration" value="0" />
                <property name="repeatIteration" value="0" />
              </properties>
            </test-case>
            <test-case id="1031" name="P0_TitleAndCampButtonsKeepAccessibleGeometry" fullname="ToilRelic.PlayModeTests.SampleSceneP0PlayModeTests.P0_TitleAndCampButtonsKeepAccessibleGeometry" methodname="P0_TitleAndCampButtonsKeepAccessibleGeometry" classname="ToilRelic.PlayModeTests.SampleSceneP0PlayModeTests" runstate="Runnable" seed="424512109" result="Passed" start-time="2026-07-24 02:27:03Z" end-time="2026-07-24 02:27:04Z" duration="0.186589" asserts="0">
              <properties>
                <property name="_JOINTYPE" value="UnityCombinatorial" />
                <property name="retryIteration" value="0" />
                <property name="repeatIteration" value="0" />
              </properties>
            </test-case>
            <test-case id="1029" name="P0_TitleAndCampLayoutsFitBelowTopRegionsAtWidescreenFloor" fullname="ToilRelic.PlayModeTests.SampleSceneP0PlayModeTests.P0_TitleAndCampLayoutsFitBelowTopRegionsAtWidescreenFloor" methodname="P0_TitleAndCampLayoutsFitBelowTopRegionsAtWidescreenFloor" classname="ToilRelic.PlayModeTests.SampleSceneP0PlayModeTests" runstate="Runnable" seed="794538504" result="Passed" start-time="2026-07-24 02:27:04Z" end-time="2026-07-24 02:27:04Z" duration="0.177652" asserts="0">
              <properties>
                <property name="_JOINTYPE" value="UnityCombinatorial" />
                <property name="retryIteration" value="0" />
                <property name="repeatIteration" value="0" />
              </properties>
            </test-case>
            <test-case id="1007" name="P0_TitleMenuBindsContinueAndNewGame" fullname="ToilRelic.PlayModeTests.SampleSceneP0PlayModeTests.P0_TitleMenuBindsContinueAndNewGame" methodname="P0_TitleMenuBindsContinueAndNewGame" classname="ToilRelic.PlayModeTests.SampleSceneP0PlayModeTests" runstate="Runnable" seed="682013317" result="Passed" start-time="2026-07-24 02:27:04Z" end-time="2026-07-24 02:27:04Z" duration="0.172746" asserts="0">
              <properties>
                <property name="_JOINTYPE" value="UnityCombinatorial" />
                <property name="retryIteration" value="0" />
                <property name="repeatIteration" value="0" />
              </properties>
            </test-case>
            <test-case id="1016" name="P0_UnreadableSaveDisablesContinueWithoutChangingBytes" fullname="ToilRelic.PlayModeTests.SampleSceneP0PlayModeTests.P0_UnreadableSaveDisablesContinueWithoutChangingBytes" methodname="P0_UnreadableSaveDisablesContinueWithoutChangingBytes" classname="ToilRelic.PlayModeTests.SampleSceneP0PlayModeTests" runstate="Runnable" seed="1869851412" result="Passed" start-time="2026-07-24 02:27:04Z" end-time="2026-07-24 02:27:04Z" duration="0.353041" asserts="0">
              <properties>
                <property name="_JOINTYPE" value="UnityCombinatorial" />
                <property name="retryIteration" value="0" />
                <property name="repeatIteration" value="0" />
              </properties>
              <output><![CDATA[Save load failed. System.ArgumentException: JSON parse error: Missing a name for object member.
  at (wrapper managed-to-native) UnityEngine.JsonUtility.FromJsonInternal_Injected(UnityEngine.Bindings.ManagedSpanWrapper&,object,System.Type)
  at UnityEngine.JsonUtility.FromJsonInternal (System.String json, System.Object objectToOverwrite, System.Type type) [0x0002a] in <81b35c8cb1074810b3bf600c5ff1977e>:0
  at UnityEngine.JsonUtility.FromJsonOverwrite (System.String json, System.Object objectToOverwrite) [0x00059] in <81b35c8cb1074810b3bf600c5ff1977e>:0
  at ToilRelic.Unity.Save.SaveService.Load () [0x00010] in C:\Toil-Relic-main\unity\Assets\Scripts\Save\SaveService.cs:93
]]></output>
            </test-case>
            <test-case id="1018" name="P0_UnsupportedSaveVersionDisablesContinueWithoutChangingBytes" fullname="ToilRelic.PlayModeTests.SampleSceneP0PlayModeTests.P0_UnsupportedSaveVersionDisablesContinueWithoutChangingBytes" methodname="P0_UnsupportedSaveVersionDisablesContinueWithoutChangingBytes" classname="ToilRelic.PlayModeTests.SampleSceneP0PlayModeTests" runstate="Runnable" seed="1599991471" result="Passed" start-time="2026-07-24 02:27:04Z" end-time="2026-07-24 02:27:05Z" duration="0.368459" asserts="0">
              <properties>
                <property name="_JOINTYPE" value="UnityCombinatorial" />
                <property name="retryIteration" value="0" />
                <property name="repeatIteration" value="0" />
              </properties>
              <output><![CDATA[Save load failed. Unsupported save version: 999.
]]></output>
            </test-case>
            <test-case id="1009" name="P0_ValidSaveEnablesContinueAndLoadsCurrentFormat" fullname="ToilRelic.PlayModeTests.SampleSceneP0PlayModeTests.P0_ValidSaveEnablesContinueAndLoadsCurrentFormat" methodname="P0_ValidSaveEnablesContinueAndLoadsCurrentFormat" classname="ToilRelic.PlayModeTests.SampleSceneP0PlayModeTests" runstate="Runnable" seed="975620903" result="Passed" start-time="2026-07-24 02:27:05Z" end-time="2026-07-24 02:27:05Z" duration="0.350179" asserts="0">
              <properties>
                <property name="_JOINTYPE" value="UnityCombinatorial" />
                <property name="retryIteration" value="0" />
                <property name="repeatIteration" value="0" />
              </properties>
            </test-case>
            <test-case id="1011" name="P0_VersionOneSaveWithoutEquipmentFieldsLoadsAndNormalizes" fullname="ToilRelic.PlayModeTests.SampleSceneP0PlayModeTests.P0_VersionOneSaveWithoutEquipmentFieldsLoadsAndNormalizes" methodname="P0_VersionOneSaveWithoutEquipmentFieldsLoadsAndNormalizes" classname="ToilRelic.PlayModeTests.SampleSceneP0PlayModeTests" runstate="Runnable" seed="1755158539" result="Passed" start-time="2026-07-24 02:27:05Z" end-time="2026-07-24 02:27:05Z" duration="0.322709" asserts="0">
              <properties>
                <property name="_JOINTYPE" value="UnityCombinatorial" />
                <property name="retryIteration" value="0" />
                <property name="repeatIteration" value="0" />
              </properties>
            </test-case>
            <test-case id="1039" name="P0_VictoryReturnsToCampWithVisibleOutcome" fullname="ToilRelic.PlayModeTests.SampleSceneP0PlayModeTests.P0_VictoryReturnsToCampWithVisibleOutcome" methodname="P0_VictoryReturnsToCampWithVisibleOutcome" classname="ToilRelic.PlayModeTests.SampleSceneP0PlayModeTests" runstate="Runnable" seed="677394995" result="Passed" start-time="2026-07-24 02:27:05Z" end-time="2026-07-24 02:27:05Z" duration="0.161348" asserts="0">
              <properties>
                <property name="_JOINTYPE" value="UnityCombinatorial" />
                <property name="retryIteration" value="0" />
                <property name="repeatIteration" value="0" />
              </properties>
              <output><![CDATA[Saving results to: C:/Users/User/AppData/LocalLow/DefaultCompany/_unity-bootstrap\TestResults.xml
]]></output>
            </test-case>
          </test-suite>
        </test-suite>
      </test-suite>
    </test-suite>
  </test-suite>
</test-run>