<?xml version="1.0" encoding="utf-8"?>
<test-run id="2" testcasecount="27" result="Skipped:Ignored" total="27" passed="26" failed="0" inconclusive="0" skipped="1" asserts="0" engine-version="3.5.0.0" clr-version="4.0.30319.42000" start-time="2026-07-22 06:35:51Z" end-time="2026-07-22 06:35:57Z" duration="6.2497734">
  <test-suite type="TestSuite" id="1035" name="_unity-bootstrap" fullname="_unity-bootstrap" runstate="Runnable" testcasecount="27" result="Skipped" label="Ignored" start-time="2026-07-22 06:35:51Z" end-time="2026-07-22 06:35:57Z" duration="6.249773" total="27" passed="26" failed="0" inconclusive="0" skipped="1" asserts="0">
    <properties>
      <property name="platform" value="PlayMode" />
    </properties>
    <reason>
      <message><![CDATA[One or more child tests were ignored]]></message>
    </reason>
    <test-suite type="Assembly" id="1029" name="ToilRelic.PlayModeTests.dll" fullname="C:/Toil-Relic-main/unity/Library/ScriptAssemblies/ToilRelic.PlayModeTests.dll" runstate="Runnable" testcasecount="27" result="Skipped" label="Ignored" start-time="2026-07-22 06:35:51Z" end-time="2026-07-22 06:35:57Z" duration="6.241403" total="27" passed="26" failed="0" inconclusive="0" skipped="1" asserts="0">
      <properties>
        <property name="_PID" value="23792" />
        <property name="_APPDOMAIN" value="Unity Child Domain" />
        <property name="platform" value="PlayMode" />
        <property name="EditorOnly" value="False" />
      </properties>
      <reason>
        <message><![CDATA[One or more child tests were ignored]]></message>
      </reason>
      <test-suite type="TestSuite" id="1030" name="ToilRelic" fullname="ToilRelic" runstate="Runnable" testcasecount="27" result="Skipped" label="Ignored" start-time="2026-07-22 06:35:51Z" end-time="2026-07-22 06:35:57Z" duration="6.240469" total="27" passed="26" failed="0" inconclusive="0" skipped="1" asserts="0">
        <properties />
        <reason>
          <message><![CDATA[One or more child tests were ignored]]></message>
        </reason>
        <test-suite type="TestSuite" id="1031" name="PlayModeTests" fullname="ToilRelic.PlayModeTests" runstate="Runnable" testcasecount="27" result="Skipped" label="Ignored" start-time="2026-07-22 06:35:51Z" end-time="2026-07-22 06:35:57Z" duration="6.239911" total="27" passed="26" failed="0" inconclusive="0" skipped="1" asserts="0">
          <properties />
          <reason>
            <message><![CDATA[One or more child tests were ignored]]></message>
          </reason>
          <test-suite type="TestFixture" id="1001" name="SampleSceneP0PlayModeTests" fullname="ToilRelic.PlayModeTests.SampleSceneP0PlayModeTests" classname="ToilRelic.PlayModeTests.SampleSceneP0PlayModeTests" runstate="Runnable" testcasecount="27" result="Skipped" label="Ignored" start-time="2026-07-22 06:35:51Z" end-time="2026-07-22 06:35:57Z" duration="6.238417" total="27" passed="26" failed="0" inconclusive="0" skipped="1" asserts="0">
            <properties />
            <reason>
              <message><![CDATA[One or more child tests were ignored]]></message>
            </reason>
            <test-case id="1022" name="P0_BattleUiShowsStateAndDisablesActionsOutsidePlayerPhase" fullname="ToilRelic.PlayModeTests.SampleSceneP0PlayModeTests.P0_BattleUiShowsStateAndDisablesActionsOutsidePlayerPhase" methodname="P0_BattleUiShowsStateAndDisablesActionsOutsidePlayerPhase" classname="ToilRelic.PlayModeTests.SampleSceneP0PlayModeTests" runstate="Runnable" seed="1893485895" result="Passed" start-time="2026-07-22 06:35:51Z" end-time="2026-07-22 06:35:51Z" duration="0.420724" asserts="0">
              <properties>
                <property name="_JOINTYPE" value="UnityCombinatorial" />
                <property name="retryIteration" value="0" />
                <property name="repeatIteration" value="0" />
              </properties>
            </test-case>
            <test-case id="1006" name="P0_ButtonsBindAllCoreGameActions" fullname="ToilRelic.PlayModeTests.SampleSceneP0PlayModeTests.P0_ButtonsBindAllCoreGameActions" methodname="P0_ButtonsBindAllCoreGameActions" classname="ToilRelic.PlayModeTests.SampleSceneP0PlayModeTests" runstate="Runnable" seed="1551023558" result="Passed" start-time="2026-07-22 06:35:51Z" end-time="2026-07-22 06:35:52Z" duration="0.208212" asserts="0">
              <properties>
                <property name="_JOINTYPE" value="UnityCombinatorial" />
                <property name="retryIteration" value="0" />
                <property name="repeatIteration" value="0" />
              </properties>
            </test-case>
            <test-case id="1018" name="P0_CampSaveSuccessPreservesActionMessage" fullname="ToilRelic.PlayModeTests.SampleSceneP0PlayModeTests.P0_CampSaveSuccessPreservesActionMessage" methodname="P0_CampSaveSuccessPreservesActionMessage" classname="ToilRelic.PlayModeTests.SampleSceneP0PlayModeTests" runstate="Runnable" seed="225433636" result="Passed" start-time="2026-07-22 06:35:52Z" end-time="2026-07-22 06:35:52Z" duration="0.223932" asserts="0">
              <properties>
                <property name="_JOINTYPE" value="UnityCombinatorial" />
                <property name="retryIteration" value="0" />
                <property name="repeatIteration" value="0" />
              </properties>
            </test-case>
            <test-case id="1021" name="P0_CaptureLayoutEvidenceWhenRequested" fullname="ToilRelic.PlayModeTests.SampleSceneP0PlayModeTests.P0_CaptureLayoutEvidenceWhenRequested" methodname="P0_CaptureLayoutEvidenceWhenRequested" classname="ToilRelic.PlayModeTests.SampleSceneP0PlayModeTests" runstate="Runnable" seed="1395299919" result="Skipped" label="Ignored" start-time="2026-07-22 06:35:52Z" end-time="2026-07-22 06:35:52Z" duration="0.202287" asserts="0">
              <properties>
                <property name="_JOINTYPE" value="UnityCombinatorial" />
                <property name="retryIteration" value="0" />
                <property name="repeatIteration" value="0" />
              </properties>
              <reason>
                <message><![CDATA[Set TOIL_RELIC_LAYOUT_EVIDENCE_DIR to capture viewport-specific layout evidence.]]></message>
              </reason>
            </test-case>
            <test-case id="1027" name="P0_DefeatReturnsToCampWithVisibleOutcome" fullname="ToilRelic.PlayModeTests.SampleSceneP0PlayModeTests.P0_DefeatReturnsToCampWithVisibleOutcome" methodname="P0_DefeatReturnsToCampWithVisibleOutcome" classname="ToilRelic.PlayModeTests.SampleSceneP0PlayModeTests" runstate="Runnable" seed="1590343771" result="Passed" start-time="2026-07-22 06:35:52Z" end-time="2026-07-22 06:35:52Z" duration="0.200698" asserts="0">
              <properties>
                <property name="_JOINTYPE" value="UnityCombinatorial" />
                <property name="retryIteration" value="0" />
                <property name="repeatIteration" value="0" />
              </properties>
            </test-case>
            <test-case id="1026" name="P0_EquipSaveFailureRemainsVisible" fullname="ToilRelic.PlayModeTests.SampleSceneP0PlayModeTests.P0_EquipSaveFailureRemainsVisible" methodname="P0_EquipSaveFailureRemainsVisible" classname="ToilRelic.PlayModeTests.SampleSceneP0PlayModeTests" runstate="Runnable" seed="172688706" result="Passed" start-time="2026-07-22 06:35:52Z" end-time="2026-07-22 06:35:52Z" duration="0.193882" asserts="0">
              <properties>
                <property name="_JOINTYPE" value="UnityCombinatorial" />
                <property name="retryIteration" value="0" />
                <property name="repeatIteration" value="0" />
              </properties>
              <output><![CDATA[Save write failed. System.IO.DirectoryNotFoundException: Could not find a part of the path "C:\Users\User\AppData\Local\Temp\DefaultCompany\_unity-bootstrap\3566ffc4-6637-4508-a09a-5c65ab00fd18\toil_relic_save.json".
  at System.IO.FileStream..ctor (System.String path, System.IO.FileMode mode, System.IO.FileAccess access, System.IO.FileShare share, System.Int32 bufferSize, System.Boolean anonymous, System.IO.FileOptions options) [0x00164] in <41d29b352f6a475ab1bf7c6628b82790>:0 
  at System.IO.FileStream..ctor (System.String path, System.IO.FileMode mode, System.IO.FileAccess access, System.IO.FileShare share, System.Int32 bufferSize, System.IO.FileOptions options) [0x00000] in <41d29b352f6a475ab1bf7c6628b82790>:0 
  at (wrapper remoting-invoke-with-check) System.IO.FileStream..ctor(string,System.IO.FileMode,System.IO.FileAccess,System.IO.FileShare,int,System.IO.FileOptions)
  at System.IO.StreamWriter..ctor (System.String path, System.Boolean append, System.Text.Encoding encoding, System.Int32 bufferSize) [0x00055] in <41d29b352f6a475ab1bf7c6628b82790>:0 
  at System.IO.StreamWriter..ctor (System.String path) [0x00008] in <41d29b352f6a475ab1bf7c6628b82790>:0 
  at (wrapper remoting-invoke-with-check) System.IO.StreamWriter..ctor(string)
  at System.IO.File.WriteAllText (System.String path, System.String contents) [0x00026] in <41d29b352f6a475ab1bf7c6628b82790>:0 
  at ToilRelic.Unity.Save.SaveService.Save (ToilRelic.Unity.Core.PlayerState player) [0x00013] in C:\Toil-Relic-main\unity\Assets\Scripts\Save\SaveService.cs:46 
]]></output>
            </test-case>
            <test-case id="1005" name="P0_GameActionBridgeReferencesGameManager" fullname="ToilRelic.PlayModeTests.SampleSceneP0PlayModeTests.P0_GameActionBridgeReferencesGameManager" methodname="P0_GameActionBridgeReferencesGameManager" classname="ToilRelic.PlayModeTests.SampleSceneP0PlayModeTests" runstate="Runnable" seed="190202530" result="Passed" start-time="2026-07-22 06:35:52Z" end-time="2026-07-22 06:35:53Z" duration="0.192527" asserts="0">
              <properties>
                <property name="_JOINTYPE" value="UnityCombinatorial" />
                <property name="retryIteration" value="0" />
                <property name="repeatIteration" value="0" />
              </properties>
            </test-case>
            <test-case id="1003" name="P0_GameManagerHasEnemyAndDropTable" fullname="ToilRelic.PlayModeTests.SampleSceneP0PlayModeTests.P0_GameManagerHasEnemyAndDropTable" methodname="P0_GameManagerHasEnemyAndDropTable" classname="ToilRelic.PlayModeTests.SampleSceneP0PlayModeTests" runstate="Runnable" seed="212925254" result="Passed" start-time="2026-07-22 06:35:53Z" end-time="2026-07-22 06:35:53Z" duration="0.218034" asserts="0">
              <properties>
                <property name="_JOINTYPE" value="UnityCombinatorial" />
                <property name="retryIteration" value="0" />
                <property name="repeatIteration" value="0" />
              </properties>
            </test-case>
            <test-case id="1016" name="P0_HudAndStatusMeetCompactTypographyContracts" fullname="ToilRelic.PlayModeTests.SampleSceneP0PlayModeTests.P0_HudAndStatusMeetCompactTypographyContracts" methodname="P0_HudAndStatusMeetCompactTypographyContracts" classname="ToilRelic.PlayModeTests.SampleSceneP0PlayModeTests" runstate="Runnable" seed="182026092" result="Passed" start-time="2026-07-22 06:35:53Z" end-time="2026-07-22 06:35:53Z" duration="0.202503" asserts="0">
              <properties>
                <property name="_JOINTYPE" value="UnityCombinatorial" />
                <property name="retryIteration" value="0" />
                <property name="repeatIteration" value="0" />
              </properties>
            </test-case>
            <test-case id="1012" name="P0_HudIsWiredAndDisplaysPlayerState" fullname="ToilRelic.PlayModeTests.SampleSceneP0PlayModeTests.P0_HudIsWiredAndDisplaysPlayerState" methodname="P0_HudIsWiredAndDisplaysPlayerState" classname="ToilRelic.PlayModeTests.SampleSceneP0PlayModeTests" runstate="Runnable" seed="2132861204" result="Passed" start-time="2026-07-22 06:35:53Z" end-time="2026-07-22 06:35:53Z" duration="0.197762" asserts="0">
              <properties>
                <property name="_JOINTYPE" value="UnityCombinatorial" />
                <property name="retryIteration" value="0" />
                <property name="repeatIteration" value="0" />
              </properties>
            </test-case>
            <test-case id="1013" name="P0_HudRefreshesWhenPlayerStateChanges" fullname="ToilRelic.PlayModeTests.SampleSceneP0PlayModeTests.P0_HudRefreshesWhenPlayerStateChanges" methodname="P0_HudRefreshesWhenPlayerStateChanges" classname="ToilRelic.PlayModeTests.SampleSceneP0PlayModeTests" runstate="Runnable" seed="501197929" result="Passed" start-time="2026-07-22 06:35:53Z" end-time="2026-07-22 06:35:53Z" duration="0.203516" asserts="0">
              <properties>
                <property name="_JOINTYPE" value="UnityCombinatorial" />
                <property name="retryIteration" value="0" />
                <property name="repeatIteration" value="0" />
              </properties>
            </test-case>
            <test-case id="1008" name="P0_InitialEntryShowsTitleAndMatchesContinueAvailability" fullname="ToilRelic.PlayModeTests.SampleSceneP0PlayModeTests.P0_InitialEntryShowsTitleAndMatchesContinueAvailability" methodname="P0_InitialEntryShowsTitleAndMatchesContinueAvailability" classname="ToilRelic.PlayModeTests.SampleSceneP0PlayModeTests" runstate="Runnable" seed="1520183211" result="Passed" start-time="2026-07-22 06:35:53Z" end-time="2026-07-22 06:35:54Z" duration="0.180797" asserts="0">
              <properties>
                <property name="_JOINTYPE" value="UnityCombinatorial" />
                <property name="retryIteration" value="0" />
                <property name="repeatIteration" value="0" />
              </properties>
            </test-case>
            <test-case id="1011" name="P0_ReplacementFailureKeepsUnreadableTitleState" fullname="ToilRelic.PlayModeTests.SampleSceneP0PlayModeTests.P0_ReplacementFailureKeepsUnreadableTitleState" methodname="P0_ReplacementFailureKeepsUnreadableTitleState" classname="ToilRelic.PlayModeTests.SampleSceneP0PlayModeTests" runstate="Runnable" seed="1986975154" result="Passed" start-time="2026-07-22 06:35:54Z" end-time="2026-07-22 06:35:54Z" duration="0.362686" asserts="0">
              <properties>
                <property name="_JOINTYPE" value="UnityCombinatorial" />
                <property name="retryIteration" value="0" />
                <property name="repeatIteration" value="0" />
              </properties>
              <output><![CDATA[Save load failed. System.IO.IOException: Sharing violation on path C:\Users\User\AppData\Local\Temp\toil-relic-unity-tests-1040bf6251ac48e188fd2828cb7dab9a\toil_relic_save.json
  at System.IO.FileStream..ctor (System.String path, System.IO.FileMode mode, System.IO.FileAccess access, System.IO.FileShare share, System.Int32 bufferSize, System.Boolean anonymous, System.IO.FileOptions options) [0x0019e] in <41d29b352f6a475ab1bf7c6628b82790>:0 
  at System.IO.FileStream..ctor (System.String path, System.IO.FileMode mode, System.IO.FileAccess access, System.IO.FileShare share, System.Int32 bufferSize, System.IO.FileOptions options) [0x00000] in <41d29b352f6a475ab1bf7c6628b82790>:0 
  at (wrapper remoting-invoke-with-check) System.IO.FileStream..ctor(string,System.IO.FileMode,System.IO.FileAccess,System.IO.FileShare,int,System.IO.FileOptions)
  at System.IO.StreamReader..ctor (System.String path, System.Text.Encoding encoding, System.Boolean detectEncodingFromByteOrderMarks, System.Int32 bufferSize) [0x00055] in <41d29b352f6a475ab1bf7c6628b82790>:0 
  at System.IO.StreamReader..ctor (System.String path, System.Text.Encoding encoding, System.Boolean detectEncodingFromByteOrderMarks) [0x00000] in <41d29b352f6a475ab1bf7c6628b82790>:0 
  at (wrapper remoting-invoke-with-check) System.IO.StreamReader..ctor(string,System.Text.Encoding,bool)
  at System.IO.File.InternalReadAllText (System.String path, System.Text.Encoding encoding) [0x00000] in <41d29b352f6a475ab1bf7c6628b82790>:0 
  at System.IO.File.ReadAllText (System.String path) [0x0002c] in <41d29b352f6a475ab1bf7c6628b82790>:0 
  at ToilRelic.Unity.Save.SaveService.Load () [0x00013] in C:\Toil-Relic-main\unity\Assets\Scripts\Save\SaveService.cs:64 
Save delete failed. System.IO.IOException: The process cannot access the file 'C:\Users\User\AppData\Local\Temp\toil-relic-unity-tests-1040bf6251ac48e188fd2828cb7dab9a\toil_relic_save.json' because it is being used by another process.
  at System.IO.FileSystem.DeleteFile (System.String fullPath) [0x0001a] in <41d29b352f6a475ab1bf7c6628b82790>:0 
  at System.IO.File.Delete (System.String path) [0x00014] in <41d29b352f6a475ab1bf7c6628b82790>:0 
  at ToilRelic.Unity.Save.SaveService.Delete () [0x0000c] in C:\Toil-Relic-main\unity\Assets\Scripts\Save\SaveService.cs:29 
]]></output>
            </test-case>
            <test-case id="1025" name="P0_RestSaveFailureRemainsVisible" fullname="ToilRelic.PlayModeTests.SampleSceneP0PlayModeTests.P0_RestSaveFailureRemainsVisible" methodname="P0_RestSaveFailureRemainsVisible" classname="ToilRelic.PlayModeTests.SampleSceneP0PlayModeTests" runstate="Runnable" seed="1121771443" result="Passed" start-time="2026-07-22 06:35:54Z" end-time="2026-07-22 06:35:54Z" duration="0.173708" asserts="0">
              <properties>
                <property name="_JOINTYPE" value="UnityCombinatorial" />
                <property name="retryIteration" value="0" />
                <property name="repeatIteration" value="0" />
              </properties>
              <output><![CDATA[Save write failed. System.IO.DirectoryNotFoundException: Could not find a part of the path "C:\Users\User\AppData\Local\Temp\DefaultCompany\_unity-bootstrap\02041ad9-16e8-41f1-b1dd-57f12cc74f33\toil_relic_save.json".
  at System.IO.FileStream..ctor (System.String path, System.IO.FileMode mode, System.IO.FileAccess access, System.IO.FileShare share, System.Int32 bufferSize, System.Boolean anonymous, System.IO.FileOptions options) [0x00164] in <41d29b352f6a475ab1bf7c6628b82790>:0 
  at System.IO.FileStream..ctor (System.String path, System.IO.FileMode mode, System.IO.FileAccess access, System.IO.FileShare share, System.Int32 bufferSize, System.IO.FileOptions options) [0x00000] in <41d29b352f6a475ab1bf7c6628b82790>:0 
  at (wrapper remoting-invoke-with-check) System.IO.FileStream..ctor(string,System.IO.FileMode,System.IO.FileAccess,System.IO.FileShare,int,System.IO.FileOptions)
  at System.IO.StreamWriter..ctor (System.String path, System.Boolean append, System.Text.Encoding encoding, System.Int32 bufferSize) [0x00055] in <41d29b352f6a475ab1bf7c6628b82790>:0 
  at System.IO.StreamWriter..ctor (System.String path) [0x00008] in <41d29b352f6a475ab1bf7c6628b82790>:0 
  at (wrapper remoting-invoke-with-check) System.IO.StreamWriter..ctor(string)
  at System.IO.File.WriteAllText (System.String path, System.String contents) [0x00026] in <41d29b352f6a475ab1bf7c6628b82790>:0 
  at ToilRelic.Unity.Save.SaveService.Save (ToilRelic.Unity.Core.PlayerState player) [0x00013] in C:\Toil-Relic-main\unity\Assets\Scripts\Save\SaveService.cs:46 
]]></output>
            </test-case>
            <test-case id="1024" name="P0_SaveFailurePreservesTerminalOutcome" fullname="ToilRelic.PlayModeTests.SampleSceneP0PlayModeTests.P0_SaveFailurePreservesTerminalOutcome" methodname="P0_SaveFailurePreservesTerminalOutcome" classname="ToilRelic.PlayModeTests.SampleSceneP0PlayModeTests" runstate="Runnable" seed="748238787" result="Passed" start-time="2026-07-22 06:35:54Z" end-time="2026-07-22 06:35:54Z" duration="0.190563" asserts="0">
              <properties>
                <property name="_JOINTYPE" value="UnityCombinatorial" />
                <property name="retryIteration" value="0" />
                <property name="repeatIteration" value="0" />
              </properties>
              <output><![CDATA[Save write failed. System.IO.DirectoryNotFoundException: Could not find a part of the path "C:\Users\User\AppData\Local\Temp\DefaultCompany\_unity-bootstrap\b01ac525-ae28-45ac-992c-7991e6e62290\toil_relic_save.json".
  at System.IO.FileStream..ctor (System.String path, System.IO.FileMode mode, System.IO.FileAccess access, System.IO.FileShare share, System.Int32 bufferSize, System.Boolean anonymous, System.IO.FileOptions options) [0x00164] in <41d29b352f6a475ab1bf7c6628b82790>:0 
  at System.IO.FileStream..ctor (System.String path, System.IO.FileMode mode, System.IO.FileAccess access, System.IO.FileShare share, System.Int32 bufferSize, System.IO.FileOptions options) [0x00000] in <41d29b352f6a475ab1bf7c6628b82790>:0 
  at (wrapper remoting-invoke-with-check) System.IO.FileStream..ctor(string,System.IO.FileMode,System.IO.FileAccess,System.IO.FileShare,int,System.IO.FileOptions)
  at System.IO.StreamWriter..ctor (System.String path, System.Boolean append, System.Text.Encoding encoding, System.Int32 bufferSize) [0x00055] in <41d29b352f6a475ab1bf7c6628b82790>:0 
  at System.IO.StreamWriter..ctor (System.String path) [0x00008] in <41d29b352f6a475ab1bf7c6628b82790>:0 
  at (wrapper remoting-invoke-with-check) System.IO.StreamWriter..ctor(string)
  at System.IO.File.WriteAllText (System.String path, System.String contents) [0x00026] in <41d29b352f6a475ab1bf7c6628b82790>:0 
  at ToilRelic.Unity.Save.SaveService.Save (ToilRelic.Unity.Core.PlayerState player) [0x00013] in C:\Toil-Relic-main\unity\Assets\Scripts\Save\SaveService.cs:46 
]]></output>
            </test-case>
            <test-case id="1019" name="P0_SaveFeedbackPersistsFailureAndClearsContextualSuccess" fullname="ToilRelic.PlayModeTests.SampleSceneP0PlayModeTests.P0_SaveFeedbackPersistsFailureAndClearsContextualSuccess" methodname="P0_SaveFeedbackPersistsFailureAndClearsContextualSuccess" classname="ToilRelic.PlayModeTests.SampleSceneP0PlayModeTests" runstate="Runnable" seed="184784778" result="Passed" start-time="2026-07-22 06:35:54Z" end-time="2026-07-22 06:35:55Z" duration="0.209262" asserts="0">
              <properties>
                <property name="_JOINTYPE" value="UnityCombinatorial" />
                <property name="retryIteration" value="0" />
                <property name="repeatIteration" value="0" />
              </properties>
            </test-case>
            <test-case id="1002" name="P0_SceneHasGameManager" fullname="ToilRelic.PlayModeTests.SampleSceneP0PlayModeTests.P0_SceneHasGameManager" methodname="P0_SceneHasGameManager" classname="ToilRelic.PlayModeTests.SampleSceneP0PlayModeTests" runstate="Runnable" seed="63793985" result="Passed" start-time="2026-07-22 06:35:55Z" end-time="2026-07-22 06:35:55Z" duration="0.220280" asserts="0">
              <properties>
                <property name="_JOINTYPE" value="UnityCombinatorial" />
                <property name="retryIteration" value="0" />
                <property name="repeatIteration" value="0" />
              </properties>
            </test-case>
            <test-case id="1004" name="P0_SceneHasUiActionBridge" fullname="ToilRelic.PlayModeTests.SampleSceneP0PlayModeTests.P0_SceneHasUiActionBridge" methodname="P0_SceneHasUiActionBridge" classname="ToilRelic.PlayModeTests.SampleSceneP0PlayModeTests" runstate="Runnable" seed="1148433645" result="Passed" start-time="2026-07-22 06:35:55Z" end-time="2026-07-22 06:35:55Z" duration="0.203196" asserts="0">
              <properties>
                <property name="_JOINTYPE" value="UnityCombinatorial" />
                <property name="retryIteration" value="0" />
                <property name="repeatIteration" value="0" />
              </properties>
            </test-case>
            <test-case id="1017" name="P0_StatusFitsThreeLogicalMessagesAtReadableSize" fullname="ToilRelic.PlayModeTests.SampleSceneP0PlayModeTests.P0_StatusFitsThreeLogicalMessagesAtReadableSize" methodname="P0_StatusFitsThreeLogicalMessagesAtReadableSize" classname="ToilRelic.PlayModeTests.SampleSceneP0PlayModeTests" runstate="Runnable" seed="1280095840" result="Passed" start-time="2026-07-22 06:35:55Z" end-time="2026-07-22 06:35:55Z" duration="0.195289" asserts="0">
              <properties>
                <property name="_JOINTYPE" value="UnityCombinatorial" />
                <property name="retryIteration" value="0" />
                <property name="repeatIteration" value="0" />
              </properties>
            </test-case>
            <test-case id="1028" name="P0_SuccessfulFleeReturnsToCampWithVisibleOutcome" fullname="ToilRelic.PlayModeTests.SampleSceneP0PlayModeTests.P0_SuccessfulFleeReturnsToCampWithVisibleOutcome" methodname="P0_SuccessfulFleeReturnsToCampWithVisibleOutcome" classname="ToilRelic.PlayModeTests.SampleSceneP0PlayModeTests" runstate="Runnable" seed="879870554" result="Passed" start-time="2026-07-22 06:35:55Z" end-time="2026-07-22 06:35:55Z" duration="0.249818" asserts="0">
              <properties>
                <property name="_JOINTYPE" value="UnityCombinatorial" />
                <property name="retryIteration" value="0" />
                <property name="repeatIteration" value="0" />
              </properties>
            </test-case>
            <test-case id="1020" name="P0_TerminalFailurePreservesOutcomeAndLevelUp" fullname="ToilRelic.PlayModeTests.SampleSceneP0PlayModeTests.P0_TerminalFailurePreservesOutcomeAndLevelUp" methodname="P0_TerminalFailurePreservesOutcomeAndLevelUp" classname="ToilRelic.PlayModeTests.SampleSceneP0PlayModeTests" runstate="Runnable" seed="253325714" result="Passed" start-time="2026-07-22 06:35:55Z" end-time="2026-07-22 06:35:56Z" duration="0.228561" asserts="0">
              <properties>
                <property name="_JOINTYPE" value="UnityCombinatorial" />
                <property name="retryIteration" value="0" />
                <property name="repeatIteration" value="0" />
              </properties>
            </test-case>
            <test-case id="1015" name="P0_TitleAndCampButtonsKeepAccessibleGeometry" fullname="ToilRelic.PlayModeTests.SampleSceneP0PlayModeTests.P0_TitleAndCampButtonsKeepAccessibleGeometry" methodname="P0_TitleAndCampButtonsKeepAccessibleGeometry" classname="ToilRelic.PlayModeTests.SampleSceneP0PlayModeTests" runstate="Runnable" seed="483948944" result="Passed" start-time="2026-07-22 06:35:56Z" end-time="2026-07-22 06:35:56Z" duration="0.213883" asserts="0">
              <properties>
                <property name="_JOINTYPE" value="UnityCombinatorial" />
                <property name="retryIteration" value="0" />
                <property name="repeatIteration" value="0" />
              </properties>
            </test-case>
            <test-case id="1014" name="P0_TitleAndCampLayoutsFitBelowTopRegionsAtWidescreenFloor" fullname="ToilRelic.PlayModeTests.SampleSceneP0PlayModeTests.P0_TitleAndCampLayoutsFitBelowTopRegionsAtWidescreenFloor" methodname="P0_TitleAndCampLayoutsFitBelowTopRegionsAtWidescreenFloor" classname="ToilRelic.PlayModeTests.SampleSceneP0PlayModeTests" runstate="Runnable" seed="1584436607" result="Passed" start-time="2026-07-22 06:35:56Z" end-time="2026-07-22 06:35:56Z" duration="0.206344" asserts="0">
              <properties>
                <property name="_JOINTYPE" value="UnityCombinatorial" />
                <property name="retryIteration" value="0" />
                <property name="repeatIteration" value="0" />
              </properties>
            </test-case>
            <test-case id="1007" name="P0_TitleMenuBindsContinueAndNewGame" fullname="ToilRelic.PlayModeTests.SampleSceneP0PlayModeTests.P0_TitleMenuBindsContinueAndNewGame" methodname="P0_TitleMenuBindsContinueAndNewGame" classname="ToilRelic.PlayModeTests.SampleSceneP0PlayModeTests" runstate="Runnable" seed="893105369" result="Passed" start-time="2026-07-22 06:35:56Z" end-time="2026-07-22 06:35:56Z" duration="0.189942" asserts="0">
              <properties>
                <property name="_JOINTYPE" value="UnityCombinatorial" />
                <property name="retryIteration" value="0" />
                <property name="repeatIteration" value="0" />
              </properties>
            </test-case>
            <test-case id="1010" name="P0_UnreadableSaveDisablesContinueWithoutChangingBytes" fullname="ToilRelic.PlayModeTests.SampleSceneP0PlayModeTests.P0_UnreadableSaveDisablesContinueWithoutChangingBytes" methodname="P0_UnreadableSaveDisablesContinueWithoutChangingBytes" classname="ToilRelic.PlayModeTests.SampleSceneP0PlayModeTests" runstate="Runnable" seed="980729240" result="Passed" start-time="2026-07-22 06:35:56Z" end-time="2026-07-22 06:35:57Z" duration="0.403870" asserts="0">
              <properties>
                <property name="_JOINTYPE" value="UnityCombinatorial" />
                <property name="retryIteration" value="0" />
                <property name="repeatIteration" value="0" />
              </properties>
              <output><![CDATA[Save load failed. System.ArgumentException: JSON parse error: Missing a name for object member.
  at (wrapper managed-to-native) UnityEngine.JsonUtility.FromJsonInternal_Injected(UnityEngine.Bindings.ManagedSpanWrapper&,object,System.Type)
  at UnityEngine.JsonUtility.FromJsonInternal (System.String json, System.Object objectToOverwrite, System.Type type) [0x0002a] in <81b35c8cb1074810b3bf600c5ff1977e>:0 
  at UnityEngine.JsonUtility.FromJson (System.String json, System.Type type) [0x0005f] in <81b35c8cb1074810b3bf600c5ff1977e>:0 
  at UnityEngine.JsonUtility.FromJson[T] (System.String json) [0x00001] in <81b35c8cb1074810b3bf600c5ff1977e>:0 
  at ToilRelic.Unity.Save.SaveService.Load () [0x0001d] in C:\Toil-Relic-main\unity\Assets\Scripts\Save\SaveService.cs:65 
]]></output>
            </test-case>
            <test-case id="1009" name="P0_ValidSaveEnablesContinueAndLoadsCurrentFormat" fullname="ToilRelic.PlayModeTests.SampleSceneP0PlayModeTests.P0_ValidSaveEnablesContinueAndLoadsCurrentFormat" methodname="P0_ValidSaveEnablesContinueAndLoadsCurrentFormat" classname="ToilRelic.PlayModeTests.SampleSceneP0PlayModeTests" runstate="Runnable" seed="561584673" result="Passed" start-time="2026-07-22 06:35:57Z" end-time="2026-07-22 06:35:57Z" duration="0.350604" asserts="0">
              <properties>
                <property name="_JOINTYPE" value="UnityCombinatorial" />
                <property name="retryIteration" value="0" />
                <property name="repeatIteration" value="0" />
              </properties>
            </test-case>
            <test-case id="1023" name="P0_VictoryReturnsToCampWithVisibleOutcome" fullname="ToilRelic.PlayModeTests.SampleSceneP0PlayModeTests.P0_VictoryReturnsToCampWithVisibleOutcome" methodname="P0_VictoryReturnsToCampWithVisibleOutcome" classname="ToilRelic.PlayModeTests.SampleSceneP0PlayModeTests" runstate="Runnable" seed="1887280270" result="Passed" start-time="2026-07-22 06:35:57Z" end-time="2026-07-22 06:35:57Z" duration="0.176654" asserts="0">
              <properties>
                <property name="_JOINTYPE" value="UnityCombinatorial" />
                <property name="retryIteration" value="0" />
                <property name="repeatIteration" value="0" />
              </properties>
              <output><![CDATA[Saving results to: C:/Users/User/AppData/LocalLow/DefaultCompany/_unity-bootstrap\TestResults.xml
]]></output>
            </test-case>
          </test-suite>
        </test-suite>
      </test-suite>
    </test-suite>
  </test-suite>
</test-run>