<?xml version="1.0" encoding="utf-8"?>
<test-run id="2" testcasecount="6" result="Failed(Child)" total="6" passed="2" failed="4" inconclusive="0" skipped="0" asserts="0" engine-version="3.5.0.0" clr-version="4.0.30319.42000" start-time="2026-07-23 00:15:58Z" end-time="2026-07-23 00:16:03Z" duration="5.1874811">
  <test-suite type="TestSuite" id="1044" name="_unity-bootstrap" fullname="_unity-bootstrap" runstate="Runnable" testcasecount="36" result="Failed" site="Child" start-time="2026-07-23 00:15:58Z" end-time="2026-07-23 00:16:03Z" duration="5.187481" total="6" passed="2" failed="4" inconclusive="0" skipped="0" asserts="0">
    <properties>
      <property name="platform" value="PlayMode" />
    </properties>
    <failure>
      <message><![CDATA[One or more child tests had errors]]></message>
    </failure>
    <test-suite type="Assembly" id="1038" name="ToilRelic.PlayModeTests.dll" fullname="C:/Toil-Relic-main/unity/Library/ScriptAssemblies/ToilRelic.PlayModeTests.dll" runstate="Runnable" testcasecount="36" result="Failed" site="Child" start-time="2026-07-23 00:15:58Z" end-time="2026-07-23 00:16:03Z" duration="5.179128" total="6" passed="2" failed="4" inconclusive="0" skipped="0" asserts="0">
      <properties>
        <property name="_PID" value="7908" />
        <property name="_APPDOMAIN" value="Unity Child Domain" />
        <property name="platform" value="PlayMode" />
        <property name="EditorOnly" value="False" />
      </properties>
      <failure>
        <message><![CDATA[One or more child tests had errors]]></message>
      </failure>
      <test-suite type="TestSuite" id="1039" name="ToilRelic" fullname="ToilRelic" runstate="Runnable" testcasecount="36" result="Failed" site="Child" start-time="2026-07-23 00:15:58Z" end-time="2026-07-23 00:16:03Z" duration="5.178112" total="6" passed="2" failed="4" inconclusive="0" skipped="0" asserts="0">
        <properties />
        <failure>
          <message><![CDATA[One or more child tests had errors]]></message>
        </failure>
        <test-suite type="TestSuite" id="1040" name="PlayModeTests" fullname="ToilRelic.PlayModeTests" runstate="Runnable" testcasecount="36" result="Failed" site="Child" start-time="2026-07-23 00:15:58Z" end-time="2026-07-23 00:16:03Z" duration="5.177427" total="6" passed="2" failed="4" inconclusive="0" skipped="0" asserts="0">
          <properties />
          <failure>
            <message><![CDATA[One or more child tests had errors]]></message>
          </failure>
          <test-suite type="TestFixture" id="1001" name="SampleSceneP0PlayModeTests" fullname="ToilRelic.PlayModeTests.SampleSceneP0PlayModeTests" classname="ToilRelic.PlayModeTests.SampleSceneP0PlayModeTests" runstate="Runnable" testcasecount="36" result="Failed" site="Child" start-time="2026-07-23 00:15:58Z" end-time="2026-07-23 00:16:03Z" duration="5.175875" total="6" passed="2" failed="4" inconclusive="0" skipped="0" asserts="0">
            <properties />
            <failure>
              <message><![CDATA[One or more child tests had errors]]></message>
            </failure>
            <test-case id="1014" name="P0_CurrentSaveRejectsInvalidCorePlayerValues" fullname="ToilRelic.PlayModeTests.SampleSceneP0PlayModeTests.P0_CurrentSaveRejectsInvalidCorePlayerValues" methodname="P0_CurrentSaveRejectsInvalidCorePlayerValues" classname="ToilRelic.PlayModeTests.SampleSceneP0PlayModeTests" runstate="Runnable" seed="1454146875" result="Passed" start-time="2026-07-23 00:15:58Z" end-time="2026-07-23 00:16:01Z" duration="3.216357" asserts="0">
              <properties>
                <property name="_JOINTYPE" value="UnityCombinatorial" />
                <property name="retryIteration" value="0" />
                <property name="repeatIteration" value="0" />
              </properties>
            </test-case>
            <test-case id="1013" name="P0_CurrentSaveRequiresEveryStableCorePlayerField" fullname="ToilRelic.PlayModeTests.SampleSceneP0PlayModeTests.P0_CurrentSaveRequiresEveryStableCorePlayerField" methodname="P0_CurrentSaveRequiresEveryStableCorePlayerField" classname="ToilRelic.PlayModeTests.SampleSceneP0PlayModeTests" runstate="Runnable" seed="1634709408" result="Failed" start-time="2026-07-23 00:16:01Z" end-time="2026-07-23 00:16:02Z" duration="0.281851" asserts="0">
              <properties>
                <property name="_JOINTYPE" value="UnityCombinatorial" />
                <property name="retryIteration" value="0" />
                <property name="repeatIteration" value="0" />
              </properties>
              <failure>
                <message><![CDATA[  missing maxHp returned Loaded; missing maxHp exposed player data; missing hp returned Loaded; missing hp exposed player data; missing level returned Loaded; missing level exposed player data; missing experience returned Loaded; missing experience exposed player data; missing treasureCount returned Loaded; missing treasureCount exposed player data
  Expected: <empty>
  But was:  < "missing maxHp returned Loaded", "missing maxHp exposed player data", "missing hp returned Loaded", "missing hp exposed player data", "missing level returned Loaded", "missing level exposed player data", "missing experience returned Loaded", "missing experience exposed player data", "missing treasureCount returned Loaded", "missing treasureCount exposed player data" >
]]></message>
                <stack-trace><![CDATA[at ToilRelic.PlayModeTests.SampleSceneP0PlayModeTests+<P0_CurrentSaveRequiresEveryStableCorePlayerField>d__27.MoveNext () [0x001d7] in C:\Toil-Relic-main\unity\Assets\Tests\PlayMode\SampleSceneP0PlayModeTests.cs:273
at UnityEngine.TestTools.TestEnumerator+<Execute>d__7.MoveNext () [0x0003a] in .\Library\PackageCache\com.unity.test-framework@bd7f943e9647\UnityEngine.TestRunner\NUnitExtensions\Attributes\TestEnumerator.cs:44
]]></stack-trace>
              </failure>
            </test-case>
            <test-case id="1015" name="P0_PartialCurrentSaveDisablesContinueWithoutChangingBytes" fullname="ToilRelic.PlayModeTests.SampleSceneP0PlayModeTests.P0_PartialCurrentSaveDisablesContinueWithoutChangingBytes" methodname="P0_PartialCurrentSaveDisablesContinueWithoutChangingBytes" classname="ToilRelic.PlayModeTests.SampleSceneP0PlayModeTests" runstate="Runnable" seed="2074854057" result="Failed" start-time="2026-07-23 00:16:02Z" end-time="2026-07-23 00:16:02Z" duration="0.398212" asserts="0">
              <properties>
                <property name="_JOINTYPE" value="UnityCombinatorial" />
                <property name="retryIteration" value="0" />
                <property name="repeatIteration" value="0" />
              </properties>
              <failure>
                <message><![CDATA[Expected log did not appear: [Error] Regex: Save load failed]]></message>
              </failure>
            </test-case>
            <test-case id="1018" name="P0_UnsupportedSaveVersionDisablesContinueWithoutChangingBytes" fullname="ToilRelic.PlayModeTests.SampleSceneP0PlayModeTests.P0_UnsupportedSaveVersionDisablesContinueWithoutChangingBytes" methodname="P0_UnsupportedSaveVersionDisablesContinueWithoutChangingBytes" classname="ToilRelic.PlayModeTests.SampleSceneP0PlayModeTests" runstate="Runnable" seed="1313217865" result="Passed" start-time="2026-07-23 00:16:02Z" end-time="2026-07-23 00:16:02Z" duration="0.409908" asserts="0">
              <properties>
                <property name="_JOINTYPE" value="UnityCombinatorial" />
                <property name="retryIteration" value="0" />
                <property name="repeatIteration" value="0" />
              </properties>
              <output><![CDATA[Save load failed. Unsupported save version: 999.
]]></output>
            </test-case>
            <test-case id="1012" name="P0_VersionlessSaveWithoutEquipmentFieldsLoadsAndNormalizes" fullname="ToilRelic.PlayModeTests.SampleSceneP0PlayModeTests.P0_VersionlessSaveWithoutEquipmentFieldsLoadsAndNormalizes" methodname="P0_VersionlessSaveWithoutEquipmentFieldsLoadsAndNormalizes" classname="ToilRelic.PlayModeTests.SampleSceneP0PlayModeTests" runstate="Runnable" seed="1519123808" result="Failed" start-time="2026-07-23 00:16:02Z" end-time="2026-07-23 00:16:03Z" duration="0.393379" asserts="0">
              <properties>
                <property name="_JOINTYPE" value="UnityCombinatorial" />
                <property name="retryIteration" value="0" />
                <property name="repeatIteration" value="0" />
              </properties>
              <failure>
                <message><![CDATA[Unhandled log message: '[Error] Save load failed. Unsupported save version: 0.'. Use UnityEngine.TestTools.LogAssert.Expect]]></message>
                <stack-trace><![CDATA[ToilRelic.Unity.Core.GameManager:Awake () (at Assets/Scripts/Core/GameManager.cs:48)

]]></stack-trace>
              </failure>
              <output><![CDATA[Save load failed. Unsupported save version: 0.
]]></output>
            </test-case>
            <test-case id="1011" name="P0_VersionOneSaveWithoutEquipmentFieldsLoadsAndNormalizes" fullname="ToilRelic.PlayModeTests.SampleSceneP0PlayModeTests.P0_VersionOneSaveWithoutEquipmentFieldsLoadsAndNormalizes" methodname="P0_VersionOneSaveWithoutEquipmentFieldsLoadsAndNormalizes" classname="ToilRelic.PlayModeTests.SampleSceneP0PlayModeTests" runstate="Runnable" seed="1649476049" result="Failed" start-time="2026-07-23 00:16:03Z" end-time="2026-07-23 00:16:03Z" duration="0.450342" asserts="0">
              <properties>
                <property name="_JOINTYPE" value="UnityCombinatorial" />
                <property name="retryIteration" value="0" />
                <property name="repeatIteration" value="0" />
              </properties>
              <failure>
                <message><![CDATA[Unhandled log message: '[Error] Save load failed. Unsupported save version: 1.'. Use UnityEngine.TestTools.LogAssert.Expect]]></message>
                <stack-trace><![CDATA[ToilRelic.Unity.Core.GameManager:Awake () (at Assets/Scripts/Core/GameManager.cs:48)

]]></stack-trace>
              </failure>
              <output><![CDATA[Save load failed. Unsupported save version: 1.
Saving results to: C:/Users/User/AppData/LocalLow/DefaultCompany/_unity-bootstrap\TestResults.xml
]]></output>
            </test-case>
          </test-suite>
        </test-suite>
      </test-suite>
    </test-suite>
  </test-suite>
</test-run>