<?xml version="1.0" encoding="utf-8"?>
<test-run id="2" testcasecount="63" result="Skipped:Ignored" total="63" passed="62" failed="0" inconclusive="0" skipped="1" asserts="0" engine-version="3.5.0.0" clr-version="4.0.30319.42000" start-time="2026-08-05 04:34:09Z" end-time="2026-08-05 04:34:23Z" duration="14.6645774">
  <test-suite type="TestSuite" id="1071" name="_unity-bootstrap" fullname="_unity-bootstrap" runstate="Runnable" testcasecount="63" result="Skipped" label="Ignored" start-time="2026-08-05 04:34:09Z" end-time="2026-08-05 04:34:23Z" duration="14.664577" total="63" passed="62" failed="0" inconclusive="0" skipped="1" asserts="0">
    <properties>
      <property name="platform" value="PlayMode" />
    </properties>
    <reason>
      <message><![CDATA[One or more child tests were ignored]]></message>
    </reason>
    <test-suite type="Assembly" id="1065" name="ToilRelic.PlayModeTests.dll" fullname="C:/Toil-Relic-main/unity/Library/ScriptAssemblies/ToilRelic.PlayModeTests.dll" runstate="Runnable" testcasecount="63" result="Skipped" label="Ignored" start-time="2026-08-05 04:34:09Z" end-time="2026-08-05 04:34:23Z" duration="14.657017" total="63" passed="62" failed="0" inconclusive="0" skipped="1" asserts="0">
      <properties>
        <property name="_PID" value="35184" />
        <property name="_APPDOMAIN" value="Unity Child Domain" />
        <property name="platform" value="PlayMode" />
        <property name="EditorOnly" value="False" />
      </properties>
      <reason>
        <message><![CDATA[One or more child tests were ignored]]></message>
      </reason>
      <test-suite type="TestSuite" id="1066" name="ToilRelic" fullname="ToilRelic" runstate="Runnable" testcasecount="63" result="Skipped" label="Ignored" start-time="2026-08-05 04:34:09Z" end-time="2026-08-05 04:34:23Z" duration="14.656103" total="63" passed="62" failed="0" inconclusive="0" skipped="1" asserts="0">
        <properties />
        <reason>
          <message><![CDATA[One or more child tests were ignored]]></message>
        </reason>
        <test-suite type="TestSuite" id="1067" name="PlayModeTests" fullname="ToilRelic.PlayModeTests" runstate="Runnable" testcasecount="63" result="Skipped" label="Ignored" start-time="2026-08-05 04:34:09Z" end-time="2026-08-05 04:34:23Z" duration="14.655441" total="63" passed="62" failed="0" inconclusive="0" skipped="1" asserts="0">
          <properties />
          <reason>
            <message><![CDATA[One or more child tests were ignored]]></message>
          </reason>
          <test-suite type="TestFixture" id="1001" name="SampleSceneP0PlayModeTests" fullname="ToilRelic.PlayModeTests.SampleSceneP0PlayModeTests" classname="ToilRelic.PlayModeTests.SampleSceneP0PlayModeTests" runstate="Runnable" testcasecount="63" result="Skipped" label="Ignored" start-time="2026-08-05 04:34:09Z" end-time="2026-08-05 04:34:23Z" duration="14.653576" total="63" passed="62" failed="0" inconclusive="0" skipped="1" asserts="0">
            <properties />
            <reason>
              <message><![CDATA[One or more child tests were ignored]]></message>
            </reason>
            <test-case id="1041" name="P0_AttackButtonKeepsDurableEnemyAndReturnsControl" fullname="ToilRelic.PlayModeTests.SampleSceneP0PlayModeTests.P0_AttackButtonKeepsDurableEnemyAndReturnsControl" methodname="P0_AttackButtonKeepsDurableEnemyAndReturnsControl" classname="ToilRelic.PlayModeTests.SampleSceneP0PlayModeTests" runstate="Runnable" seed="1598032953" result="Passed" start-time="2026-08-05 04:34:09Z" end-time="2026-08-05 04:34:09Z" duration="0.633993" asserts="0">
              <properties>
                <property name="_JOINTYPE" value="UnityCombinatorial" />
                <property name="Category" value="PlayModeActionContracts" />
                <property name="retryIteration" value="0" />
                <property name="repeatIteration" value="0" />
              </properties>
            </test-case>
            <test-case id="1028" name="P0_AuthenticVersionlessScoreSaveLoadsAndNormalizes" fullname="ToilRelic.PlayModeTests.SampleSceneP0PlayModeTests.P0_AuthenticVersionlessScoreSaveLoadsAndNormalizes" methodname="P0_AuthenticVersionlessScoreSaveLoadsAndNormalizes" classname="ToilRelic.PlayModeTests.SampleSceneP0PlayModeTests" runstate="Runnable" seed="920995021" result="Passed" start-time="2026-08-05 04:34:09Z" end-time="2026-08-05 04:34:10Z" duration="0.391462" asserts="0">
              <properties>
                <property name="_JOINTYPE" value="UnityCombinatorial" />
                <property name="retryIteration" value="0" />
                <property name="repeatIteration" value="0" />
              </properties>
            </test-case>
            <test-case id="1048" name="P0_BattleActionsUseTwoByTwoSpatialNavigationAndNewestTwoLogs" fullname="ToilRelic.PlayModeTests.SampleSceneP0PlayModeTests.P0_BattleActionsUseTwoByTwoSpatialNavigationAndNewestTwoLogs" methodname="P0_BattleActionsUseTwoByTwoSpatialNavigationAndNewestTwoLogs" classname="ToilRelic.PlayModeTests.SampleSceneP0PlayModeTests" runstate="Runnable" seed="838708158" result="Passed" start-time="2026-08-05 04:34:10Z" end-time="2026-08-05 04:34:10Z" duration="0.200009" asserts="0">
              <properties>
                <property name="_JOINTYPE" value="UnityCombinatorial" />
                <property name="retryIteration" value="0" />
                <property name="repeatIteration" value="0" />
              </properties>
            </test-case>
            <test-case id="1046" name="P0_BattlePanelFitsBelowVisibleStatusAtWidescreenFloor" fullname="ToilRelic.PlayModeTests.SampleSceneP0PlayModeTests.P0_BattlePanelFitsBelowVisibleStatusAtWidescreenFloor" methodname="P0_BattlePanelFitsBelowVisibleStatusAtWidescreenFloor" classname="ToilRelic.PlayModeTests.SampleSceneP0PlayModeTests" runstate="Runnable" seed="788782691" result="Passed" start-time="2026-08-05 04:34:10Z" end-time="2026-08-05 04:34:10Z" duration="0.197405" asserts="0">
              <properties>
                <property name="_JOINTYPE" value="UnityCombinatorial" />
                <property name="retryIteration" value="0" />
                <property name="repeatIteration" value="0" />
              </properties>
            </test-case>
            <test-case id="1047" name="P0_BattleTextUsesReadableNonoverlappingRenderedBounds" fullname="ToilRelic.PlayModeTests.SampleSceneP0PlayModeTests.P0_BattleTextUsesReadableNonoverlappingRenderedBounds" methodname="P0_BattleTextUsesReadableNonoverlappingRenderedBounds" classname="ToilRelic.PlayModeTests.SampleSceneP0PlayModeTests" runstate="Runnable" seed="348004817" result="Passed" start-time="2026-08-05 04:34:10Z" end-time="2026-08-05 04:34:10Z" duration="0.195436" asserts="0">
              <properties>
                <property name="_JOINTYPE" value="UnityCombinatorial" />
                <property name="retryIteration" value="0" />
                <property name="repeatIteration" value="0" />
              </properties>
            </test-case>
            <test-case id="1058" name="P0_BattleUiShowsStateAndDisablesActionsOutsidePlayerPhase" fullname="ToilRelic.PlayModeTests.SampleSceneP0PlayModeTests.P0_BattleUiShowsStateAndDisablesActionsOutsidePlayerPhase" methodname="P0_BattleUiShowsStateAndDisablesActionsOutsidePlayerPhase" classname="ToilRelic.PlayModeTests.SampleSceneP0PlayModeTests" runstate="Runnable" seed="1617423699" result="Passed" start-time="2026-08-05 04:34:10Z" end-time="2026-08-05 04:34:10Z" duration="0.187923" asserts="0">
              <properties>
                <property name="_JOINTYPE" value="UnityCombinatorial" />
                <property name="retryIteration" value="0" />
                <property name="repeatIteration" value="0" />
              </properties>
            </test-case>
            <test-case id="1051" name="P0_BootstrapAndCommittedSceneShareEquipmentObjectAndBindingContract" fullname="ToilRelic.PlayModeTests.SampleSceneP0PlayModeTests.P0_BootstrapAndCommittedSceneShareEquipmentObjectAndBindingContract" methodname="P0_BootstrapAndCommittedSceneShareEquipmentObjectAndBindingContract" classname="ToilRelic.PlayModeTests.SampleSceneP0PlayModeTests" runstate="Runnable" seed="629117986" result="Passed" start-time="2026-08-05 04:34:10Z" end-time="2026-08-05 04:34:11Z" duration="0.182793" asserts="0">
              <properties>
                <property name="_JOINTYPE" value="UnityCombinatorial" />
                <property name="retryIteration" value="0" />
                <property name="repeatIteration" value="0" />
              </properties>
            </test-case>
            <test-case id="1022" name="P0_ButtonsBindAllCoreGameActions" fullname="ToilRelic.PlayModeTests.SampleSceneP0PlayModeTests.P0_ButtonsBindAllCoreGameActions" methodname="P0_ButtonsBindAllCoreGameActions" classname="ToilRelic.PlayModeTests.SampleSceneP0PlayModeTests" runstate="Runnable" seed="1978020266" result="Passed" start-time="2026-08-05 04:34:11Z" end-time="2026-08-05 04:34:11Z" duration="0.199847" asserts="0">
              <properties>
                <property name="_JOINTYPE" value="UnityCombinatorial" />
                <property name="retryIteration" value="0" />
                <property name="repeatIteration" value="0" />
              </properties>
            </test-case>
            <test-case id="1054" name="P0_CampSaveSuccessPreservesActionMessage" fullname="ToilRelic.PlayModeTests.SampleSceneP0PlayModeTests.P0_CampSaveSuccessPreservesActionMessage" methodname="P0_CampSaveSuccessPreservesActionMessage" classname="ToilRelic.PlayModeTests.SampleSceneP0PlayModeTests" runstate="Runnable" seed="632468525" result="Passed" start-time="2026-08-05 04:34:11Z" end-time="2026-08-05 04:34:11Z" duration="0.212763" asserts="0">
              <properties>
                <property name="_JOINTYPE" value="UnityCombinatorial" />
                <property name="retryIteration" value="0" />
                <property name="repeatIteration" value="0" />
              </properties>
            </test-case>
            <test-case id="1057" name="P0_CaptureLayoutEvidenceWhenRequested" fullname="ToilRelic.PlayModeTests.SampleSceneP0PlayModeTests.P0_CaptureLayoutEvidenceWhenRequested" methodname="P0_CaptureLayoutEvidenceWhenRequested" classname="ToilRelic.PlayModeTests.SampleSceneP0PlayModeTests" runstate="Runnable" seed="84340286" result="Skipped" label="Ignored" start-time="2026-08-05 04:34:11Z" end-time="2026-08-05 04:34:11Z" duration="0.203780" asserts="0">
              <properties>
                <property name="_JOINTYPE" value="UnityCombinatorial" />
                <property name="retryIteration" value="0" />
                <property name="repeatIteration" value="0" />
              </properties>
              <reason>
                <message><![CDATA[Set TOIL_RELIC_LAYOUT_EVIDENCE_DIR to capture viewport-specific layout evidence.]]></message>
              </reason>
            </test-case>
            <test-case id="1037" name="P0_CraftButtonConsumesExactCostAndPersistsReward" fullname="ToilRelic.PlayModeTests.SampleSceneP0PlayModeTests.P0_CraftButtonConsumesExactCostAndPersistsReward" methodname="P0_CraftButtonConsumesExactCostAndPersistsReward" classname="ToilRelic.PlayModeTests.SampleSceneP0PlayModeTests" runstate="Runnable" seed="374201284" result="Passed" start-time="2026-08-05 04:34:11Z" end-time="2026-08-05 04:34:11Z" duration="0.202739" asserts="0">
              <properties>
                <property name="_JOINTYPE" value="UnityCombinatorial" />
                <property name="Category" value="PlayModeActionContracts" />
                <property name="retryIteration" value="0" />
                <property name="repeatIteration" value="0" />
              </properties>
            </test-case>
            <test-case id="1038" name="P0_CraftButtonInsufficientMaterialsPersistsUnchangedState" fullname="ToilRelic.PlayModeTests.SampleSceneP0PlayModeTests.P0_CraftButtonInsufficientMaterialsPersistsUnchangedState" methodname="P0_CraftButtonInsufficientMaterialsPersistsUnchangedState" classname="ToilRelic.PlayModeTests.SampleSceneP0PlayModeTests" runstate="Runnable" seed="597417035" result="Passed" start-time="2026-08-05 04:34:11Z" end-time="2026-08-05 04:34:12Z" duration="0.217955" asserts="0">
              <properties>
                <property name="_JOINTYPE" value="UnityCombinatorial" />
                <property name="Category" value="PlayModeActionContracts" />
                <property name="retryIteration" value="0" />
                <property name="repeatIteration" value="0" />
              </properties>
            </test-case>
            <test-case id="1030" name="P0_CurrentSaveRejectsInvalidCorePlayerValues" fullname="ToilRelic.PlayModeTests.SampleSceneP0PlayModeTests.P0_CurrentSaveRejectsInvalidCorePlayerValues" methodname="P0_CurrentSaveRejectsInvalidCorePlayerValues" classname="ToilRelic.PlayModeTests.SampleSceneP0PlayModeTests" runstate="Runnable" seed="1131739865" result="Passed" start-time="2026-08-05 04:34:12Z" end-time="2026-08-05 04:34:12Z" duration="0.320090" asserts="0">
              <properties>
                <property name="_JOINTYPE" value="UnityCombinatorial" />
                <property name="retryIteration" value="0" />
                <property name="repeatIteration" value="0" />
              </properties>
            </test-case>
            <test-case id="1029" name="P0_CurrentSaveRequiresEveryStableCorePlayerField" fullname="ToilRelic.PlayModeTests.SampleSceneP0PlayModeTests.P0_CurrentSaveRequiresEveryStableCorePlayerField" methodname="P0_CurrentSaveRequiresEveryStableCorePlayerField" classname="ToilRelic.PlayModeTests.SampleSceneP0PlayModeTests" runstate="Runnable" seed="1046438933" result="Passed" start-time="2026-08-05 04:34:12Z" end-time="2026-08-05 04:34:12Z" duration="0.266838" asserts="0">
              <properties>
                <property name="_JOINTYPE" value="UnityCombinatorial" />
                <property name="retryIteration" value="0" />
                <property name="repeatIteration" value="0" />
              </properties>
            </test-case>
            <test-case id="1063" name="P0_DefeatReturnsToCampWithVisibleOutcome" fullname="ToilRelic.PlayModeTests.SampleSceneP0PlayModeTests.P0_DefeatReturnsToCampWithVisibleOutcome" methodname="P0_DefeatReturnsToCampWithVisibleOutcome" classname="ToilRelic.PlayModeTests.SampleSceneP0PlayModeTests" runstate="Runnable" seed="862218751" result="Passed" start-time="2026-08-05 04:34:12Z" end-time="2026-08-05 04:34:12Z" duration="0.190445" asserts="0">
              <properties>
                <property name="_JOINTYPE" value="UnityCombinatorial" />
                <property name="retryIteration" value="0" />
                <property name="repeatIteration" value="0" />
              </properties>
            </test-case>
            <test-case id="1006" name="P0_EquipmentCatalogFixtureRepeatedInstallRestoresProductionDefinitions" fullname="ToilRelic.PlayModeTests.SampleSceneP0PlayModeTests.P0_EquipmentCatalogFixtureRepeatedInstallRestoresProductionDefinitions" methodname="P0_EquipmentCatalogFixtureRepeatedInstallRestoresProductionDefinitions" classname="ToilRelic.PlayModeTests.SampleSceneP0PlayModeTests" runstate="Runnable" seed="511614363" result="Passed" start-time="2026-08-05 04:34:12Z" end-time="2026-08-05 04:34:13Z" duration="0.182611" asserts="0">
              <properties>
                <property name="_JOINTYPE" value="UnityCombinatorial" />
                <property name="Category" value="PlayModeActionContracts" />
                <property name="retryIteration" value="0" />
                <property name="repeatIteration" value="0" />
              </properties>
            </test-case>
            <test-case id="1007" name="P0_EquipmentCommandsApplyOrRejectWithExactEventAndSaveBoundaries" fullname="ToilRelic.PlayModeTests.SampleSceneP0PlayModeTests.P0_EquipmentCommandsApplyOrRejectWithExactEventAndSaveBoundaries" methodname="P0_EquipmentCommandsApplyOrRejectWithExactEventAndSaveBoundaries" classname="ToilRelic.PlayModeTests.SampleSceneP0PlayModeTests" runstate="Runnable" seed="722337381" result="Passed" start-time="2026-08-05 04:34:13Z" end-time="2026-08-05 04:34:13Z" duration="0.189019" asserts="0">
              <properties>
                <property name="_JOINTYPE" value="UnityCombinatorial" />
                <property name="Category" value="PlayModeActionContracts" />
                <property name="retryIteration" value="0" />
                <property name="repeatIteration" value="0" />
              </properties>
            </test-case>
            <test-case id="1008" name="P0_EquipmentCommandSaveFailureKeepsMutationAndSaveStatusLast" fullname="ToilRelic.PlayModeTests.SampleSceneP0PlayModeTests.P0_EquipmentCommandSaveFailureKeepsMutationAndSaveStatusLast" methodname="P0_EquipmentCommandSaveFailureKeepsMutationAndSaveStatusLast" classname="ToilRelic.PlayModeTests.SampleSceneP0PlayModeTests" runstate="Runnable" seed="1032183508" result="Passed" start-time="2026-08-05 04:34:13Z" end-time="2026-08-05 04:34:13Z" duration="0.175505" asserts="0">
              <properties>
                <property name="_JOINTYPE" value="UnityCombinatorial" />
                <property name="Category" value="PlayModeActionContracts" />
                <property name="retryIteration" value="0" />
                <property name="repeatIteration" value="0" />
              </properties>
              <output><![CDATA[Save write failed. System.IO.DirectoryNotFoundException: Could not find a part of the path "C:\Users\User\AppData\Local\Temp\DefaultCompany\_unity-bootstrap\094baa3b-a431-4823-a37d-98ba653e0059\toil_relic_save.json".
  at System.IO.FileStream..ctor (System.String path, System.IO.FileMode mode, System.IO.FileAccess access, System.IO.FileShare share, System.Int32 bufferSize, System.Boolean anonymous, System.IO.FileOptions options) [0x00164] in <41d29b352f6a475ab1bf7c6628b82790>:0 
  at System.IO.FileStream..ctor (System.String path, System.IO.FileMode mode, System.IO.FileAccess access, System.IO.FileShare share, System.Int32 bufferSize, System.IO.FileOptions options) [0x00000] in <41d29b352f6a475ab1bf7c6628b82790>:0 
  at (wrapper remoting-invoke-with-check) System.IO.FileStream..ctor(string,System.IO.FileMode,System.IO.FileAccess,System.IO.FileShare,int,System.IO.FileOptions)
  at System.IO.StreamWriter..ctor (System.String path, System.Boolean append, System.Text.Encoding encoding, System.Int32 bufferSize) [0x00055] in <41d29b352f6a475ab1bf7c6628b82790>:0 
  at System.IO.StreamWriter..ctor (System.String path) [0x00008] in <41d29b352f6a475ab1bf7c6628b82790>:0 
  at (wrapper remoting-invoke-with-check) System.IO.StreamWriter..ctor(string)
  at System.IO.File.WriteAllText (System.String path, System.String contents) [0x00026] in <41d29b352f6a475ab1bf7c6628b82790>:0 
  at ToilRelic.Unity.Save.SaveService.Save (ToilRelic.Unity.Core.PlayerState player) [0x0001a] in C:\Toil-Relic-main\unity\Assets\Scripts\Save\SaveService.cs:78 
]]></output>
            </test-case>
            <test-case id="1005" name="P0_EquipmentComparisonContractsMatchCanonicalFixture" fullname="ToilRelic.PlayModeTests.SampleSceneP0PlayModeTests.P0_EquipmentComparisonContractsMatchCanonicalFixture" methodname="P0_EquipmentComparisonContractsMatchCanonicalFixture" classname="ToilRelic.PlayModeTests.SampleSceneP0PlayModeTests" runstate="Runnable" seed="823393491" result="Passed" start-time="2026-08-05 04:34:13Z" end-time="2026-08-05 04:34:13Z" duration="0.176852" asserts="0">
              <properties>
                <property name="_JOINTYPE" value="UnityCombinatorial" />
                <property name="Category" value="PlayModeActionContracts" />
                <property name="retryIteration" value="0" />
                <property name="repeatIteration" value="0" />
              </properties>
            </test-case>
            <test-case id="1050" name="P0_EquipmentLayoutMeetsViewportTypographyGapAndBoundedRowContracts" fullname="ToilRelic.PlayModeTests.SampleSceneP0PlayModeTests.P0_EquipmentLayoutMeetsViewportTypographyGapAndBoundedRowContracts" methodname="P0_EquipmentLayoutMeetsViewportTypographyGapAndBoundedRowContracts" classname="ToilRelic.PlayModeTests.SampleSceneP0PlayModeTests" runstate="Runnable" seed="1256908676" result="Passed" start-time="2026-08-05 04:34:13Z" end-time="2026-08-05 04:34:13Z" duration="0.235230" asserts="0">
              <properties>
                <property name="_JOINTYPE" value="UnityCombinatorial" />
                <property name="retryIteration" value="0" />
                <property name="repeatIteration" value="0" />
              </properties>
            </test-case>
            <test-case id="1019" name="P0_EquipmentNavigationUsesExplicitCampSlotCandidateActionOrder" fullname="ToilRelic.PlayModeTests.SampleSceneP0PlayModeTests.P0_EquipmentNavigationUsesExplicitCampSlotCandidateActionOrder" methodname="P0_EquipmentNavigationUsesExplicitCampSlotCandidateActionOrder" classname="ToilRelic.PlayModeTests.SampleSceneP0PlayModeTests" runstate="Runnable" seed="226028431" result="Passed" start-time="2026-08-05 04:34:13Z" end-time="2026-08-05 04:34:14Z" duration="0.197880" asserts="0">
              <properties>
                <property name="_JOINTYPE" value="UnityCombinatorial" />
                <property name="Category" value="PlayModeActionContracts" />
                <property name="retryIteration" value="0" />
                <property name="repeatIteration" value="0" />
              </properties>
            </test-case>
            <test-case id="1013" name="P0_EquipmentPanelClosesAndClearsWhenCampStateExits" fullname="ToilRelic.PlayModeTests.SampleSceneP0PlayModeTests.P0_EquipmentPanelClosesAndClearsWhenCampStateExits" methodname="P0_EquipmentPanelClosesAndClearsWhenCampStateExits" classname="ToilRelic.PlayModeTests.SampleSceneP0PlayModeTests" runstate="Runnable" seed="1223199793" result="Passed" start-time="2026-08-05 04:34:14Z" end-time="2026-08-05 04:34:14Z" duration="0.195250" asserts="0">
              <properties>
                <property name="_JOINTYPE" value="UnityCombinatorial" />
                <property name="Category" value="PlayModeActionContracts" />
                <property name="retryIteration" value="0" />
                <property name="repeatIteration" value="0" />
              </properties>
            </test-case>
            <test-case id="1015" name="P0_EquipmentPanelFiltersOtherSlotCandidatesAndShowsZeroStatEqualityFallback" fullname="ToilRelic.PlayModeTests.SampleSceneP0PlayModeTests.P0_EquipmentPanelFiltersOtherSlotCandidatesAndShowsZeroStatEqualityFallback" methodname="P0_EquipmentPanelFiltersOtherSlotCandidatesAndShowsZeroStatEqualityFallback" classname="ToilRelic.PlayModeTests.SampleSceneP0PlayModeTests" runstate="Runnable" seed="391828528" result="Passed" start-time="2026-08-05 04:34:14Z" end-time="2026-08-05 04:34:14Z" duration="0.187776" asserts="0">
              <properties>
                <property name="_JOINTYPE" value="UnityCombinatorial" />
                <property name="Category" value="PlayModeActionContracts" />
                <property name="retryIteration" value="0" />
                <property name="repeatIteration" value="0" />
              </properties>
            </test-case>
            <test-case id="1012" name="P0_EquipmentPanelPreviewActionsFocusAndLifecycleStayLocal" fullname="ToilRelic.PlayModeTests.SampleSceneP0PlayModeTests.P0_EquipmentPanelPreviewActionsFocusAndLifecycleStayLocal" methodname="P0_EquipmentPanelPreviewActionsFocusAndLifecycleStayLocal" classname="ToilRelic.PlayModeTests.SampleSceneP0PlayModeTests" runstate="Runnable" seed="898919658" result="Passed" start-time="2026-08-05 04:34:14Z" end-time="2026-08-05 04:34:14Z" duration="0.186505" asserts="0">
              <properties>
                <property name="_JOINTYPE" value="UnityCombinatorial" />
                <property name="Category" value="PlayModeActionContracts" />
                <property name="retryIteration" value="0" />
                <property name="repeatIteration" value="0" />
              </properties>
            </test-case>
            <test-case id="1016" name="P0_EquipmentPanelShowsLocalRejectionThenRefreshesInPlaceAfterSuccess" fullname="ToilRelic.PlayModeTests.SampleSceneP0PlayModeTests.P0_EquipmentPanelShowsLocalRejectionThenRefreshesInPlaceAfterSuccess" methodname="P0_EquipmentPanelShowsLocalRejectionThenRefreshesInPlaceAfterSuccess" classname="ToilRelic.PlayModeTests.SampleSceneP0PlayModeTests" runstate="Runnable" seed="757628873" result="Passed" start-time="2026-08-05 04:34:14Z" end-time="2026-08-05 04:34:14Z" duration="0.188375" asserts="0">
              <properties>
                <property name="_JOINTYPE" value="UnityCombinatorial" />
                <property name="Category" value="PlayModeActionContracts" />
                <property name="retryIteration" value="0" />
                <property name="repeatIteration" value="0" />
              </properties>
            </test-case>
            <test-case id="1014" name="P0_EquipmentPanelShowsNegativeDeltaForCanonicalRewardDowngrade" fullname="ToilRelic.PlayModeTests.SampleSceneP0PlayModeTests.P0_EquipmentPanelShowsNegativeDeltaForCanonicalRewardDowngrade" methodname="P0_EquipmentPanelShowsNegativeDeltaForCanonicalRewardDowngrade" classname="ToilRelic.PlayModeTests.SampleSceneP0PlayModeTests" runstate="Runnable" seed="225033995" result="Passed" start-time="2026-08-05 04:34:14Z" end-time="2026-08-05 04:34:15Z" duration="0.182881" asserts="0">
              <properties>
                <property name="_JOINTYPE" value="UnityCombinatorial" />
                <property name="Category" value="PlayModeActionContracts" />
                <property name="retryIteration" value="0" />
                <property name="repeatIteration" value="0" />
              </properties>
            </test-case>
            <test-case id="1018" name="P0_EquipmentPointerFlowOpensPreviewsConfirmsUnequipsAndReturnsControl" fullname="ToilRelic.PlayModeTests.SampleSceneP0PlayModeTests.P0_EquipmentPointerFlowOpensPreviewsConfirmsUnequipsAndReturnsControl" methodname="P0_EquipmentPointerFlowOpensPreviewsConfirmsUnequipsAndReturnsControl" classname="ToilRelic.PlayModeTests.SampleSceneP0PlayModeTests" runstate="Runnable" seed="1452532050" result="Passed" start-time="2026-08-05 04:34:15Z" end-time="2026-08-05 04:34:15Z" duration="0.200779" asserts="0">
              <properties>
                <property name="_JOINTYPE" value="UnityCombinatorial" />
                <property name="Category" value="PlayModeActionContracts" />
                <property name="retryIteration" value="0" />
                <property name="repeatIteration" value="0" />
              </properties>
            </test-case>
            <test-case id="1017" name="P0_EquipmentSceneWiresDedicatedCampLocalPanelAndFixedActions" fullname="ToilRelic.PlayModeTests.SampleSceneP0PlayModeTests.P0_EquipmentSceneWiresDedicatedCampLocalPanelAndFixedActions" methodname="P0_EquipmentSceneWiresDedicatedCampLocalPanelAndFixedActions" classname="ToilRelic.PlayModeTests.SampleSceneP0PlayModeTests" runstate="Runnable" seed="1746023242" result="Passed" start-time="2026-08-05 04:34:15Z" end-time="2026-08-05 04:34:15Z" duration="0.175874" asserts="0">
              <properties>
                <property name="_JOINTYPE" value="UnityCombinatorial" />
                <property name="Category" value="PlayModeActionContracts" />
                <property name="retryIteration" value="0" />
                <property name="repeatIteration" value="0" />
              </properties>
            </test-case>
            <test-case id="1020" name="P0_EquipmentSlotNavigationKeepsFinalRowVisibleAndReopenResetsScroll" fullname="ToilRelic.PlayModeTests.SampleSceneP0PlayModeTests.P0_EquipmentSlotNavigationKeepsFinalRowVisibleAndReopenResetsScroll" methodname="P0_EquipmentSlotNavigationKeepsFinalRowVisibleAndReopenResetsScroll" classname="ToilRelic.PlayModeTests.SampleSceneP0PlayModeTests" runstate="Runnable" seed="71228999" result="Passed" start-time="2026-08-05 04:34:15Z" end-time="2026-08-05 04:34:15Z" duration="0.183098" asserts="0">
              <properties>
                <property name="_JOINTYPE" value="UnityCombinatorial" />
                <property name="Category" value="PlayModeActionContracts" />
                <property name="retryIteration" value="0" />
                <property name="repeatIteration" value="0" />
              </properties>
            </test-case>
            <test-case id="1062" name="P0_EquipSaveFailureRemainsVisible" fullname="ToilRelic.PlayModeTests.SampleSceneP0PlayModeTests.P0_EquipSaveFailureRemainsVisible" methodname="P0_EquipSaveFailureRemainsVisible" classname="ToilRelic.PlayModeTests.SampleSceneP0PlayModeTests" runstate="Runnable" seed="1086111395" result="Passed" start-time="2026-08-05 04:34:15Z" end-time="2026-08-05 04:34:15Z" duration="0.173099" asserts="0">
              <properties>
                <property name="_JOINTYPE" value="UnityCombinatorial" />
                <property name="retryIteration" value="0" />
                <property name="repeatIteration" value="0" />
              </properties>
              <output><![CDATA[Save write failed. System.IO.DirectoryNotFoundException: Could not find a part of the path "C:\Users\User\AppData\Local\Temp\DefaultCompany\_unity-bootstrap\51739d10-0cf9-4d46-8129-faa25215feca\toil_relic_save.json".
  at System.IO.FileStream..ctor (System.String path, System.IO.FileMode mode, System.IO.FileAccess access, System.IO.FileShare share, System.Int32 bufferSize, System.Boolean anonymous, System.IO.FileOptions options) [0x00164] in <41d29b352f6a475ab1bf7c6628b82790>:0 
  at System.IO.FileStream..ctor (System.String path, System.IO.FileMode mode, System.IO.FileAccess access, System.IO.FileShare share, System.Int32 bufferSize, System.IO.FileOptions options) [0x00000] in <41d29b352f6a475ab1bf7c6628b82790>:0 
  at (wrapper remoting-invoke-with-check) System.IO.FileStream..ctor(string,System.IO.FileMode,System.IO.FileAccess,System.IO.FileShare,int,System.IO.FileOptions)
  at System.IO.StreamWriter..ctor (System.String path, System.Boolean append, System.Text.Encoding encoding, System.Int32 bufferSize) [0x00055] in <41d29b352f6a475ab1bf7c6628b82790>:0 
  at System.IO.StreamWriter..ctor (System.String path) [0x00008] in <41d29b352f6a475ab1bf7c6628b82790>:0 
  at (wrapper remoting-invoke-with-check) System.IO.StreamWriter..ctor(string)
  at System.IO.File.WriteAllText (System.String path, System.String contents) [0x00026] in <41d29b352f6a475ab1bf7c6628b82790>:0 
  at ToilRelic.Unity.Save.SaveService.Save (ToilRelic.Unity.Core.PlayerState player) [0x0001a] in C:\Toil-Relic-main\unity\Assets\Scripts\Save\SaveService.cs:78 
]]></output>
            </test-case>
            <test-case id="1042" name="P0_FleeButtonFailureKeepsEncounterAndReturnsControl" fullname="ToilRelic.PlayModeTests.SampleSceneP0PlayModeTests.P0_FleeButtonFailureKeepsEncounterAndReturnsControl" methodname="P0_FleeButtonFailureKeepsEncounterAndReturnsControl" classname="ToilRelic.PlayModeTests.SampleSceneP0PlayModeTests" runstate="Runnable" seed="1089305364" result="Passed" start-time="2026-08-05 04:34:15Z" end-time="2026-08-05 04:34:15Z" duration="0.176128" asserts="0">
              <properties>
                <property name="_JOINTYPE" value="UnityCombinatorial" />
                <property name="Category" value="PlayModeActionContracts" />
                <property name="retryIteration" value="0" />
                <property name="repeatIteration" value="0" />
              </properties>
            </test-case>
            <test-case id="1021" name="P0_GameActionBridgeReferencesGameManager" fullname="ToilRelic.PlayModeTests.SampleSceneP0PlayModeTests.P0_GameActionBridgeReferencesGameManager" methodname="P0_GameActionBridgeReferencesGameManager" classname="ToilRelic.PlayModeTests.SampleSceneP0PlayModeTests" runstate="Runnable" seed="116658193" result="Passed" start-time="2026-08-05 04:34:15Z" end-time="2026-08-05 04:34:16Z" duration="0.181162" asserts="0">
              <properties>
                <property name="_JOINTYPE" value="UnityCombinatorial" />
                <property name="retryIteration" value="0" />
                <property name="repeatIteration" value="0" />
              </properties>
            </test-case>
            <test-case id="1003" name="P0_GameManagerHasEnemyAndDropTable" fullname="ToilRelic.PlayModeTests.SampleSceneP0PlayModeTests.P0_GameManagerHasEnemyAndDropTable" methodname="P0_GameManagerHasEnemyAndDropTable" classname="ToilRelic.PlayModeTests.SampleSceneP0PlayModeTests" runstate="Runnable" seed="1298476986" result="Passed" start-time="2026-08-05 04:34:16Z" end-time="2026-08-05 04:34:16Z" duration="0.174275" asserts="0">
              <properties>
                <property name="_JOINTYPE" value="UnityCombinatorial" />
                <property name="retryIteration" value="0" />
                <property name="repeatIteration" value="0" />
              </properties>
            </test-case>
            <test-case id="1052" name="P0_HudAndStatusMeetCompactTypographyContracts" fullname="ToilRelic.PlayModeTests.SampleSceneP0PlayModeTests.P0_HudAndStatusMeetCompactTypographyContracts" methodname="P0_HudAndStatusMeetCompactTypographyContracts" classname="ToilRelic.PlayModeTests.SampleSceneP0PlayModeTests" runstate="Runnable" seed="1054943784" result="Passed" start-time="2026-08-05 04:34:16Z" end-time="2026-08-05 04:34:16Z" duration="0.182024" asserts="0">
              <properties>
                <property name="_JOINTYPE" value="UnityCombinatorial" />
                <property name="retryIteration" value="0" />
                <property name="repeatIteration" value="0" />
              </properties>
            </test-case>
            <test-case id="1043" name="P0_HudIsWiredAndDisplaysPlayerState" fullname="ToilRelic.PlayModeTests.SampleSceneP0PlayModeTests.P0_HudIsWiredAndDisplaysPlayerState" methodname="P0_HudIsWiredAndDisplaysPlayerState" classname="ToilRelic.PlayModeTests.SampleSceneP0PlayModeTests" runstate="Runnable" seed="1211303165" result="Passed" start-time="2026-08-05 04:34:16Z" end-time="2026-08-05 04:34:16Z" duration="0.179614" asserts="0">
              <properties>
                <property name="_JOINTYPE" value="UnityCombinatorial" />
                <property name="retryIteration" value="0" />
                <property name="repeatIteration" value="0" />
              </properties>
            </test-case>
            <test-case id="1044" name="P0_HudRefreshesWhenPlayerStateChanges" fullname="ToilRelic.PlayModeTests.SampleSceneP0PlayModeTests.P0_HudRefreshesWhenPlayerStateChanges" methodname="P0_HudRefreshesWhenPlayerStateChanges" classname="ToilRelic.PlayModeTests.SampleSceneP0PlayModeTests" runstate="Runnable" seed="2014398076" result="Passed" start-time="2026-08-05 04:34:16Z" end-time="2026-08-05 04:34:16Z" duration="0.183205" asserts="0">
              <properties>
                <property name="_JOINTYPE" value="UnityCombinatorial" />
                <property name="retryIteration" value="0" />
                <property name="repeatIteration" value="0" />
              </properties>
            </test-case>
            <test-case id="1024" name="P0_InitialEntryShowsTitleAndMatchesContinueAvailability" fullname="ToilRelic.PlayModeTests.SampleSceneP0PlayModeTests.P0_InitialEntryShowsTitleAndMatchesContinueAvailability" methodname="P0_InitialEntryShowsTitleAndMatchesContinueAvailability" classname="ToilRelic.PlayModeTests.SampleSceneP0PlayModeTests" runstate="Runnable" seed="1422480655" result="Passed" start-time="2026-08-05 04:34:16Z" end-time="2026-08-05 04:34:17Z" duration="0.229085" asserts="0">
              <properties>
                <property name="_JOINTYPE" value="UnityCombinatorial" />
                <property name="retryIteration" value="0" />
                <property name="repeatIteration" value="0" />
              </properties>
            </test-case>
            <test-case id="1026" name="P0_LegacySaveWithoutEquipmentFieldsLoadsAndNormalizes" fullname="ToilRelic.PlayModeTests.SampleSceneP0PlayModeTests.P0_LegacySaveWithoutEquipmentFieldsLoadsAndNormalizes" methodname="P0_LegacySaveWithoutEquipmentFieldsLoadsAndNormalizes" classname="ToilRelic.PlayModeTests.SampleSceneP0PlayModeTests" runstate="Runnable" seed="1769689439" result="Passed" start-time="2026-08-05 04:34:17Z" end-time="2026-08-05 04:34:17Z" duration="0.475554" asserts="0">
              <properties>
                <property name="_JOINTYPE" value="UnityCombinatorial" />
                <property name="retryIteration" value="0" />
                <property name="repeatIteration" value="0" />
              </properties>
            </test-case>
            <test-case id="1036" name="P0_NewGameButtonReplacesValidFixtureSave" fullname="ToilRelic.PlayModeTests.SampleSceneP0PlayModeTests.P0_NewGameButtonReplacesValidFixtureSave" methodname="P0_NewGameButtonReplacesValidFixtureSave" classname="ToilRelic.PlayModeTests.SampleSceneP0PlayModeTests" runstate="Runnable" seed="1406807553" result="Passed" start-time="2026-08-05 04:34:17Z" end-time="2026-08-05 04:34:18Z" duration="0.448894" asserts="0">
              <properties>
                <property name="_JOINTYPE" value="UnityCombinatorial" />
                <property name="Category" value="PlayModeActionContracts" />
                <property name="retryIteration" value="0" />
                <property name="repeatIteration" value="0" />
              </properties>
            </test-case>
            <test-case id="1031" name="P0_PartialCurrentSaveDisablesContinueWithoutChangingBytes" fullname="ToilRelic.PlayModeTests.SampleSceneP0PlayModeTests.P0_PartialCurrentSaveDisablesContinueWithoutChangingBytes" methodname="P0_PartialCurrentSaveDisablesContinueWithoutChangingBytes" classname="ToilRelic.PlayModeTests.SampleSceneP0PlayModeTests" runstate="Runnable" seed="314946062" result="Passed" start-time="2026-08-05 04:34:18Z" end-time="2026-08-05 04:34:18Z" duration="0.365709" asserts="0">
              <properties>
                <property name="_JOINTYPE" value="UnityCombinatorial" />
                <property name="retryIteration" value="0" />
                <property name="repeatIteration" value="0" />
              </properties>
              <output><![CDATA[Save load failed. The save did not contain all required player fields.
]]></output>
            </test-case>
            <test-case id="1040" name="P0_PotionButtonAtFullHpPreservesPotionAndControl" fullname="ToilRelic.PlayModeTests.SampleSceneP0PlayModeTests.P0_PotionButtonAtFullHpPreservesPotionAndControl" methodname="P0_PotionButtonAtFullHpPreservesPotionAndControl" classname="ToilRelic.PlayModeTests.SampleSceneP0PlayModeTests" runstate="Runnable" seed="279541380" result="Passed" start-time="2026-08-05 04:34:18Z" end-time="2026-08-05 04:34:18Z" duration="0.166422" asserts="0">
              <properties>
                <property name="_JOINTYPE" value="UnityCombinatorial" />
                <property name="Category" value="PlayModeActionContracts" />
                <property name="retryIteration" value="0" />
                <property name="repeatIteration" value="0" />
              </properties>
            </test-case>
            <test-case id="1039" name="P0_PotionButtonConsumesPotionAndCompletesEnemyResponse" fullname="ToilRelic.PlayModeTests.SampleSceneP0PlayModeTests.P0_PotionButtonConsumesPotionAndCompletesEnemyResponse" methodname="P0_PotionButtonConsumesPotionAndCompletesEnemyResponse" classname="ToilRelic.PlayModeTests.SampleSceneP0PlayModeTests" runstate="Runnable" seed="917662625" result="Passed" start-time="2026-08-05 04:34:18Z" end-time="2026-08-05 04:34:18Z" duration="0.189025" asserts="0">
              <properties>
                <property name="_JOINTYPE" value="UnityCombinatorial" />
                <property name="Category" value="PlayModeActionContracts" />
                <property name="retryIteration" value="0" />
                <property name="repeatIteration" value="0" />
              </properties>
            </test-case>
            <test-case id="1035" name="P0_ReplacementFailureKeepsUnreadableTitleState" fullname="ToilRelic.PlayModeTests.SampleSceneP0PlayModeTests.P0_ReplacementFailureKeepsUnreadableTitleState" methodname="P0_ReplacementFailureKeepsUnreadableTitleState" classname="ToilRelic.PlayModeTests.SampleSceneP0PlayModeTests" runstate="Runnable" seed="1607648437" result="Passed" start-time="2026-08-05 04:34:18Z" end-time="2026-08-05 04:34:19Z" duration="0.374203" asserts="0">
              <properties>
                <property name="_JOINTYPE" value="UnityCombinatorial" />
                <property name="retryIteration" value="0" />
                <property name="repeatIteration" value="0" />
              </properties>
              <output><![CDATA[Save load failed. System.IO.IOException: Sharing violation on path C:\Users\User\AppData\Local\Temp\toil-relic-unity-tests-9095f0735652429a939ad53ad128a2b3\toil_relic_save.json
  at System.IO.FileStream..ctor (System.String path, System.IO.FileMode mode, System.IO.FileAccess access, System.IO.FileShare share, System.Int32 bufferSize, System.Boolean anonymous, System.IO.FileOptions options) [0x0019e] in <41d29b352f6a475ab1bf7c6628b82790>:0 
  at System.IO.FileStream..ctor (System.String path, System.IO.FileMode mode, System.IO.FileAccess access, System.IO.FileShare share, System.Int32 bufferSize, System.IO.FileOptions options) [0x00000] in <41d29b352f6a475ab1bf7c6628b82790>:0 
  at (wrapper remoting-invoke-with-check) System.IO.FileStream..ctor(string,System.IO.FileMode,System.IO.FileAccess,System.IO.FileShare,int,System.IO.FileOptions)
  at System.IO.StreamReader..ctor (System.String path, System.Text.Encoding encoding, System.Boolean detectEncodingFromByteOrderMarks, System.Int32 bufferSize) [0x00055] in <41d29b352f6a475ab1bf7c6628b82790>:0 
  at System.IO.StreamReader..ctor (System.String path, System.Text.Encoding encoding, System.Boolean detectEncodingFromByteOrderMarks) [0x00000] in <41d29b352f6a475ab1bf7c6628b82790>:0 
  at (wrapper remoting-invoke-with-check) System.IO.StreamReader..ctor(string,System.Text.Encoding,bool)
  at System.IO.File.InternalReadAllText (System.String path, System.Text.Encoding encoding) [0x00000] in <41d29b352f6a475ab1bf7c6628b82790>:0 
  at System.IO.File.ReadAllText (System.String path) [0x0002c] in <41d29b352f6a475ab1bf7c6628b82790>:0 
  at ToilRelic.Unity.Save.SaveService.Load () [0x00000] in C:\Toil-Relic-main\unity\Assets\Scripts\Save\SaveService.cs:91 
Save delete failed. System.IO.IOException: The process cannot access the file 'C:\Users\User\AppData\Local\Temp\toil-relic-unity-tests-9095f0735652429a939ad53ad128a2b3\toil_relic_save.json' because it is being used by another process.
  at System.IO.FileSystem.DeleteFile (System.String fullPath) [0x0001a] in <41d29b352f6a475ab1bf7c6628b82790>:0 
  at System.IO.File.Delete (System.String path) [0x00014] in <41d29b352f6a475ab1bf7c6628b82790>:0 
  at ToilRelic.Unity.Save.SaveService.Delete () [0x00000] in C:\Toil-Relic-main\unity\Assets\Scripts\Save\SaveService.cs:63 
]]></output>
            </test-case>
            <test-case id="1061" name="P0_RestSaveFailureRemainsVisible" fullname="ToilRelic.PlayModeTests.SampleSceneP0PlayModeTests.P0_RestSaveFailureRemainsVisible" methodname="P0_RestSaveFailureRemainsVisible" classname="ToilRelic.PlayModeTests.SampleSceneP0PlayModeTests" runstate="Runnable" seed="2103150267" result="Passed" start-time="2026-08-05 04:34:19Z" end-time="2026-08-05 04:34:19Z" duration="0.193479" asserts="0">
              <properties>
                <property name="_JOINTYPE" value="UnityCombinatorial" />
                <property name="retryIteration" value="0" />
                <property name="repeatIteration" value="0" />
              </properties>
              <output><![CDATA[Save write failed. System.IO.DirectoryNotFoundException: Could not find a part of the path "C:\Users\User\AppData\Local\Temp\DefaultCompany\_unity-bootstrap\c423fb45-ee4a-48e3-9d17-0cd16c629dcf\toil_relic_save.json".
  at System.IO.FileStream..ctor (System.String path, System.IO.FileMode mode, System.IO.FileAccess access, System.IO.FileShare share, System.Int32 bufferSize, System.Boolean anonymous, System.IO.FileOptions options) [0x00164] in <41d29b352f6a475ab1bf7c6628b82790>:0 
  at System.IO.FileStream..ctor (System.String path, System.IO.FileMode mode, System.IO.FileAccess access, System.IO.FileShare share, System.Int32 bufferSize, System.IO.FileOptions options) [0x00000] in <41d29b352f6a475ab1bf7c6628b82790>:0 
  at (wrapper remoting-invoke-with-check) System.IO.FileStream..ctor(string,System.IO.FileMode,System.IO.FileAccess,System.IO.FileShare,int,System.IO.FileOptions)
  at System.IO.StreamWriter..ctor (System.String path, System.Boolean append, System.Text.Encoding encoding, System.Int32 bufferSize) [0x00055] in <41d29b352f6a475ab1bf7c6628b82790>:0 
  at System.IO.StreamWriter..ctor (System.String path) [0x00008] in <41d29b352f6a475ab1bf7c6628b82790>:0 
  at (wrapper remoting-invoke-with-check) System.IO.StreamWriter..ctor(string)
  at System.IO.File.WriteAllText (System.String path, System.String contents) [0x00026] in <41d29b352f6a475ab1bf7c6628b82790>:0 
  at ToilRelic.Unity.Save.SaveService.Save (ToilRelic.Unity.Core.PlayerState player) [0x0001a] in C:\Toil-Relic-main\unity\Assets\Scripts\Save\SaveService.cs:78 
]]></output>
            </test-case>
            <test-case id="1060" name="P0_SaveFailurePreservesTerminalOutcome" fullname="ToilRelic.PlayModeTests.SampleSceneP0PlayModeTests.P0_SaveFailurePreservesTerminalOutcome" methodname="P0_SaveFailurePreservesTerminalOutcome" classname="ToilRelic.PlayModeTests.SampleSceneP0PlayModeTests" runstate="Runnable" seed="910285243" result="Passed" start-time="2026-08-05 04:34:19Z" end-time="2026-08-05 04:34:19Z" duration="0.180811" asserts="0">
              <properties>
                <property name="_JOINTYPE" value="UnityCombinatorial" />
                <property name="retryIteration" value="0" />
                <property name="repeatIteration" value="0" />
              </properties>
              <output><![CDATA[Save write failed. System.IO.DirectoryNotFoundException: Could not find a part of the path "C:\Users\User\AppData\Local\Temp\DefaultCompany\_unity-bootstrap\f103652f-a347-4b9c-be85-cffc96c4093d\toil_relic_save.json".
  at System.IO.FileStream..ctor (System.String path, System.IO.FileMode mode, System.IO.FileAccess access, System.IO.FileShare share, System.Int32 bufferSize, System.Boolean anonymous, System.IO.FileOptions options) [0x00164] in <41d29b352f6a475ab1bf7c6628b82790>:0 
  at System.IO.FileStream..ctor (System.String path, System.IO.FileMode mode, System.IO.FileAccess access, System.IO.FileShare share, System.Int32 bufferSize, System.IO.FileOptions options) [0x00000] in <41d29b352f6a475ab1bf7c6628b82790>:0 
  at (wrapper remoting-invoke-with-check) System.IO.FileStream..ctor(string,System.IO.FileMode,System.IO.FileAccess,System.IO.FileShare,int,System.IO.FileOptions)
  at System.IO.StreamWriter..ctor (System.String path, System.Boolean append, System.Text.Encoding encoding, System.Int32 bufferSize) [0x00055] in <41d29b352f6a475ab1bf7c6628b82790>:0 
  at System.IO.StreamWriter..ctor (System.String path) [0x00008] in <41d29b352f6a475ab1bf7c6628b82790>:0 
  at (wrapper remoting-invoke-with-check) System.IO.StreamWriter..ctor(string)
  at System.IO.File.WriteAllText (System.String path, System.String contents) [0x00026] in <41d29b352f6a475ab1bf7c6628b82790>:0 
  at ToilRelic.Unity.Save.SaveService.Save (ToilRelic.Unity.Core.PlayerState player) [0x0001a] in C:\Toil-Relic-main\unity\Assets\Scripts\Save\SaveService.cs:78 
]]></output>
            </test-case>
            <test-case id="1055" name="P0_SaveFeedbackPersistsFailureAndClearsContextualSuccess" fullname="ToilRelic.PlayModeTests.SampleSceneP0PlayModeTests.P0_SaveFeedbackPersistsFailureAndClearsContextualSuccess" methodname="P0_SaveFeedbackPersistsFailureAndClearsContextualSuccess" classname="ToilRelic.PlayModeTests.SampleSceneP0PlayModeTests" runstate="Runnable" seed="1762931274" result="Passed" start-time="2026-08-05 04:34:19Z" end-time="2026-08-05 04:34:19Z" duration="0.172372" asserts="0">
              <properties>
                <property name="_JOINTYPE" value="UnityCombinatorial" />
                <property name="retryIteration" value="0" />
                <property name="repeatIteration" value="0" />
              </properties>
            </test-case>
            <test-case id="1002" name="P0_SceneHasGameManager" fullname="ToilRelic.PlayModeTests.SampleSceneP0PlayModeTests.P0_SceneHasGameManager" methodname="P0_SceneHasGameManager" classname="ToilRelic.PlayModeTests.SampleSceneP0PlayModeTests" runstate="Runnable" seed="1360301410" result="Passed" start-time="2026-08-05 04:34:19Z" end-time="2026-08-05 04:34:19Z" duration="0.173998" asserts="0">
              <properties>
                <property name="_JOINTYPE" value="UnityCombinatorial" />
                <property name="retryIteration" value="0" />
                <property name="repeatIteration" value="0" />
              </properties>
            </test-case>
            <test-case id="1004" name="P0_SceneHasUiActionBridge" fullname="ToilRelic.PlayModeTests.SampleSceneP0PlayModeTests.P0_SceneHasUiActionBridge" methodname="P0_SceneHasUiActionBridge" classname="ToilRelic.PlayModeTests.SampleSceneP0PlayModeTests" runstate="Runnable" seed="1303002414" result="Passed" start-time="2026-08-05 04:34:19Z" end-time="2026-08-05 04:34:20Z" duration="0.174036" asserts="0">
              <properties>
                <property name="_JOINTYPE" value="UnityCombinatorial" />
                <property name="retryIteration" value="0" />
                <property name="repeatIteration" value="0" />
              </properties>
            </test-case>
            <test-case id="1053" name="P0_StatusFitsThreeLogicalMessagesAtReadableSize" fullname="ToilRelic.PlayModeTests.SampleSceneP0PlayModeTests.P0_StatusFitsThreeLogicalMessagesAtReadableSize" methodname="P0_StatusFitsThreeLogicalMessagesAtReadableSize" classname="ToilRelic.PlayModeTests.SampleSceneP0PlayModeTests" runstate="Runnable" seed="2124375339" result="Passed" start-time="2026-08-05 04:34:20Z" end-time="2026-08-05 04:34:20Z" duration="0.173440" asserts="0">
              <properties>
                <property name="_JOINTYPE" value="UnityCombinatorial" />
                <property name="retryIteration" value="0" />
                <property name="repeatIteration" value="0" />
              </properties>
            </test-case>
            <test-case id="1033" name="P0_StructurallyInvalidSaveDisablesContinueWithoutChangingBytes" fullname="ToilRelic.PlayModeTests.SampleSceneP0PlayModeTests.P0_StructurallyInvalidSaveDisablesContinueWithoutChangingBytes" methodname="P0_StructurallyInvalidSaveDisablesContinueWithoutChangingBytes" classname="ToilRelic.PlayModeTests.SampleSceneP0PlayModeTests" runstate="Runnable" seed="623516909" result="Passed" start-time="2026-08-05 04:34:20Z" end-time="2026-08-05 04:34:20Z" duration="0.394059" asserts="0">
              <properties>
                <property name="_JOINTYPE" value="UnityCombinatorial" />
                <property name="retryIteration" value="0" />
                <property name="repeatIteration" value="0" />
              </properties>
              <output><![CDATA[Save load failed. The save did not contain all required player fields.
]]></output>
            </test-case>
            <test-case id="1064" name="P0_SuccessfulFleeReturnsToCampWithVisibleOutcome" fullname="ToilRelic.PlayModeTests.SampleSceneP0PlayModeTests.P0_SuccessfulFleeReturnsToCampWithVisibleOutcome" methodname="P0_SuccessfulFleeReturnsToCampWithVisibleOutcome" classname="ToilRelic.PlayModeTests.SampleSceneP0PlayModeTests" runstate="Runnable" seed="15468804" result="Passed" start-time="2026-08-05 04:34:20Z" end-time="2026-08-05 04:34:20Z" duration="0.199329" asserts="0">
              <properties>
                <property name="_JOINTYPE" value="UnityCombinatorial" />
                <property name="retryIteration" value="0" />
                <property name="repeatIteration" value="0" />
              </properties>
            </test-case>
            <test-case id="1056" name="P0_TerminalFailurePreservesOutcomeAndLevelUp" fullname="ToilRelic.PlayModeTests.SampleSceneP0PlayModeTests.P0_TerminalFailurePreservesOutcomeAndLevelUp" methodname="P0_TerminalFailurePreservesOutcomeAndLevelUp" classname="ToilRelic.PlayModeTests.SampleSceneP0PlayModeTests" runstate="Runnable" seed="6080200" result="Passed" start-time="2026-08-05 04:34:20Z" end-time="2026-08-05 04:34:20Z" duration="0.186494" asserts="0">
              <properties>
                <property name="_JOINTYPE" value="UnityCombinatorial" />
                <property name="retryIteration" value="0" />
                <property name="repeatIteration" value="0" />
              </properties>
            </test-case>
            <test-case id="1049" name="P0_TitleAndCampButtonsKeepAccessibleGeometry" fullname="ToilRelic.PlayModeTests.SampleSceneP0PlayModeTests.P0_TitleAndCampButtonsKeepAccessibleGeometry" methodname="P0_TitleAndCampButtonsKeepAccessibleGeometry" classname="ToilRelic.PlayModeTests.SampleSceneP0PlayModeTests" runstate="Runnable" seed="1028949999" result="Passed" start-time="2026-08-05 04:34:20Z" end-time="2026-08-05 04:34:21Z" duration="0.197568" asserts="0">
              <properties>
                <property name="_JOINTYPE" value="UnityCombinatorial" />
                <property name="retryIteration" value="0" />
                <property name="repeatIteration" value="0" />
              </properties>
            </test-case>
            <test-case id="1045" name="P0_TitleAndCampLayoutsUseDistinctActionGeometryBelowTopRegions" fullname="ToilRelic.PlayModeTests.SampleSceneP0PlayModeTests.P0_TitleAndCampLayoutsUseDistinctActionGeometryBelowTopRegions" methodname="P0_TitleAndCampLayoutsUseDistinctActionGeometryBelowTopRegions" classname="ToilRelic.PlayModeTests.SampleSceneP0PlayModeTests" runstate="Runnable" seed="112900209" result="Passed" start-time="2026-08-05 04:34:21Z" end-time="2026-08-05 04:34:21Z" duration="0.194735" asserts="0">
              <properties>
                <property name="_JOINTYPE" value="UnityCombinatorial" />
                <property name="retryIteration" value="0" />
                <property name="repeatIteration" value="0" />
              </properties>
            </test-case>
            <test-case id="1023" name="P0_TitleMenuBindsContinueAndNewGame" fullname="ToilRelic.PlayModeTests.SampleSceneP0PlayModeTests.P0_TitleMenuBindsContinueAndNewGame" methodname="P0_TitleMenuBindsContinueAndNewGame" classname="ToilRelic.PlayModeTests.SampleSceneP0PlayModeTests" runstate="Runnable" seed="51409359" result="Passed" start-time="2026-08-05 04:34:21Z" end-time="2026-08-05 04:34:21Z" duration="0.177022" asserts="0">
              <properties>
                <property name="_JOINTYPE" value="UnityCombinatorial" />
                <property name="retryIteration" value="0" />
                <property name="repeatIteration" value="0" />
              </properties>
            </test-case>
            <test-case id="1009" name="P0_UnequipCommandPersistsOptionalRemovalWithExactEventOrder" fullname="ToilRelic.PlayModeTests.SampleSceneP0PlayModeTests.P0_UnequipCommandPersistsOptionalRemovalWithExactEventOrder" methodname="P0_UnequipCommandPersistsOptionalRemovalWithExactEventOrder" classname="ToilRelic.PlayModeTests.SampleSceneP0PlayModeTests" runstate="Runnable" seed="1255701713" result="Passed" start-time="2026-08-05 04:34:21Z" end-time="2026-08-05 04:34:21Z" duration="0.175366" asserts="0">
              <properties>
                <property name="_JOINTYPE" value="UnityCombinatorial" />
                <property name="Category" value="PlayModeActionContracts" />
                <property name="retryIteration" value="0" />
                <property name="repeatIteration" value="0" />
              </properties>
            </test-case>
            <test-case id="1010" name="P0_UnequipCommandRejectsPrimaryAndEmptySlotsWithoutEventsOrSave" fullname="ToilRelic.PlayModeTests.SampleSceneP0PlayModeTests.P0_UnequipCommandRejectsPrimaryAndEmptySlotsWithoutEventsOrSave" methodname="P0_UnequipCommandRejectsPrimaryAndEmptySlotsWithoutEventsOrSave" classname="ToilRelic.PlayModeTests.SampleSceneP0PlayModeTests" runstate="Runnable" seed="1248848753" result="Passed" start-time="2026-08-05 04:34:21Z" end-time="2026-08-05 04:34:21Z" duration="0.168342" asserts="0">
              <properties>
                <property name="_JOINTYPE" value="UnityCombinatorial" />
                <property name="Category" value="PlayModeActionContracts" />
                <property name="retryIteration" value="0" />
                <property name="repeatIteration" value="0" />
              </properties>
            </test-case>
            <test-case id="1011" name="P0_UnequipSaveFailureKeepsRemovalAndSaveStatusLast" fullname="ToilRelic.PlayModeTests.SampleSceneP0PlayModeTests.P0_UnequipSaveFailureKeepsRemovalAndSaveStatusLast" methodname="P0_UnequipSaveFailureKeepsRemovalAndSaveStatusLast" classname="ToilRelic.PlayModeTests.SampleSceneP0PlayModeTests" runstate="Runnable" seed="942402437" result="Passed" start-time="2026-08-05 04:34:21Z" end-time="2026-08-05 04:34:22Z" duration="0.178811" asserts="0">
              <properties>
                <property name="_JOINTYPE" value="UnityCombinatorial" />
                <property name="Category" value="PlayModeActionContracts" />
                <property name="retryIteration" value="0" />
                <property name="repeatIteration" value="0" />
              </properties>
              <output><![CDATA[Save write failed. System.IO.DirectoryNotFoundException: Could not find a part of the path "C:\Users\User\AppData\Local\Temp\DefaultCompany\_unity-bootstrap\caab61e9-8bae-419c-b97c-fd12da0ac780\toil_relic_save.json".
  at System.IO.FileStream..ctor (System.String path, System.IO.FileMode mode, System.IO.FileAccess access, System.IO.FileShare share, System.Int32 bufferSize, System.Boolean anonymous, System.IO.FileOptions options) [0x00164] in <41d29b352f6a475ab1bf7c6628b82790>:0 
  at System.IO.FileStream..ctor (System.String path, System.IO.FileMode mode, System.IO.FileAccess access, System.IO.FileShare share, System.Int32 bufferSize, System.IO.FileOptions options) [0x00000] in <41d29b352f6a475ab1bf7c6628b82790>:0 
  at (wrapper remoting-invoke-with-check) System.IO.FileStream..ctor(string,System.IO.FileMode,System.IO.FileAccess,System.IO.FileShare,int,System.IO.FileOptions)
  at System.IO.StreamWriter..ctor (System.String path, System.Boolean append, System.Text.Encoding encoding, System.Int32 bufferSize) [0x00055] in <41d29b352f6a475ab1bf7c6628b82790>:0 
  at System.IO.StreamWriter..ctor (System.String path) [0x00008] in <41d29b352f6a475ab1bf7c6628b82790>:0 
  at (wrapper remoting-invoke-with-check) System.IO.StreamWriter..ctor(string)
  at System.IO.File.WriteAllText (System.String path, System.String contents) [0x00026] in <41d29b352f6a475ab1bf7c6628b82790>:0 
  at ToilRelic.Unity.Save.SaveService.Save (ToilRelic.Unity.Core.PlayerState player) [0x0001a] in C:\Toil-Relic-main\unity\Assets\Scripts\Save\SaveService.cs:78 
]]></output>
            </test-case>
            <test-case id="1032" name="P0_UnreadableSaveDisablesContinueWithoutChangingBytes" fullname="ToilRelic.PlayModeTests.SampleSceneP0PlayModeTests.P0_UnreadableSaveDisablesContinueWithoutChangingBytes" methodname="P0_UnreadableSaveDisablesContinueWithoutChangingBytes" classname="ToilRelic.PlayModeTests.SampleSceneP0PlayModeTests" runstate="Runnable" seed="1196088979" result="Passed" start-time="2026-08-05 04:34:22Z" end-time="2026-08-05 04:34:22Z" duration="0.387070" asserts="0">
              <properties>
                <property name="_JOINTYPE" value="UnityCombinatorial" />
                <property name="retryIteration" value="0" />
                <property name="repeatIteration" value="0" />
              </properties>
              <output><![CDATA[Save load failed. System.ArgumentException: JSON parse error: Missing a name for object member.
  at (wrapper managed-to-native) UnityEngine.JsonUtility.FromJsonInternal_Injected(UnityEngine.Bindings.ManagedSpanWrapper&,object,System.Type)
  at UnityEngine.JsonUtility.FromJsonInternal (System.String json, System.Object objectToOverwrite, System.Type type) [0x0002a] in <81b35c8cb1074810b3bf600c5ff1977e>:0 
  at UnityEngine.JsonUtility.FromJsonOverwrite (System.String json, System.Object objectToOverwrite) [0x00059] in <81b35c8cb1074810b3bf600c5ff1977e>:0 
  at ToilRelic.Unity.Save.SaveService.Load () [0x00010] in C:\Toil-Relic-main\unity\Assets\Scripts\Save\SaveService.cs:93 
]]></output>
            </test-case>
            <test-case id="1034" name="P0_UnsupportedSaveVersionDisablesContinueWithoutChangingBytes" fullname="ToilRelic.PlayModeTests.SampleSceneP0PlayModeTests.P0_UnsupportedSaveVersionDisablesContinueWithoutChangingBytes" methodname="P0_UnsupportedSaveVersionDisablesContinueWithoutChangingBytes" classname="ToilRelic.PlayModeTests.SampleSceneP0PlayModeTests" runstate="Runnable" seed="880335544" result="Passed" start-time="2026-08-05 04:34:22Z" end-time="2026-08-05 04:34:22Z" duration="0.362724" asserts="0">
              <properties>
                <property name="_JOINTYPE" value="UnityCombinatorial" />
                <property name="retryIteration" value="0" />
                <property name="repeatIteration" value="0" />
              </properties>
              <output><![CDATA[Save load failed. Unsupported save version: 999.
]]></output>
            </test-case>
            <test-case id="1025" name="P0_ValidSaveEnablesContinueAndLoadsCurrentFormat" fullname="ToilRelic.PlayModeTests.SampleSceneP0PlayModeTests.P0_ValidSaveEnablesContinueAndLoadsCurrentFormat" methodname="P0_ValidSaveEnablesContinueAndLoadsCurrentFormat" classname="ToilRelic.PlayModeTests.SampleSceneP0PlayModeTests" runstate="Runnable" seed="1306055396" result="Passed" start-time="2026-08-05 04:34:22Z" end-time="2026-08-05 04:34:23Z" duration="0.389569" asserts="0">
              <properties>
                <property name="_JOINTYPE" value="UnityCombinatorial" />
                <property name="retryIteration" value="0" />
                <property name="repeatIteration" value="0" />
              </properties>
            </test-case>
            <test-case id="1027" name="P0_VersionOneSaveWithoutEquipmentFieldsLoadsAndNormalizes" fullname="ToilRelic.PlayModeTests.SampleSceneP0PlayModeTests.P0_VersionOneSaveWithoutEquipmentFieldsLoadsAndNormalizes" methodname="P0_VersionOneSaveWithoutEquipmentFieldsLoadsAndNormalizes" classname="ToilRelic.PlayModeTests.SampleSceneP0PlayModeTests" runstate="Runnable" seed="730767112" result="Passed" start-time="2026-08-05 04:34:23Z" end-time="2026-08-05 04:34:23Z" duration="0.395318" asserts="0">
              <properties>
                <property name="_JOINTYPE" value="UnityCombinatorial" />
                <property name="retryIteration" value="0" />
                <property name="repeatIteration" value="0" />
              </properties>
            </test-case>
            <test-case id="1059" name="P0_VictoryReturnsToCampWithVisibleOutcome" fullname="ToilRelic.PlayModeTests.SampleSceneP0PlayModeTests.P0_VictoryReturnsToCampWithVisibleOutcome" methodname="P0_VictoryReturnsToCampWithVisibleOutcome" classname="ToilRelic.PlayModeTests.SampleSceneP0PlayModeTests" runstate="Runnable" seed="176263493" result="Passed" start-time="2026-08-05 04:34:23Z" end-time="2026-08-05 04:34:23Z" duration="0.194987" asserts="0">
              <properties>
                <property name="_JOINTYPE" value="UnityCombinatorial" />
                <property name="retryIteration" value="0" />
                <property name="repeatIteration" value="0" />
              </properties>
              <output><![CDATA[Saving results to: C:/Users/User/AppData/LocalLow/DefaultCompany/_unity-bootstrap\TestResults.xml
]]></output>
            </test-case>
          </test-suite>
        </test-suite>
      </test-suite>
    </test-suite>
  </test-suite>
</test-run>